Creating scope :without_statuses. Overwriting existing method CommitStatus.without_statuses.
An enum element in Ci::Runner uses the prefix 'not_'. This will cause a conflict with auto generated negative scopes.
Creating scope :with_api_entity_associations. Overwriting existing method Issue.with_api_entity_associations.
Creating scope :of_projects. Overwriting existing method MergeRequest.of_projects.
Creating scope :join_project. Overwriting existing method MergeRequest.join_project.
Creating scope :references_project. Overwriting existing method MergeRequest.references_project.
Creating scope :system. Overwriting existing method Note.system.
Creating scope :order_created_desc. Overwriting existing method Packages::Package.order_created_desc.
Creating scope :order_name_desc. Overwriting existing method Packages::Package.order_name_desc.
Raven 3.0.4 configured not to capture errors: DSN not set
Creating scope :without_statuses. Overwriting existing method CommitStatus.without_statuses.
An enum element in Ci::Runner uses the prefix 'not_'. This will cause a conflict with auto generated negative scopes.
Creating scope :without_statuses. Overwriting existing method CommitStatus.without_statuses.
Creating scope :with_api_entity_associations. Overwriting existing method Issue.with_api_entity_associations.
An enum element in Ci::Runner uses the prefix 'not_'. This will cause a conflict with auto generated negative scopes.
Creating scope :of_projects. Overwriting existing method MergeRequest.of_projects.
Creating scope :join_project. Overwriting existing method MergeRequest.join_project.
Creating scope :references_project. Overwriting existing method MergeRequest.references_project.
Creating scope :system. Overwriting existing method Note.system.
Creating scope :with_api_entity_associations. Overwriting existing method Issue.with_api_entity_associations.
Creating scope :of_projects. Overwriting existing method MergeRequest.of_projects.
Creating scope :join_project. Overwriting existing method MergeRequest.join_project.
Creating scope :references_project. Overwriting existing method MergeRequest.references_project.
Creating scope :system. Overwriting existing method Note.system.
Creating scope :order_created_desc. Overwriting existing method Packages::Package.order_created_desc.
Creating scope :order_name_desc. Overwriting existing method Packages::Package.order_name_desc.
Creating scope :order_created_desc. Overwriting existing method Packages::Package.order_created_desc.
Creating scope :order_name_desc. Overwriting existing method Packages::Package.order_name_desc.
Raven 3.0.4 configured not to capture errors: DSN not set
Raven 3.0.4 configured not to capture errors: DSN not set
Creating scope :order_name_asc. Overwriting existing method Member.order_name_asc.
Creating scope :order_name_desc. Overwriting existing method Member.order_name_desc.
Creating scope :order_name_asc. Overwriting existing method Label.order_name_asc.
Creating scope :order_name_desc. Overwriting existing method Label.order_name_desc.
Creating scope :open. Overwriting existing method AlertManagement::Alert.open.
Creating scope :without_statuses. Overwriting existing method Ci::Pipeline.without_statuses.
Creating scope :without_statuses. Overwriting existing method Ci::Pipeline.without_statuses.
Creating scope :without_statuses. Overwriting existing method Ci::Pipeline.without_statuses.
[ActiveJob] Enqueued ActionMailer::MailDeliveryJob (Job ID: 6ff3505a-afb3-462e-89e9-e04498d46ff8) to Sidekiq(mailers) with arguments: "Notify", "member_access_granted_email", "deliver_now", {:args=>["Group", 1]}
Creating scope :system. Overwriting existing method Gitlab::DatabaseImporters::CommonMetrics::PrometheusMetric.system.
Creating scope :open. Overwriting existing method AlertManagement::Alert.open.
Creating scope :open. Overwriting existing method AlertManagement::Alert.open.
Creating scope :order_name_asc. Overwriting existing method Label.order_name_asc.
Creating scope :order_name_desc. Overwriting existing method Label.order_name_desc.
Creating scope :order_name_asc. Overwriting existing method Label.order_name_asc.
Creating scope :order_name_desc. Overwriting existing method Label.order_name_desc.
Creating scope :without_statuses. Overwriting existing method Ci::Stage.without_statuses.
Creating scope :without_statuses. Overwriting existing method Ci::Stage.without_statuses.
Creating scope :created. Overwriting existing method Ci::Stage.created.
Creating scope :created. Overwriting existing method Ci::Stage.created.
Creating scope :pending. Overwriting existing method Ci::Stage.pending.
Creating scope :pending. Overwriting existing method Ci::Stage.pending.
Creating scope :running. Overwriting existing method Ci::Stage.running.
Creating scope :running. Overwriting existing method Ci::Stage.running.
Creating scope :success. Overwriting existing method Ci::Stage.success.
Creating scope :success. Overwriting existing method Ci::Stage.success.
Creating scope :failed. Overwriting existing method Ci::Stage.failed.
Creating scope :failed. Overwriting existing method Ci::Stage.failed.
Creating scope :canceled. Overwriting existing method Ci::Stage.canceled.
Creating scope :canceled. Overwriting existing method Ci::Stage.canceled.
Creating scope :skipped. Overwriting existing method Ci::Stage.skipped.
Creating scope :skipped. Overwriting existing method Ci::Stage.skipped.
Creating scope :manual. Overwriting existing method Ci::Stage.manual.
Creating scope :manual. Overwriting existing method Ci::Stage.manual.
Creating scope :scheduled. Overwriting existing method Ci::Stage.scheduled.
Creating scope :scheduled. Overwriting existing method Ci::Stage.scheduled.
Creating scope :preparing. Overwriting existing method Ci::Stage.preparing.
Creating scope :preparing. Overwriting existing method Ci::Stage.preparing.
Creating scope :waiting_for_resource. Overwriting existing method Ci::Stage.waiting_for_resource.
Creating scope :waiting_for_resource. Overwriting existing method Ci::Stage.waiting_for_resource.
Creating scope :open. Overwriting existing method ExternalPullRequest.open.
Creating scope :open. Overwriting existing method ExternalPullRequest.open.
Creating scope :order_name_asc. Overwriting existing method Member.order_name_asc.
Creating scope :order_name_desc. Overwriting existing method Member.order_name_desc.
Creating scope :order_name_asc. Overwriting existing method Member.order_name_asc.
Creating scope :order_name_desc. Overwriting existing method Member.order_name_desc.
Creating scope :system. Overwriting existing method PrometheusMetric.system.
Creating scope :system. Overwriting existing method PrometheusMetric.system.
Creating scope :system. Overwriting existing method Gitlab::DatabaseImporters::CommonMetrics::PrometheusMetric.system.
Creating scope :system. Overwriting existing method Gitlab::DatabaseImporters::CommonMetrics::PrometheusMetric.system.
[ActiveJob] [ActionMailer::MailDeliveryJob] [6ff3505a-afb3-462e-89e9-e04498d46ff8] Performing ActionMailer::MailDeliveryJob (Job ID: 6ff3505a-afb3-462e-89e9-e04498d46ff8) from Sidekiq(mailers) enqueued at 2020-10-03T21:40:59Z with arguments: "Notify", "member_access_granted_email", "deliver_now", {:args=>["Group", 1]}
Started GET "/" for  at 2020-10-04 03:11:23 +0530
[ActiveJob] [ActionMailer::MailDeliveryJob] [6ff3505a-afb3-462e-89e9-e04498d46ff8] Performed ActionMailer::MailDeliveryJob (Job ID: 6ff3505a-afb3-462e-89e9-e04498d46ff8) from Sidekiq(mailers) in 662.41ms
Creating scope :without_statuses. Overwriting existing method CommitStatus.without_statuses.
An enum element in Ci::Runner uses the prefix 'not_'. This will cause a conflict with auto generated negative scopes.
Creating scope :with_api_entity_associations. Overwriting existing method Issue.with_api_entity_associations.
Creating scope :of_projects. Overwriting existing method MergeRequest.of_projects.
Creating scope :join_project. Overwriting existing method MergeRequest.join_project.
Creating scope :references_project. Overwriting existing method MergeRequest.references_project.
Creating scope :system. Overwriting existing method Note.system.
Processing by RootController#index as HTML
Redirected to http://example.org/users/sign_in
Filter chain halted as :redirect_unlogged_user rendered or redirected
Completed 302 Found in 44ms (ActiveRecord: 12.3ms | Elasticsearch: 0.0ms | Allocations: 12796)
Creating scope :order_created_desc. Overwriting existing method Packages::Package.order_created_desc.
Creating scope :order_name_desc. Overwriting existing method Packages::Package.order_name_desc.
Raven 3.0.4 configured not to capture errors: DSN not set
Creating scope :without_statuses. Overwriting existing method CommitStatus.without_statuses.
An enum element in Ci::Runner uses the prefix 'not_'. This will cause a conflict with auto generated negative scopes.
Creating scope :with_api_entity_associations. Overwriting existing method Issue.with_api_entity_associations.
Creating scope :of_projects. Overwriting existing method MergeRequest.of_projects.
Creating scope :join_project. Overwriting existing method MergeRequest.join_project.
Creating scope :references_project. Overwriting existing method MergeRequest.references_project.
Creating scope :system. Overwriting existing method Note.system.
Creating scope :order_created_desc. Overwriting existing method Packages::Package.order_created_desc.
Creating scope :order_name_desc. Overwriting existing method Packages::Package.order_name_desc.
Raven 3.0.4 configured not to capture errors: DSN not set
Creating scope :without_statuses. Overwriting existing method CommitStatus.without_statuses.
An enum element in Ci::Runner uses the prefix 'not_'. This will cause a conflict with auto generated negative scopes.
Creating scope :with_api_entity_associations. Overwriting existing method Issue.with_api_entity_associations.
Creating scope :without_statuses. Overwriting existing method CommitStatus.without_statuses.
An enum element in Ci::Runner uses the prefix 'not_'. This will cause a conflict with auto generated negative scopes.
Creating scope :of_projects. Overwriting existing method MergeRequest.of_projects.
Creating scope :join_project. Overwriting existing method MergeRequest.join_project.
Creating scope :references_project. Overwriting existing method MergeRequest.references_project.
Creating scope :system. Overwriting existing method Note.system.
Creating scope :with_api_entity_associations. Overwriting existing method Issue.with_api_entity_associations.
Creating scope :of_projects. Overwriting existing method MergeRequest.of_projects.
Creating scope :join_project. Overwriting existing method MergeRequest.join_project.
Creating scope :references_project. Overwriting existing method MergeRequest.references_project.
Creating scope :system. Overwriting existing method Note.system.
Creating scope :order_created_desc. Overwriting existing method Packages::Package.order_created_desc.
Creating scope :order_name_desc. Overwriting existing method Packages::Package.order_name_desc.
Creating scope :order_created_desc. Overwriting existing method Packages::Package.order_created_desc.
Creating scope :order_name_desc. Overwriting existing method Packages::Package.order_name_desc.
Raven 3.0.4 configured not to capture errors: DSN not set
Raven 3.0.4 configured not to capture errors: DSN not set
Creating scope :without_statuses. Overwriting existing method Ci::Pipeline.without_statuses.
Creating scope :without_statuses. Overwriting existing method Ci::Pipeline.without_statuses.
Creating scope :open. Overwriting existing method AlertManagement::Alert.open.
Creating scope :open. Overwriting existing method AlertManagement::Alert.open.
Creating scope :order_name_asc. Overwriting existing method Label.order_name_asc.
Creating scope :order_name_desc. Overwriting existing method Label.order_name_desc.
Creating scope :order_name_asc. Overwriting existing method Label.order_name_asc.
Creating scope :order_name_desc. Overwriting existing method Label.order_name_desc.
Creating scope :without_statuses. Overwriting existing method Ci::Stage.without_statuses.
Creating scope :created. Overwriting existing method Ci::Stage.created.
Creating scope :pending. Overwriting existing method Ci::Stage.pending.
Creating scope :running. Overwriting existing method Ci::Stage.running.
Creating scope :success. Overwriting existing method Ci::Stage.success.
Creating scope :failed. Overwriting existing method Ci::Stage.failed.
Creating scope :canceled. Overwriting existing method Ci::Stage.canceled.
Creating scope :skipped. Overwriting existing method Ci::Stage.skipped.
Creating scope :manual. Overwriting existing method Ci::Stage.manual.
Creating scope :scheduled. Overwriting existing method Ci::Stage.scheduled.
Creating scope :preparing. Overwriting existing method Ci::Stage.preparing.
Creating scope :waiting_for_resource. Overwriting existing method Ci::Stage.waiting_for_resource.
Creating scope :without_statuses. Overwriting existing method Ci::Stage.without_statuses.
Creating scope :created. Overwriting existing method Ci::Stage.created.
Creating scope :pending. Overwriting existing method Ci::Stage.pending.
Creating scope :running. Overwriting existing method Ci::Stage.running.
Creating scope :success. Overwriting existing method Ci::Stage.success.
Creating scope :failed. Overwriting existing method Ci::Stage.failed.
Creating scope :canceled. Overwriting existing method Ci::Stage.canceled.
Creating scope :skipped. Overwriting existing method Ci::Stage.skipped.
Creating scope :manual. Overwriting existing method Ci::Stage.manual.
Creating scope :scheduled. Overwriting existing method Ci::Stage.scheduled.
Creating scope :preparing. Overwriting existing method Ci::Stage.preparing.
Creating scope :waiting_for_resource. Overwriting existing method Ci::Stage.waiting_for_resource.
Creating scope :open. Overwriting existing method ExternalPullRequest.open.
Creating scope :open. Overwriting existing method ExternalPullRequest.open.
Creating scope :order_name_asc. Overwriting existing method Member.order_name_asc.
Creating scope :order_name_desc. Overwriting existing method Member.order_name_desc.
Creating scope :order_name_asc. Overwriting existing method Member.order_name_asc.
Creating scope :order_name_desc. Overwriting existing method Member.order_name_desc.
Creating scope :system. Overwriting existing method PrometheusMetric.system.
Creating scope :system. Overwriting existing method PrometheusMetric.system.
Creating scope :system. Overwriting existing method Gitlab::DatabaseImporters::CommonMetrics::PrometheusMetric.system.
Creating scope :system. Overwriting existing method Gitlab::DatabaseImporters::CommonMetrics::PrometheusMetric.system.
Started GET "/" for  at 2020-10-04 03:12:51 +0530
Processing by RootController#index as HTML
Redirected to http://example.org/users/sign_in
Filter chain halted as :redirect_unlogged_user rendered or redirected
Completed 302 Found in 49ms (ActiveRecord: 14.1ms | Elasticsearch: 0.0ms | Allocations: 14160)
Started GET "/-/liveness" for 127.0.0.1 at 2020-10-04 03:14:20 +0530
Processing by HealthController#liveness as */*
Completed 200 OK in 1ms (Views: 0.4ms | ActiveRecord: 0.0ms | Elasticsearch: 0.0ms | Allocations: 314)
Started HEAD "/-/liveness" for 127.0.0.1 at 2020-10-04 03:14:20 +0530
Processing by HealthController#liveness as */*
Completed 200 OK in 4ms (Views: 0.4ms | ActiveRecord: 0.0ms | Elasticsearch: 0.0ms | Allocations: 306)
Started GET "/" for 172.18.0.1 at 2020-10-04 03:15:01 +0530
Processing by RootController#index as HTML
Redirected to http://localhost:10080/users/sign_in
Filter chain halted as :redirect_unlogged_user rendered or redirected
Completed 302 Found in 47ms (ActiveRecord: 11.1ms | Elasticsearch: 0.0ms | Allocations: 12769)
Started GET "/users/sign_in" for 172.18.0.1 at 2020-10-04 03:15:01 +0530
Processing by SessionsController#new as HTML
Redirected to http://localhost:10080/users/password/edit?reset_password_token=8zy_HCDLqHc1vVGrEnWK
Filter chain halted as :check_initial_setup rendered or redirected
Completed 302 Found in 312ms (ActiveRecord: 67.6ms | Elasticsearch: 0.0ms | Allocations: 46281)
Started GET "/users/password/edit?reset_password_token=[FILTERED]" for 172.18.0.1 at 2020-10-04 03:15:01 +0530
Processing by PasswordsController#edit as HTML
  Parameters: {"reset_password_token"=>"[FILTERED]"}
Completed 200 OK in 745ms (Views: 445.6ms | ActiveRecord: 68.9ms | Elasticsearch: 0.0ms | Allocations: 160245)
Started PUT "/users/password" for 172.18.0.1 at 2020-10-04 03:15:18 +0530
Processing by PasswordsController#update as HTML
  Parameters: {"utf8"=>"✓", "authenticity_token"=>"[FILTERED]", "user"=>{"reset_password_token"=>"[FILTERED]", "password"=>"[FILTERED]", "password_confirmation"=>"[FILTERED]"}}
Completed 200 OK in 469ms (Views: 175.9ms | ActiveRecord: 23.5ms | Elasticsearch: 0.0ms | Allocations: 56013)
Started GET "/users/sign_in?redirect_to_referer=yes" for 172.18.0.1 at 2020-10-04 03:15:23 +0530
Processing by SessionsController#new as HTML
  Parameters: {"redirect_to_referer"=>"yes"}
Redirected to http://localhost:10080/users/password/edit?reset_password_token=oSYdJ2943AfnVACA6BC_
Filter chain halted as :check_initial_setup rendered or redirected
Completed 302 Found in 31ms (ActiveRecord: 9.7ms | Elasticsearch: 0.0ms | Allocations: 9540)
Started GET "/users/password/edit?reset_password_token=[FILTERED]" for 172.18.0.1 at 2020-10-04 03:15:23 +0530
Processing by PasswordsController#edit as HTML
  Parameters: {"reset_password_token"=>"[FILTERED]"}
Completed 200 OK in 31ms (Views: 17.1ms | ActiveRecord: 1.1ms | Elasticsearch: 0.0ms | Allocations: 12614)
Started PUT "/users/password" for 172.18.0.1 at 2020-10-04 03:15:37 +0530
Processing by PasswordsController#update as HTML
  Parameters: {"utf8"=>"✓", "authenticity_token"=>"[FILTERED]", "user"=>{"reset_password_token"=>"[FILTERED]", "password"=>"[FILTERED]", "password_confirmation"=>"[FILTERED]"}}
[ActiveJob] Enqueued ActionMailer::MailDeliveryJob (Job ID: 8a3cfc82-e410-43cd-8d12-cf2a685b94bb) to Sidekiq(mailers) with arguments: "DeviseMailer", "password_change", "deliver_now", {:args=>[#<GlobalID:0x0000563a11da0fd8 @uri=#<URI::GID gid://gitlab/User/1>>]}
[ActiveJob] [ActionMailer::MailDeliveryJob] [8a3cfc82-e410-43cd-8d12-cf2a685b94bb] Performing ActionMailer::MailDeliveryJob (Job ID: 8a3cfc82-e410-43cd-8d12-cf2a685b94bb) from Sidekiq(mailers) enqueued at 2020-10-03T21:45:38Z with arguments: "DeviseMailer", "password_change", "deliver_now", {:args=>[#<GlobalID:0x00005650cb410768 @uri=#<URI::GID gid://gitlab/User/1>>]}
Redirected to http://localhost:10080/users/sign_in
Completed 302 Found in 571ms (ActiveRecord: 114.0ms | Elasticsearch: 0.0ms | Allocations: 63892)
Started GET "/users/sign_in" for 172.18.0.1 at 2020-10-04 03:15:38 +0530
Processing by SessionsController#new as HTML
Completed 200 OK in 110ms (Views: 87.8ms | ActiveRecord: 3.7ms | Elasticsearch: 0.0ms | Allocations: 66424)
[ActiveJob] [ActionMailer::MailDeliveryJob] [8a3cfc82-e410-43cd-8d12-cf2a685b94bb] Performed ActionMailer::MailDeliveryJob (Job ID: 8a3cfc82-e410-43cd-8d12-cf2a685b94bb) from Sidekiq(mailers) in 235.08ms
Creating scope :without_statuses. Overwriting existing method CommitStatus.without_statuses.
Creating scope :without_statuses. Overwriting existing method CommitStatus.without_statuses.
Creating scope :without_statuses. Overwriting existing method CommitStatus.without_statuses.
An enum element in Ci::Runner uses the prefix 'not_'. This will cause a conflict with auto generated negative scopes.
An enum element in Ci::Runner uses the prefix 'not_'. This will cause a conflict with auto generated negative scopes.
An enum element in Ci::Runner uses the prefix 'not_'. This will cause a conflict with auto generated negative scopes.
Creating scope :with_api_entity_associations. Overwriting existing method Issue.with_api_entity_associations.
Creating scope :with_api_entity_associations. Overwriting existing method Issue.with_api_entity_associations.
Creating scope :with_api_entity_associations. Overwriting existing method Issue.with_api_entity_associations.
Creating scope :of_projects. Overwriting existing method MergeRequest.of_projects.
Creating scope :join_project. Overwriting existing method MergeRequest.join_project.
Creating scope :references_project. Overwriting existing method MergeRequest.references_project.
Creating scope :of_projects. Overwriting existing method MergeRequest.of_projects.
Creating scope :join_project. Overwriting existing method MergeRequest.join_project.
Creating scope :references_project. Overwriting existing method MergeRequest.references_project.
Creating scope :system. Overwriting existing method Note.system.
Creating scope :system. Overwriting existing method Note.system.
Creating scope :of_projects. Overwriting existing method MergeRequest.of_projects.
Creating scope :join_project. Overwriting existing method MergeRequest.join_project.
Creating scope :references_project. Overwriting existing method MergeRequest.references_project.
Creating scope :system. Overwriting existing method Note.system.
Creating scope :order_created_desc. Overwriting existing method Packages::Package.order_created_desc.
Creating scope :order_name_desc. Overwriting existing method Packages::Package.order_name_desc.
Creating scope :order_created_desc. Overwriting existing method Packages::Package.order_created_desc.
Creating scope :order_name_desc. Overwriting existing method Packages::Package.order_name_desc.
Creating scope :order_created_desc. Overwriting existing method Packages::Package.order_created_desc.
Creating scope :order_name_desc. Overwriting existing method Packages::Package.order_name_desc.
Raven 3.0.4 configured not to capture errors: DSN not set
Raven 3.0.4 configured not to capture errors: DSN not set
Raven 3.0.4 configured not to capture errors: DSN not set
Creating scope :without_statuses. Overwriting existing method Ci::Pipeline.without_statuses.
Creating scope :without_statuses. Overwriting existing method Ci::Pipeline.without_statuses.
Creating scope :open. Overwriting existing method AlertManagement::Alert.open.
Creating scope :order_name_asc. Overwriting existing method Label.order_name_asc.
Creating scope :order_name_desc. Overwriting existing method Label.order_name_desc.
Creating scope :open. Overwriting existing method AlertManagement::Alert.open.
Creating scope :order_name_asc. Overwriting existing method Label.order_name_asc.
Creating scope :order_name_desc. Overwriting existing method Label.order_name_desc.
Creating scope :without_statuses. Overwriting existing method Ci::Stage.without_statuses.
Creating scope :created. Overwriting existing method Ci::Stage.created.
Creating scope :pending. Overwriting existing method Ci::Stage.pending.
Creating scope :running. Overwriting existing method Ci::Stage.running.
Creating scope :success. Overwriting existing method Ci::Stage.success.
Creating scope :failed. Overwriting existing method Ci::Stage.failed.
Creating scope :canceled. Overwriting existing method Ci::Stage.canceled.
Creating scope :skipped. Overwriting existing method Ci::Stage.skipped.
Creating scope :manual. Overwriting existing method Ci::Stage.manual.
Creating scope :scheduled. Overwriting existing method Ci::Stage.scheduled.
Creating scope :preparing. Overwriting existing method Ci::Stage.preparing.
Creating scope :waiting_for_resource. Overwriting existing method Ci::Stage.waiting_for_resource.
Creating scope :open. Overwriting existing method ExternalPullRequest.open.
Creating scope :order_name_asc. Overwriting existing method Member.order_name_asc.
Creating scope :order_name_desc. Overwriting existing method Member.order_name_desc.
Creating scope :without_statuses. Overwriting existing method Ci::Stage.without_statuses.
Creating scope :created. Overwriting existing method Ci::Stage.created.
Creating scope :pending. Overwriting existing method Ci::Stage.pending.
Creating scope :running. Overwriting existing method Ci::Stage.running.
Creating scope :success. Overwriting existing method Ci::Stage.success.
Creating scope :failed. Overwriting existing method Ci::Stage.failed.
Creating scope :canceled. Overwriting existing method Ci::Stage.canceled.
Creating scope :skipped. Overwriting existing method Ci::Stage.skipped.
Creating scope :manual. Overwriting existing method Ci::Stage.manual.
Creating scope :scheduled. Overwriting existing method Ci::Stage.scheduled.
Creating scope :preparing. Overwriting existing method Ci::Stage.preparing.
Creating scope :waiting_for_resource. Overwriting existing method Ci::Stage.waiting_for_resource.
Creating scope :system. Overwriting existing method PrometheusMetric.system.
Creating scope :open. Overwriting existing method ExternalPullRequest.open.
Creating scope :order_name_asc. Overwriting existing method Member.order_name_asc.
Creating scope :order_name_desc. Overwriting existing method Member.order_name_desc.
Creating scope :system. Overwriting existing method PrometheusMetric.system.
Creating scope :system. Overwriting existing method Gitlab::DatabaseImporters::CommonMetrics::PrometheusMetric.system.
Creating scope :system. Overwriting existing method Gitlab::DatabaseImporters::CommonMetrics::PrometheusMetric.system.
Started GET "/" for  at 2020-10-04 03:23:00 +0530
Creating scope :without_statuses. Overwriting existing method CommitStatus.without_statuses.
An enum element in Ci::Runner uses the prefix 'not_'. This will cause a conflict with auto generated negative scopes.
Creating scope :with_api_entity_associations. Overwriting existing method Issue.with_api_entity_associations.
Creating scope :of_projects. Overwriting existing method MergeRequest.of_projects.
Creating scope :join_project. Overwriting existing method MergeRequest.join_project.
Creating scope :references_project. Overwriting existing method MergeRequest.references_project.
Creating scope :system. Overwriting existing method Note.system.
Creating scope :order_created_desc. Overwriting existing method Packages::Package.order_created_desc.
Creating scope :order_name_desc. Overwriting existing method Packages::Package.order_name_desc.
Raven 3.0.4 configured not to capture errors: DSN not set
Processing by RootController#index as HTML
Redirected to http://example.org/users/sign_in
Filter chain halted as :redirect_unlogged_user rendered or redirected
Completed 302 Found in 41ms (ActiveRecord: 11.3ms | Elasticsearch: 0.0ms | Allocations: 13007)
Creating scope :without_statuses. Overwriting existing method CommitStatus.without_statuses.
An enum element in Ci::Runner uses the prefix 'not_'. This will cause a conflict with auto generated negative scopes.
Creating scope :without_statuses. Overwriting existing method CommitStatus.without_statuses.
An enum element in Ci::Runner uses the prefix 'not_'. This will cause a conflict with auto generated negative scopes.
Creating scope :with_api_entity_associations. Overwriting existing method Issue.with_api_entity_associations.
Creating scope :of_projects. Overwriting existing method MergeRequest.of_projects.
Creating scope :join_project. Overwriting existing method MergeRequest.join_project.
Creating scope :references_project. Overwriting existing method MergeRequest.references_project.
Creating scope :system. Overwriting existing method Note.system.
Creating scope :with_api_entity_associations. Overwriting existing method Issue.with_api_entity_associations.
Creating scope :of_projects. Overwriting existing method MergeRequest.of_projects.
Creating scope :join_project. Overwriting existing method MergeRequest.join_project.
Creating scope :references_project. Overwriting existing method MergeRequest.references_project.
Creating scope :system. Overwriting existing method Note.system.
Creating scope :order_created_desc. Overwriting existing method Packages::Package.order_created_desc.
Creating scope :order_name_desc. Overwriting existing method Packages::Package.order_name_desc.
Creating scope :order_created_desc. Overwriting existing method Packages::Package.order_created_desc.
Creating scope :order_name_desc. Overwriting existing method Packages::Package.order_name_desc.
Raven 3.0.4 configured not to capture errors: DSN not set
Raven 3.0.4 configured not to capture errors: DSN not set
Creating scope :without_statuses. Overwriting existing method Ci::Pipeline.without_statuses.
Creating scope :without_statuses. Overwriting existing method Ci::Pipeline.without_statuses.
Creating scope :open. Overwriting existing method AlertManagement::Alert.open.
Creating scope :open. Overwriting existing method AlertManagement::Alert.open.
Creating scope :order_name_asc. Overwriting existing method Label.order_name_asc.
Creating scope :order_name_desc. Overwriting existing method Label.order_name_desc.
Creating scope :order_name_asc. Overwriting existing method Label.order_name_asc.
Creating scope :order_name_desc. Overwriting existing method Label.order_name_desc.
Creating scope :without_statuses. Overwriting existing method Ci::Stage.without_statuses.
Creating scope :created. Overwriting existing method Ci::Stage.created.
Creating scope :pending. Overwriting existing method Ci::Stage.pending.
Creating scope :running. Overwriting existing method Ci::Stage.running.
Creating scope :success. Overwriting existing method Ci::Stage.success.
Creating scope :failed. Overwriting existing method Ci::Stage.failed.
Creating scope :canceled. Overwriting existing method Ci::Stage.canceled.
Creating scope :skipped. Overwriting existing method Ci::Stage.skipped.
Creating scope :manual. Overwriting existing method Ci::Stage.manual.
Creating scope :scheduled. Overwriting existing method Ci::Stage.scheduled.
Creating scope :preparing. Overwriting existing method Ci::Stage.preparing.
Creating scope :waiting_for_resource. Overwriting existing method Ci::Stage.waiting_for_resource.
Creating scope :open. Overwriting existing method ExternalPullRequest.open.
Creating scope :without_statuses. Overwriting existing method Ci::Stage.without_statuses.
Creating scope :created. Overwriting existing method Ci::Stage.created.
Creating scope :pending. Overwriting existing method Ci::Stage.pending.
Creating scope :running. Overwriting existing method Ci::Stage.running.
Creating scope :success. Overwriting existing method Ci::Stage.success.
Creating scope :failed. Overwriting existing method Ci::Stage.failed.
Creating scope :canceled. Overwriting existing method Ci::Stage.canceled.
Creating scope :skipped. Overwriting existing method Ci::Stage.skipped.
Creating scope :manual. Overwriting existing method Ci::Stage.manual.
Creating scope :scheduled. Overwriting existing method Ci::Stage.scheduled.
Creating scope :preparing. Overwriting existing method Ci::Stage.preparing.
Creating scope :waiting_for_resource. Overwriting existing method Ci::Stage.waiting_for_resource.
Creating scope :order_name_asc. Overwriting existing method Member.order_name_asc.
Creating scope :order_name_desc. Overwriting existing method Member.order_name_desc.
Creating scope :open. Overwriting existing method ExternalPullRequest.open.
Creating scope :system. Overwriting existing method PrometheusMetric.system.
Creating scope :order_name_asc. Overwriting existing method Member.order_name_asc.
Creating scope :order_name_desc. Overwriting existing method Member.order_name_desc.
Creating scope :system. Overwriting existing method PrometheusMetric.system.
Creating scope :system. Overwriting existing method Gitlab::DatabaseImporters::CommonMetrics::PrometheusMetric.system.
Creating scope :system. Overwriting existing method Gitlab::DatabaseImporters::CommonMetrics::PrometheusMetric.system.
Started GET "/" for  at 2020-10-04 03:23:58 +0530
Processing by RootController#index as HTML
Redirected to http://example.org/users/sign_in
Filter chain halted as :redirect_unlogged_user rendered or redirected
Completed 302 Found in 54ms (ActiveRecord: 14.1ms | Elasticsearch: 0.0ms | Allocations: 14160)
Started GET "/-/liveness" for 127.0.0.1 at 2020-10-04 03:27:06 +0530
Processing by HealthController#liveness as */*
Completed 200 OK in 2ms (Views: 0.4ms | ActiveRecord: 0.0ms | Elasticsearch: 0.0ms | Allocations: 314)
Started HEAD "/-/liveness" for 127.0.0.1 at 2020-10-04 03:27:06 +0530
Processing by HealthController#liveness as */*
Completed 200 OK in 1ms (Views: 0.5ms | ActiveRecord: 0.0ms | Elasticsearch: 0.0ms | Allocations: 305)
Creating scope :without_statuses. Overwriting existing method CommitStatus.without_statuses.
Creating scope :without_statuses. Overwriting existing method CommitStatus.without_statuses.
An enum element in Ci::Runner uses the prefix 'not_'. This will cause a conflict with auto generated negative scopes.
An enum element in Ci::Runner uses the prefix 'not_'. This will cause a conflict with auto generated negative scopes.
Creating scope :with_api_entity_associations. Overwriting existing method Issue.with_api_entity_associations.
Creating scope :with_api_entity_associations. Overwriting existing method Issue.with_api_entity_associations.
Creating scope :of_projects. Overwriting existing method MergeRequest.of_projects.
Creating scope :of_projects. Overwriting existing method MergeRequest.of_projects.
Creating scope :join_project. Overwriting existing method MergeRequest.join_project.
Creating scope :references_project. Overwriting existing method MergeRequest.references_project.
Creating scope :join_project. Overwriting existing method MergeRequest.join_project.
Creating scope :references_project. Overwriting existing method MergeRequest.references_project.
Creating scope :system. Overwriting existing method Note.system.
Creating scope :system. Overwriting existing method Note.system.
Creating scope :order_created_desc. Overwriting existing method Packages::Package.order_created_desc.
Creating scope :order_name_desc. Overwriting existing method Packages::Package.order_name_desc.
Creating scope :order_created_desc. Overwriting existing method Packages::Package.order_created_desc.
Creating scope :order_name_desc. Overwriting existing method Packages::Package.order_name_desc.
Raven 3.0.4 configured not to capture errors: DSN not set
Raven 3.0.4 configured not to capture errors: DSN not set
Creating scope :without_statuses. Overwriting existing method Ci::Pipeline.without_statuses.
Creating scope :without_statuses. Overwriting existing method Ci::Pipeline.without_statuses.
Creating scope :open. Overwriting existing method AlertManagement::Alert.open.
Creating scope :open. Overwriting existing method AlertManagement::Alert.open.
Creating scope :order_name_asc. Overwriting existing method Label.order_name_asc.
Creating scope :order_name_desc. Overwriting existing method Label.order_name_desc.
Creating scope :order_name_asc. Overwriting existing method Label.order_name_asc.
Creating scope :order_name_desc. Overwriting existing method Label.order_name_desc.
Creating scope :without_statuses. Overwriting existing method Ci::Stage.without_statuses.
Creating scope :created. Overwriting existing method Ci::Stage.created.
Creating scope :pending. Overwriting existing method Ci::Stage.pending.
Creating scope :running. Overwriting existing method Ci::Stage.running.
Creating scope :success. Overwriting existing method Ci::Stage.success.
Creating scope :failed. Overwriting existing method Ci::Stage.failed.
Creating scope :canceled. Overwriting existing method Ci::Stage.canceled.
Creating scope :skipped. Overwriting existing method Ci::Stage.skipped.
Creating scope :manual. Overwriting existing method Ci::Stage.manual.
Creating scope :scheduled. Overwriting existing method Ci::Stage.scheduled.
Creating scope :preparing. Overwriting existing method Ci::Stage.preparing.
Creating scope :waiting_for_resource. Overwriting existing method Ci::Stage.waiting_for_resource.
Creating scope :without_statuses. Overwriting existing method Ci::Stage.without_statuses.
Creating scope :created. Overwriting existing method Ci::Stage.created.
Creating scope :pending. Overwriting existing method Ci::Stage.pending.
Creating scope :running. Overwriting existing method Ci::Stage.running.
Creating scope :success. Overwriting existing method Ci::Stage.success.
Creating scope :failed. Overwriting existing method Ci::Stage.failed.
Creating scope :canceled. Overwriting existing method Ci::Stage.canceled.
Creating scope :skipped. Overwriting existing method Ci::Stage.skipped.
Creating scope :manual. Overwriting existing method Ci::Stage.manual.
Creating scope :scheduled. Overwriting existing method Ci::Stage.scheduled.
Creating scope :preparing. Overwriting existing method Ci::Stage.preparing.
Creating scope :waiting_for_resource. Overwriting existing method Ci::Stage.waiting_for_resource.
Creating scope :open. Overwriting existing method ExternalPullRequest.open.
Creating scope :open. Overwriting existing method ExternalPullRequest.open.
Creating scope :order_name_asc. Overwriting existing method Member.order_name_asc.
Creating scope :order_name_desc. Overwriting existing method Member.order_name_desc.
Creating scope :order_name_asc. Overwriting existing method Member.order_name_asc.
Creating scope :order_name_desc. Overwriting existing method Member.order_name_desc.
Creating scope :system. Overwriting existing method PrometheusMetric.system.
Creating scope :system. Overwriting existing method PrometheusMetric.system.
Creating scope :system. Overwriting existing method Gitlab::DatabaseImporters::CommonMetrics::PrometheusMetric.system.
Creating scope :system. Overwriting existing method Gitlab::DatabaseImporters::CommonMetrics::PrometheusMetric.system.
Started GET "/" for  at 2020-10-04 03:30:19 +0530
Processing by RootController#index as HTML
Redirected to http://example.org/users/sign_in
Filter chain halted as :redirect_unlogged_user rendered or redirected
Completed 302 Found in 40ms (ActiveRecord: 11.6ms | Elasticsearch: 0.0ms | Allocations: 13005)
Started GET "/" for 172.18.0.1 at 2020-10-04 03:31:48 +0530
Processing by RootController#index as HTML
Redirected to http://localhost:10080/users/sign_in
Filter chain halted as :redirect_unlogged_user rendered or redirected
Completed 302 Found in 108ms (ActiveRecord: 13.1ms | Elasticsearch: 0.0ms | Allocations: 13017)
Started GET "/users/sign_in" for 172.18.0.1 at 2020-10-04 03:31:48 +0530
Processing by SessionsController#new as HTML
Completed 200 OK in 1232ms (Views: 848.9ms | ActiveRecord: 293.3ms | Elasticsearch: 0.0ms | Allocations: 200535)
Started POST "/users/sign_in" for 172.18.0.1 at 2020-10-04 03:32:05 +0530
Processing by SessionsController#create as HTML
  Parameters: {"utf8"=>"✓", "authenticity_token"=>"[FILTERED]", "user"=>{"login"=>"vladislav0151@bk.ru", "password"=>"[FILTERED]", "remember_me"=>"1"}}
Completed 401 Unauthorized in 17ms (ActiveRecord: 2.5ms | Elasticsearch: 0.0ms | Allocations: 4758)
Processing by SessionsController#new as HTML
  Parameters: {"utf8"=>"✓", "authenticity_token"=>"[FILTERED]", "user"=>{"login"=>"vladislav0151@bk.ru", "password"=>"[FILTERED]", "remember_me"=>"1"}}
Completed 200 OK in 552ms (Views: 17.8ms | ActiveRecord: 2.5ms | Elasticsearch: 0.0ms | Allocations: 14574)
Started GET "/-/liveness" for 127.0.0.1 at 2020-10-04 03:34:19 +0530
Processing by HealthController#liveness as */*
Completed 200 OK in 1ms (Views: 0.2ms | ActiveRecord: 0.0ms | Elasticsearch: 0.0ms | Allocations: 268)
Started HEAD "/-/liveness" for 127.0.0.1 at 2020-10-04 03:34:19 +0530
Processing by HealthController#liveness as */*
Completed 200 OK in 2ms (Views: 0.5ms | ActiveRecord: 0.0ms | Elasticsearch: 0.0ms | Allocations: 302)
Started GET "/-/liveness" for 127.0.0.1 at 2020-10-04 03:39:19 +0530
Processing by HealthController#liveness as */*
Completed 200 OK in 2ms (Views: 0.8ms | ActiveRecord: 0.0ms | Elasticsearch: 0.0ms | Allocations: 314)
Started HEAD "/-/liveness" for 127.0.0.1 at 2020-10-04 03:39:19 +0530
Processing by HealthController#liveness as */*
Completed 200 OK in 1ms (Views: 0.1ms | ActiveRecord: 0.0ms | Elasticsearch: 0.0ms | Allocations: 206)
Creating scope :without_statuses. Overwriting existing method CommitStatus.without_statuses.
Creating scope :without_statuses. Overwriting existing method CommitStatus.without_statuses.
An enum element in Ci::Runner uses the prefix 'not_'. This will cause a conflict with auto generated negative scopes.
An enum element in Ci::Runner uses the prefix 'not_'. This will cause a conflict with auto generated negative scopes.
Creating scope :with_api_entity_associations. Overwriting existing method Issue.with_api_entity_associations.
Creating scope :with_api_entity_associations. Overwriting existing method Issue.with_api_entity_associations.
Creating scope :of_projects. Overwriting existing method MergeRequest.of_projects.
Creating scope :of_projects. Overwriting existing method MergeRequest.of_projects.
Creating scope :join_project. Overwriting existing method MergeRequest.join_project.
Creating scope :references_project. Overwriting existing method MergeRequest.references_project.
Creating scope :join_project. Overwriting existing method MergeRequest.join_project.
Creating scope :references_project. Overwriting existing method MergeRequest.references_project.
Creating scope :system. Overwriting existing method Note.system.
Creating scope :system. Overwriting existing method Note.system.
Creating scope :order_created_desc. Overwriting existing method Packages::Package.order_created_desc.
Creating scope :order_name_desc. Overwriting existing method Packages::Package.order_name_desc.
Creating scope :order_created_desc. Overwriting existing method Packages::Package.order_created_desc.
Creating scope :order_name_desc. Overwriting existing method Packages::Package.order_name_desc.
Raven 3.0.4 configured not to capture errors: DSN not set
Raven 3.0.4 configured not to capture errors: DSN not set
Creating scope :without_statuses. Overwriting existing method Ci::Pipeline.without_statuses.
Creating scope :without_statuses. Overwriting existing method Ci::Pipeline.without_statuses.
Creating scope :open. Overwriting existing method AlertManagement::Alert.open.
Creating scope :open. Overwriting existing method AlertManagement::Alert.open.
Creating scope :order_name_asc. Overwriting existing method Label.order_name_asc.
Creating scope :order_name_asc. Overwriting existing method Label.order_name_asc.
Creating scope :order_name_desc. Overwriting existing method Label.order_name_desc.
Creating scope :order_name_desc. Overwriting existing method Label.order_name_desc.
Creating scope :without_statuses. Overwriting existing method Ci::Stage.without_statuses.
Creating scope :created. Overwriting existing method Ci::Stage.created.
Creating scope :pending. Overwriting existing method Ci::Stage.pending.
Creating scope :running. Overwriting existing method Ci::Stage.running.
Creating scope :success. Overwriting existing method Ci::Stage.success.
Creating scope :failed. Overwriting existing method Ci::Stage.failed.
Creating scope :canceled. Overwriting existing method Ci::Stage.canceled.
Creating scope :skipped. Overwriting existing method Ci::Stage.skipped.
Creating scope :without_statuses. Overwriting existing method Ci::Stage.without_statuses.
Creating scope :manual. Overwriting existing method Ci::Stage.manual.
Creating scope :scheduled. Overwriting existing method Ci::Stage.scheduled.
Creating scope :created. Overwriting existing method Ci::Stage.created.
Creating scope :preparing. Overwriting existing method Ci::Stage.preparing.
Creating scope :pending. Overwriting existing method Ci::Stage.pending.
Creating scope :waiting_for_resource. Overwriting existing method Ci::Stage.waiting_for_resource.
Creating scope :running. Overwriting existing method Ci::Stage.running.
Creating scope :success. Overwriting existing method Ci::Stage.success.
Creating scope :failed. Overwriting existing method Ci::Stage.failed.
Creating scope :canceled. Overwriting existing method Ci::Stage.canceled.
Creating scope :skipped. Overwriting existing method Ci::Stage.skipped.
Creating scope :manual. Overwriting existing method Ci::Stage.manual.
Creating scope :scheduled. Overwriting existing method Ci::Stage.scheduled.
Creating scope :preparing. Overwriting existing method Ci::Stage.preparing.
Creating scope :waiting_for_resource. Overwriting existing method Ci::Stage.waiting_for_resource.
Creating scope :open. Overwriting existing method ExternalPullRequest.open.
Creating scope :open. Overwriting existing method ExternalPullRequest.open.
Creating scope :order_name_asc. Overwriting existing method Member.order_name_asc.
Creating scope :order_name_asc. Overwriting existing method Member.order_name_asc.
Creating scope :order_name_desc. Overwriting existing method Member.order_name_desc.
Creating scope :order_name_desc. Overwriting existing method Member.order_name_desc.
Creating scope :system. Overwriting existing method PrometheusMetric.system.
Creating scope :system. Overwriting existing method PrometheusMetric.system.
Creating scope :system. Overwriting existing method Gitlab::DatabaseImporters::CommonMetrics::PrometheusMetric.system.
Creating scope :system. Overwriting existing method Gitlab::DatabaseImporters::CommonMetrics::PrometheusMetric.system.
Started GET "/" for  at 2020-10-04 03:46:59 +0530
Processing by RootController#index as HTML
Redirected to http://example.org/users/sign_in
Filter chain halted as :redirect_unlogged_user rendered or redirected
Completed 302 Found in 67ms (ActiveRecord: 14.8ms | Elasticsearch: 0.0ms | Allocations: 13139)
Creating scope :without_statuses. Overwriting existing method CommitStatus.without_statuses.
Creating scope :without_statuses. Overwriting existing method CommitStatus.without_statuses.
An enum element in Ci::Runner uses the prefix 'not_'. This will cause a conflict with auto generated negative scopes.
An enum element in Ci::Runner uses the prefix 'not_'. This will cause a conflict with auto generated negative scopes.
Creating scope :with_api_entity_associations. Overwriting existing method Issue.with_api_entity_associations.
Creating scope :with_api_entity_associations. Overwriting existing method Issue.with_api_entity_associations.
Creating scope :of_projects. Overwriting existing method MergeRequest.of_projects.
Creating scope :join_project. Overwriting existing method MergeRequest.join_project.
Creating scope :references_project. Overwriting existing method MergeRequest.references_project.
Creating scope :system. Overwriting existing method Note.system.
Creating scope :of_projects. Overwriting existing method MergeRequest.of_projects.
Creating scope :join_project. Overwriting existing method MergeRequest.join_project.
Creating scope :references_project. Overwriting existing method MergeRequest.references_project.
Creating scope :system. Overwriting existing method Note.system.
Creating scope :order_created_desc. Overwriting existing method Packages::Package.order_created_desc.
Creating scope :order_name_desc. Overwriting existing method Packages::Package.order_name_desc.
Creating scope :order_created_desc. Overwriting existing method Packages::Package.order_created_desc.
Creating scope :order_name_desc. Overwriting existing method Packages::Package.order_name_desc.
Raven 3.0.4 configured not to capture errors: DSN not set
Raven 3.0.4 configured not to capture errors: DSN not set
Creating scope :without_statuses. Overwriting existing method CommitStatus.without_statuses.
An enum element in Ci::Runner uses the prefix 'not_'. This will cause a conflict with auto generated negative scopes.
Creating scope :without_statuses. Overwriting existing method CommitStatus.without_statuses.
An enum element in Ci::Runner uses the prefix 'not_'. This will cause a conflict with auto generated negative scopes.
Creating scope :with_api_entity_associations. Overwriting existing method Issue.with_api_entity_associations.
Creating scope :with_api_entity_associations. Overwriting existing method Issue.with_api_entity_associations.
Creating scope :of_projects. Overwriting existing method MergeRequest.of_projects.
Creating scope :join_project. Overwriting existing method MergeRequest.join_project.
Creating scope :references_project. Overwriting existing method MergeRequest.references_project.
Creating scope :system. Overwriting existing method Note.system.
Creating scope :of_projects. Overwriting existing method MergeRequest.of_projects.
Creating scope :join_project. Overwriting existing method MergeRequest.join_project.
Creating scope :references_project. Overwriting existing method MergeRequest.references_project.
Creating scope :system. Overwriting existing method Note.system.
Creating scope :order_created_desc. Overwriting existing method Packages::Package.order_created_desc.
Creating scope :order_name_desc. Overwriting existing method Packages::Package.order_name_desc.
Creating scope :order_created_desc. Overwriting existing method Packages::Package.order_created_desc.
Creating scope :order_name_desc. Overwriting existing method Packages::Package.order_name_desc.
Raven 3.0.4 configured not to capture errors: DSN not set
Raven 3.0.4 configured not to capture errors: DSN not set
Creating scope :without_statuses. Overwriting existing method Ci::Pipeline.without_statuses.
Creating scope :without_statuses. Overwriting existing method Ci::Pipeline.without_statuses.
Creating scope :open. Overwriting existing method AlertManagement::Alert.open.
Creating scope :open. Overwriting existing method AlertManagement::Alert.open.
Creating scope :order_name_asc. Overwriting existing method Label.order_name_asc.
Creating scope :order_name_desc. Overwriting existing method Label.order_name_desc.
Creating scope :order_name_asc. Overwriting existing method Label.order_name_asc.
Creating scope :order_name_desc. Overwriting existing method Label.order_name_desc.
Creating scope :without_statuses. Overwriting existing method Ci::Stage.without_statuses.
Creating scope :without_statuses. Overwriting existing method Ci::Stage.without_statuses.
Creating scope :created. Overwriting existing method Ci::Stage.created.
Creating scope :pending. Overwriting existing method Ci::Stage.pending.
Creating scope :running. Overwriting existing method Ci::Stage.running.
Creating scope :created. Overwriting existing method Ci::Stage.created.
Creating scope :success. Overwriting existing method Ci::Stage.success.
Creating scope :pending. Overwriting existing method Ci::Stage.pending.
Creating scope :failed. Overwriting existing method Ci::Stage.failed.
Creating scope :running. Overwriting existing method Ci::Stage.running.
Creating scope :canceled. Overwriting existing method Ci::Stage.canceled.
Creating scope :success. Overwriting existing method Ci::Stage.success.
Creating scope :skipped. Overwriting existing method Ci::Stage.skipped.
Creating scope :failed. Overwriting existing method Ci::Stage.failed.
Creating scope :manual. Overwriting existing method Ci::Stage.manual.
Creating scope :canceled. Overwriting existing method Ci::Stage.canceled.
Creating scope :scheduled. Overwriting existing method Ci::Stage.scheduled.
Creating scope :skipped. Overwriting existing method Ci::Stage.skipped.
Creating scope :preparing. Overwriting existing method Ci::Stage.preparing.
Creating scope :manual. Overwriting existing method Ci::Stage.manual.
Creating scope :waiting_for_resource. Overwriting existing method Ci::Stage.waiting_for_resource.
Creating scope :scheduled. Overwriting existing method Ci::Stage.scheduled.
Creating scope :preparing. Overwriting existing method Ci::Stage.preparing.
Creating scope :waiting_for_resource. Overwriting existing method Ci::Stage.waiting_for_resource.
Creating scope :open. Overwriting existing method ExternalPullRequest.open.
Creating scope :open. Overwriting existing method ExternalPullRequest.open.
Creating scope :order_name_asc. Overwriting existing method Member.order_name_asc.
Creating scope :order_name_asc. Overwriting existing method Member.order_name_asc.
Creating scope :order_name_desc. Overwriting existing method Member.order_name_desc.
Creating scope :order_name_desc. Overwriting existing method Member.order_name_desc.
Creating scope :system. Overwriting existing method PrometheusMetric.system.
Creating scope :system. Overwriting existing method PrometheusMetric.system.
Creating scope :system. Overwriting existing method Gitlab::DatabaseImporters::CommonMetrics::PrometheusMetric.system.
Creating scope :system. Overwriting existing method Gitlab::DatabaseImporters::CommonMetrics::PrometheusMetric.system.
Started GET "/" for  at 2020-10-04 04:01:11 +0530
Processing by RootController#index as HTML
Redirected to http://example.org/users/sign_in
Filter chain halted as :redirect_unlogged_user rendered or redirected
Completed 302 Found in 137ms (ActiveRecord: 46.7ms | Elasticsearch: 0.0ms | Allocations: 13007)
