time="2020-10-04T03:09:27+05:30" level=info msg="Starting Gitaly" version="Gitaly, version 13.4.2"
time="2020-10-04T03:09:27+05:30" level=warning msg="git path not configured. Using default path resolution" resolvedPath=/usr/bin/git
time="2020-10-04T03:09:27+05:30" level=info msg="clearing disk cache object folder" path=/home/git/data/repositories
time="2020-10-04T03:09:27+05:30" level=info msg="moving disk cache object folder to /home/git/data/repositories/+gitaly/tmp/diskcache559520516" path=/home/git/data/repositories
time="2020-10-04T03:09:27+05:30" level=info msg="disk cache object folder doesn't exist, no need to remove" path=/home/git/data/repositories
time="2020-10-04T03:09:27+05:30" level=info msg="Starting file walker for /home/git/data/repositories/+gitaly/cache" path=/home/git/data/repositories/+gitaly/cache
time="2020-10-04T03:09:27+05:30" level=info msg="Starting file walker for /home/git/data/repositories/+gitaly/state" path=/home/git/data/repositories/+gitaly/state
time="2020-10-04T03:09:27+05:30" level=info msg="cleared all cache object files in /home/git/data/repositories/+gitaly/tmp/diskcache559520516 after 53.644µs" path=/home/git/data/repositories
time="2020-10-04T03:09:29+05:30" level=info msg="finished tempdir cleaner walk" storage=default time_ms=0
time="2020-10-04T03:09:29+05:30" level=info msg="listening at unix address" address=/home/git/gitlab/tmp/sockets/private/gitaly.socket
time="2020-10-04T03:09:29+05:30" level=info msg="listening at unix address" address=/tmp/gitaly-internal097006294/internal.sock
time="2020-10-04T03:09:29+05:30" level=warning msg=spawned supervisor.args="[bundle exec bin/ruby-cd /home/git/gitaly /home/git/gitaly/ruby/bin/gitaly-ruby 625 /tmp/gitaly-internal097006294/ruby.0]" supervisor.name=gitaly-ruby.0 supervisor.pid=650
time="2020-10-04T03:09:29+05:30" level=info msg="starting RSS monitor" supervisor.name=gitaly-ruby.0 supervisor.rss_threshold=209715200
time="2020-10-04T03:09:29+05:30" level=info msg="starting RSS monitor" supervisor.name=gitaly-ruby.1 supervisor.rss_threshold=209715200
time="2020-10-04T03:09:29+05:30" level=warning msg=spawned supervisor.args="[bundle exec bin/ruby-cd /home/git/gitaly /home/git/gitaly/ruby/bin/gitaly-ruby 625 /tmp/gitaly-internal097006294/ruby.1]" supervisor.name=gitaly-ruby.1 supervisor.pid=654
time="2020-10-04T03:09:29+05:30" level=info msg="PID 650 BUNDLE_GEMFILE=/home/git/gitaly/ruby/Gemfile" supervisor.args="[bundle exec bin/ruby-cd /home/git/gitaly /home/git/gitaly/ruby/bin/gitaly-ruby 625 /tmp/gitaly-internal097006294/ruby.0]" supervisor.name=gitaly-ruby.0
time="2020-10-04T03:09:29+05:30" level=info msg="PID 654 BUNDLE_GEMFILE=/home/git/gitaly/ruby/Gemfile" supervisor.args="[bundle exec bin/ruby-cd /home/git/gitaly /home/git/gitaly/ruby/bin/gitaly-ruby 625 /tmp/gitaly-internal097006294/ruby.1]" supervisor.name=gitaly-ruby.1
time="2020-10-04T03:10:14+05:30" level=info msg="finished unary call with code OK" grpc.code=OK grpc.meta.auth_version=v2 grpc.meta.client_name=gitlab-web grpc.meta.deadline_type=unknown grpc.method=ServerInfo grpc.request.deadline="2020-10-04T03:10:24+05:30" grpc.request.fullMethod=/gitaly.ServerService/ServerInfo grpc.service=gitaly.ServerService grpc.start_time="2020-10-04T03:10:14+05:30" grpc.time_ms=1.811 peer.address=@ pid=625 span.kind=server system=grpc
time="2020-10-04T03:10:57+05:30" level=info msg="finished unary call with code OK" grpc.code=OK grpc.meta.auth_version=v2 grpc.meta.client_name=gitlab-web grpc.meta.deadline_type=unknown grpc.method=RepositoryExists grpc.request.deadline="2020-10-04T03:11:07+05:30" grpc.request.fullMethod=/gitaly.RepositoryService/RepositoryExists grpc.request.glProjectPath= grpc.request.glRepository= grpc.request.repoPath=@hashed/6b/86/6b86b273ff34fce19d6b804eff5a3f5747ada4eaa22f1d49c01e52ddb7875b4b.git grpc.request.repoStorage=default grpc.request.topLevelGroup=@hashed grpc.service=gitaly.RepositoryService grpc.start_time="2020-10-04T03:10:57+05:30" grpc.time_ms=0.062 peer.address=@ pid=625 span.kind=server system=grpc
time="2020-10-04T03:10:57+05:30" level=info msg="diskcache state change" diskcache=f7efb334-3f88-4c58-bf22-c72644b1806f grpc.meta.auth_version=v2 grpc.meta.client_name=gitlab-web grpc.meta.deadline_type=unknown grpc.method=CreateRepository grpc.request.deadline="2020-10-04T03:11:07+05:30" grpc.request.fullMethod=/gitaly.RepositoryService/CreateRepository grpc.request.glProjectPath=gitlab-instance-2f4ed943/monitoring grpc.request.glRepository=project-1 grpc.request.repoPath=@hashed/6b/86/6b86b273ff34fce19d6b804eff5a3f5747ada4eaa22f1d49c01e52ddb7875b4b.git grpc.request.repoStorage=default grpc.request.topLevelGroup=@hashed grpc.service=gitaly.RepositoryService grpc.start_time="2020-10-04T03:10:57+05:30" peer.address=@ pid=625 span.kind=server system=grpc
time="2020-10-04T03:10:57+05:30" level=info msg="finished unary call with code OK" grpc.code=OK grpc.meta.auth_version=v2 grpc.meta.client_name=gitlab-web grpc.meta.deadline_type=unknown grpc.method=CreateRepository grpc.request.deadline="2020-10-04T03:11:07+05:30" grpc.request.fullMethod=/gitaly.RepositoryService/CreateRepository grpc.request.glProjectPath=gitlab-instance-2f4ed943/monitoring grpc.request.glRepository=project-1 grpc.request.repoPath=@hashed/6b/86/6b86b273ff34fce19d6b804eff5a3f5747ada4eaa22f1d49c01e52ddb7875b4b.git grpc.request.repoStorage=default grpc.request.topLevelGroup=@hashed grpc.service=gitaly.RepositoryService grpc.start_time="2020-10-04T03:10:57+05:30" grpc.time_ms=143.8 peer.address=@ pid=625 span.kind=server system=grpc
time="2020-10-04T03:10:57+05:30" level=info msg="finished unary call with code OK" grpc.code=OK grpc.meta.auth_version=v2 grpc.meta.client_name=gitlab-web grpc.meta.deadline_type=unknown grpc.method=RepositoryExists grpc.request.deadline="2020-10-04T03:11:07+05:30" grpc.request.fullMethod=/gitaly.RepositoryService/RepositoryExists grpc.request.glProjectPath=gitlab-instance-2f4ed943/monitoring grpc.request.glRepository=project-1 grpc.request.repoPath=@hashed/6b/86/6b86b273ff34fce19d6b804eff5a3f5747ada4eaa22f1d49c01e52ddb7875b4b.git grpc.request.repoStorage=default grpc.request.topLevelGroup=@hashed grpc.service=gitaly.RepositoryService grpc.start_time="2020-10-04T03:10:57+05:30" grpc.time_ms=0.053 peer.address=@ pid=625 span.kind=server system=grpc
time="2020-10-04T03:10:57+05:30" level=info msg="finished unary call with code OK" grpc.code=OK grpc.meta.auth_version=v2 grpc.meta.client_name=gitlab-web grpc.meta.deadline_type=unknown grpc.method=HasLocalBranches grpc.request.deadline="2020-10-04T03:11:07+05:30" grpc.request.fullMethod=/gitaly.RepositoryService/HasLocalBranches grpc.request.glProjectPath=gitlab-instance-2f4ed943/monitoring grpc.request.glRepository=project-1 grpc.request.repoPath=@hashed/6b/86/6b86b273ff34fce19d6b804eff5a3f5747ada4eaa22f1d49c01e52ddb7875b4b.git grpc.request.repoStorage=default grpc.request.topLevelGroup=@hashed grpc.service=gitaly.RepositoryService grpc.start_time="2020-10-04T03:10:57+05:30" grpc.time_ms=37.176 peer.address=@ pid=625 span.kind=server system=grpc
time="2020-10-04T03:10:57+05:30" level=info msg="finished unary call with code OK" correlation_id=cc1e03b8eb049bc29ad226460c67714e grpc.code=OK grpc.meta.auth_version=v2 grpc.meta.client_name=gitlab-web grpc.meta.deadline_type=unknown grpc.method=RepositoryExists grpc.request.deadline="2020-10-04T03:11:07+05:30" grpc.request.fullMethod=/gitaly.RepositoryService/RepositoryExists grpc.request.glProjectPath=gitlab-instance-2f4ed943/monitoring grpc.request.glRepository=project-1 grpc.request.repoPath=@hashed/6b/86/6b86b273ff34fce19d6b804eff5a3f5747ada4eaa22f1d49c01e52ddb7875b4b.git grpc.request.repoStorage=default grpc.request.topLevelGroup=@hashed grpc.service=gitaly.RepositoryService grpc.start_time="2020-10-04T03:10:57+05:30" grpc.time_ms=0.052 peer.address=@ pid=625 span.kind=server system=grpc
time="2020-10-04T03:10:57+05:30" level=info msg="diskcache state change" correlation_id=cc1e03b8eb049bc29ad226460c67714e diskcache=ab8474f0-eb17-4796-864e-bc8a6aa94309 grpc.meta.auth_version=v2 grpc.meta.client_name=gitlab-web grpc.meta.deadline_type=unknown grpc.method=SetConfig grpc.request.deadline="2020-10-04T03:11:07+05:30" grpc.request.fullMethod=/gitaly.RepositoryService/SetConfig grpc.request.glProjectPath=gitlab-instance-2f4ed943/monitoring grpc.request.glRepository=project-1 grpc.request.repoPath=@hashed/6b/86/6b86b273ff34fce19d6b804eff5a3f5747ada4eaa22f1d49c01e52ddb7875b4b.git grpc.request.repoStorage=default grpc.request.topLevelGroup=@hashed grpc.service=gitaly.RepositoryService grpc.start_time="2020-10-04T03:10:57+05:30" peer.address=@ pid=625 span.kind=server system=grpc
time="2020-10-04T03:10:57+05:30" level=info msg="finished unary call with code OK" correlation_id=cc1e03b8eb049bc29ad226460c67714e grpc.code=OK grpc.meta.auth_version=v2 grpc.meta.client_name=gitlab-web grpc.meta.deadline_type=unknown grpc.method=SetConfig grpc.request.deadline="2020-10-04T03:11:07+05:30" grpc.request.fullMethod=/gitaly.RepositoryService/SetConfig grpc.request.glProjectPath=gitlab-instance-2f4ed943/monitoring grpc.request.glRepository=project-1 grpc.request.repoPath=@hashed/6b/86/6b86b273ff34fce19d6b804eff5a3f5747ada4eaa22f1d49c01e52ddb7875b4b.git grpc.request.repoStorage=default grpc.request.topLevelGroup=@hashed grpc.service=gitaly.RepositoryService grpc.start_time="2020-10-04T03:10:57+05:30" grpc.time_ms=28.021 peer.address=@ pid=625 span.kind=server system=grpc
time="2020-10-04T03:10:57+05:30" level=info msg="finished unary call with code OK" correlation_id=cc1e03b8eb049bc29ad226460c67714e grpc.code=OK grpc.meta.auth_version=v2 grpc.meta.client_name=gitlab-web grpc.meta.deadline_type=unknown grpc.method=RepositoryExists grpc.request.deadline="2020-10-04T03:11:07+05:30" grpc.request.fullMethod=/gitaly.RepositoryService/RepositoryExists grpc.request.glProjectPath=gitlab-instance-2f4ed943/monitoring grpc.request.glRepository=wiki-1 grpc.request.repoPath=@hashed/6b/86/6b86b273ff34fce19d6b804eff5a3f5747ada4eaa22f1d49c01e52ddb7875b4b.wiki.git grpc.request.repoStorage=default grpc.request.topLevelGroup=@hashed grpc.service=gitaly.RepositoryService grpc.start_time="2020-10-04T03:10:57+05:30" grpc.time_ms=0.053 peer.address=@ pid=625 span.kind=server system=grpc
time="2020-10-04T03:10:57+05:30" level=info msg="diskcache state change" correlation_id=cc1e03b8eb049bc29ad226460c67714e diskcache=1ea455f3-7d3f-4e11-92ba-0c773cadfc9a grpc.meta.auth_version=v2 grpc.meta.client_name=gitlab-web grpc.meta.deadline_type=unknown grpc.method=CreateRepository grpc.request.deadline="2020-10-04T03:11:07+05:30" grpc.request.fullMethod=/gitaly.RepositoryService/CreateRepository grpc.request.glProjectPath=gitlab-instance-2f4ed943/monitoring grpc.request.glRepository=wiki-1 grpc.request.repoPath=@hashed/6b/86/6b86b273ff34fce19d6b804eff5a3f5747ada4eaa22f1d49c01e52ddb7875b4b.wiki.git grpc.request.repoStorage=default grpc.request.topLevelGroup=@hashed grpc.service=gitaly.RepositoryService grpc.start_time="2020-10-04T03:10:57+05:30" peer.address=@ pid=625 span.kind=server system=grpc
time="2020-10-04T03:10:57+05:30" level=info msg="finished unary call with code OK" correlation_id=cc1e03b8eb049bc29ad226460c67714e grpc.code=OK grpc.meta.auth_version=v2 grpc.meta.client_name=gitlab-web grpc.meta.deadline_type=unknown grpc.method=CreateRepository grpc.request.deadline="2020-10-04T03:11:07+05:30" grpc.request.fullMethod=/gitaly.RepositoryService/CreateRepository grpc.request.glProjectPath=gitlab-instance-2f4ed943/monitoring grpc.request.glRepository=wiki-1 grpc.request.repoPath=@hashed/6b/86/6b86b273ff34fce19d6b804eff5a3f5747ada4eaa22f1d49c01e52ddb7875b4b.wiki.git grpc.request.repoStorage=default grpc.request.topLevelGroup=@hashed grpc.service=gitaly.RepositoryService grpc.start_time="2020-10-04T03:10:57+05:30" grpc.time_ms=24.858 peer.address=@ pid=625 span.kind=server system=grpc
time="2020-10-04T03:10:57+05:30" level=info msg="finished unary call with code OK" correlation_id=cc1e03b8eb049bc29ad226460c67714e grpc.code=OK grpc.meta.auth_version=v2 grpc.meta.client_name=gitlab-web grpc.meta.deadline_type=unknown grpc.method=RepositoryExists grpc.request.deadline="2020-10-04T03:11:07+05:30" grpc.request.fullMethod=/gitaly.RepositoryService/RepositoryExists grpc.request.glProjectPath=gitlab-instance-2f4ed943/monitoring grpc.request.glRepository=wiki-1 grpc.request.repoPath=@hashed/6b/86/6b86b273ff34fce19d6b804eff5a3f5747ada4eaa22f1d49c01e52ddb7875b4b.wiki.git grpc.request.repoStorage=default grpc.request.topLevelGroup=@hashed grpc.service=gitaly.RepositoryService grpc.start_time="2020-10-04T03:10:57+05:30" grpc.time_ms=0.056 peer.address=@ pid=625 span.kind=server system=grpc
time="2020-10-04T03:10:57+05:30" level=info msg="finished unary call with code OK" correlation_id=cc1e03b8eb049bc29ad226460c67714e grpc.code=OK grpc.meta.auth_version=v2 grpc.meta.client_name=gitlab-web grpc.meta.deadline_type=unknown grpc.method=HasLocalBranches grpc.request.deadline="2020-10-04T03:11:07+05:30" grpc.request.fullMethod=/gitaly.RepositoryService/HasLocalBranches grpc.request.glProjectPath=gitlab-instance-2f4ed943/monitoring grpc.request.glRepository=wiki-1 grpc.request.repoPath=@hashed/6b/86/6b86b273ff34fce19d6b804eff5a3f5747ada4eaa22f1d49c01e52ddb7875b4b.wiki.git grpc.request.repoStorage=default grpc.request.topLevelGroup=@hashed grpc.service=gitaly.RepositoryService grpc.start_time="2020-10-04T03:10:57+05:30" grpc.time_ms=2.977 peer.address=@ pid=625 span.kind=server system=grpc
time="2020-10-04T03:10:58+05:30" level=info msg="finished unary call with code OK" correlation_id=cc1e03b8eb049bc29ad226460c67714e grpc.code=OK grpc.meta.auth_version=v2 grpc.meta.client_name=gitlab-web grpc.meta.deadline_type=unknown grpc.method=HasLocalBranches grpc.request.deadline="2020-10-04T03:11:08+05:30" grpc.request.fullMethod=/gitaly.RepositoryService/HasLocalBranches grpc.request.glProjectPath=gitlab-instance-2f4ed943/monitoring grpc.request.glRepository=project-1 grpc.request.repoPath=@hashed/6b/86/6b86b273ff34fce19d6b804eff5a3f5747ada4eaa22f1d49c01e52ddb7875b4b.git grpc.request.repoStorage=default grpc.request.topLevelGroup=@hashed grpc.service=gitaly.RepositoryService grpc.start_time="2020-10-04T03:10:58+05:30" grpc.time_ms=1.817 peer.address=@ pid=625 span.kind=server system=grpc
time="2020-10-04T03:10:58+05:30" level=info msg="finished streaming call with code OK" correlation_id=cc1e03b8eb049bc29ad226460c67714e grpc.code=OK grpc.meta.auth_version=v2 grpc.meta.client_name=gitlab-web grpc.meta.deadline_type=unknown grpc.method=FindAllBranchNames grpc.request.deadline="2020-10-04T03:11:08+05:30" grpc.request.fullMethod=/gitaly.RefService/FindAllBranchNames grpc.request.glProjectPath=gitlab-instance-2f4ed943/monitoring grpc.request.glRepository=project-1 grpc.request.repoPath=@hashed/6b/86/6b86b273ff34fce19d6b804eff5a3f5747ada4eaa22f1d49c01e52ddb7875b4b.git grpc.request.repoStorage=default grpc.request.topLevelGroup=@hashed grpc.service=gitaly.RefService grpc.start_time="2020-10-04T03:10:58+05:30" grpc.time_ms=29.061 peer.address=@ pid=625 span.kind=server system=grpc
time="2020-10-04T03:10:58+05:30" level=info msg="finished unary call with code OK" correlation_id=cc1e03b8eb049bc29ad226460c67714e grpc.code=OK grpc.meta.auth_version=v2 grpc.meta.client_name=gitlab-web grpc.meta.deadline_type=unknown grpc.method=ServerInfo grpc.request.deadline="2020-10-04T03:11:08+05:30" grpc.request.fullMethod=/gitaly.ServerService/ServerInfo grpc.service=gitaly.ServerService grpc.start_time="2020-10-04T03:10:58+05:30" grpc.time_ms=19.216 peer.address=@ pid=625 span.kind=server system=grpc
time="2020-10-04T03:10:58+05:30" level=info msg="finished unary call with code OK" grpc.code=OK grpc.meta.auth_version=v2 grpc.meta.client_name=gitaly-ruby grpc.meta.deadline_type=none grpc.method=RepositoryExists grpc.request.fullMethod=/gitaly.RepositoryService/RepositoryExists grpc.request.glProjectPath=gitlab-instance-2f4ed943/monitoring grpc.request.glRepository=project-1 grpc.request.repoPath=@hashed/6b/86/6b86b273ff34fce19d6b804eff5a3f5747ada4eaa22f1d49c01e52ddb7875b4b.git grpc.request.repoStorage=default grpc.request.topLevelGroup=@hashed grpc.service=gitaly.RepositoryService grpc.start_time="2020-10-04T03:10:58+05:30" grpc.time_ms=0.049 peer.address=@ pid=625 span.kind=server system=grpc
time="2020-10-04T03:10:58+05:30" level=info msg="finished unary call with code OK" grpc.code=OK grpc.meta.auth_version=v2 grpc.meta.client_name=gitaly-ruby grpc.meta.deadline_type=none grpc.method=HasLocalBranches grpc.request.fullMethod=/gitaly.RepositoryService/HasLocalBranches grpc.request.glProjectPath=gitlab-instance-2f4ed943/monitoring grpc.request.glRepository=project-1 grpc.request.repoPath=@hashed/6b/86/6b86b273ff34fce19d6b804eff5a3f5747ada4eaa22f1d49c01e52ddb7875b4b.git grpc.request.repoStorage=default grpc.request.topLevelGroup=@hashed grpc.service=gitaly.RepositoryService grpc.start_time="2020-10-04T03:10:58+05:30" grpc.time_ms=1.946 peer.address=@ pid=625 span.kind=server system=grpc
time="2020-10-04T03:10:58+05:30" level=info msg="finished unary call with code OK" grpc.code=OK grpc.meta.auth_version=v2 grpc.meta.client_name=gitaly-ruby grpc.meta.deadline_type=none grpc.method=RepositoryExists grpc.request.fullMethod=/gitaly.RepositoryService/RepositoryExists grpc.request.glProjectPath=gitlab-instance-2f4ed943/monitoring grpc.request.glRepository=project-1 grpc.request.repoPath=@hashed/6b/86/6b86b273ff34fce19d6b804eff5a3f5747ada4eaa22f1d49c01e52ddb7875b4b.git grpc.request.repoStorage=default grpc.request.topLevelGroup=@hashed grpc.service=gitaly.RepositoryService grpc.start_time="2020-10-04T03:10:58+05:30" grpc.time_ms=0.045 peer.address=@ pid=625 span.kind=server system=grpc
time="2020-10-04T03:10:58+05:30" level=info msg="finished unary call with code OK" grpc.code=OK grpc.meta.auth_version=v2 grpc.meta.client_name=gitaly-ruby grpc.meta.deadline_type=none grpc.method=HasLocalBranches grpc.request.fullMethod=/gitaly.RepositoryService/HasLocalBranches grpc.request.glProjectPath=gitlab-instance-2f4ed943/monitoring grpc.request.glRepository=project-1 grpc.request.repoPath=@hashed/6b/86/6b86b273ff34fce19d6b804eff5a3f5747ada4eaa22f1d49c01e52ddb7875b4b.git grpc.request.repoStorage=default grpc.request.topLevelGroup=@hashed grpc.service=gitaly.RepositoryService grpc.start_time="2020-10-04T03:10:58+05:30" grpc.time_ms=1.643 peer.address=@ pid=625 span.kind=server system=grpc
time="2020-10-04T03:10:58+05:30" level=info msg="I, [2020-10-04T03:09:37.552373 #654]  INFO -- sentry: ** [Raven] Raven 3.0.4 configured not to capture errors: DSN not set" supervisor.args="[bundle exec bin/ruby-cd /home/git/gitaly /home/git/gitaly/ruby/bin/gitaly-ruby 625 /tmp/gitaly-internal097006294/ruby.1]" supervisor.name=gitaly-ruby.1
time="2020-10-04T03:10:58+05:30" level=info msg="GRPC-RUBY: WARN: Using gitaly-proto 13.4.2" supervisor.args="[bundle exec bin/ruby-cd /home/git/gitaly /home/git/gitaly/ruby/bin/gitaly-ruby 625 /tmp/gitaly-internal097006294/ruby.1]" supervisor.name=gitaly-ruby.1
time="2020-10-04T03:10:58+05:30" level=error msg="Internal API error" correlation_id=JOOAxm38Ky5 duration_ms=103ns error="Internal API error (502)" method=POST status=502 url="http://localhost:8181/api/v4/internal/allowed"
time="2020-10-04T03:10:58+05:30" level=info msg="finished streaming call with code OK" grpc.code=OK grpc.meta.deadline_type=none grpc.method=PreReceiveHook grpc.request.fullMethod=/gitaly.HookService/PreReceiveHook grpc.request.glProjectPath=gitlab-instance-2f4ed943/monitoring grpc.request.glRepository=project-1 grpc.request.repoPath=@hashed/6b/86/6b86b273ff34fce19d6b804eff5a3f5747ada4eaa22f1d49c01e52ddb7875b4b.git grpc.request.repoStorage=default grpc.request.topLevelGroup=@hashed grpc.service=gitaly.HookService grpc.start_time="2020-10-04T03:10:58+05:30" grpc.time_ms=113.126 peer.address=@ pid=625 span.kind=server system=grpc
time="2020-10-04T03:10:58+05:30" level=info msg="diskcache state change" correlation_id=cc1e03b8eb049bc29ad226460c67714e diskcache=71d54c3b-163a-40c3-a7ac-accc1edde45f grpc.meta.auth_version=v2 grpc.meta.client_name=gitlab-web grpc.meta.deadline_type=unknown grpc.method=UserCommitFiles grpc.request.deadline="2020-10-04T09:10:58+05:30" grpc.request.fullMethod=/gitaly.OperationService/UserCommitFiles grpc.service=gitaly.OperationService grpc.start_time="2020-10-04T03:10:58+05:30" peer.address=@ pid=625 span.kind=server system=grpc
time="2020-10-04T03:10:58+05:30" level=info msg="finished streaming call with code OK" correlation_id=cc1e03b8eb049bc29ad226460c67714e grpc.code=OK grpc.meta.auth_version=v2 grpc.meta.client_name=gitlab-web grpc.meta.deadline_type=unknown grpc.method=UserCommitFiles grpc.request.deadline="2020-10-04T09:10:58+05:30" grpc.request.fullMethod=/gitaly.OperationService/UserCommitFiles grpc.service=gitaly.OperationService grpc.start_time="2020-10-04T03:10:58+05:30" grpc.time_ms=641.277 peer.address=@ pid=625 span.kind=server system=grpc
time="2020-10-04T03:12:01+05:30" level=warning msg=exited error="signal: killed" supervisor.args="[bundle exec bin/ruby-cd /home/git/gitaly /home/git/gitaly/ruby/bin/gitaly-ruby 625 /tmp/gitaly-internal097006294/ruby.0]" supervisor.name=gitaly-ruby.0
time="2020-10-04T03:12:01+05:30" level=warning msg=exited error="signal: killed" supervisor.args="[bundle exec bin/ruby-cd /home/git/gitaly /home/git/gitaly/ruby/bin/gitaly-ruby 625 /tmp/gitaly-internal097006294/ruby.1]" supervisor.name=gitaly-ruby.1
time="2020-10-04T03:12:01+05:30" level=error msg="shutting down" error="received signal \"terminated\""
time="2020-10-04T03:12:06+05:30" level=info msg="Starting Gitaly" version="Gitaly, version 13.4.2"
time="2020-10-04T03:12:06+05:30" level=warning msg="git path not configured. Using default path resolution" resolvedPath=/usr/bin/git
time="2020-10-04T03:12:06+05:30" level=info msg="clearing disk cache object folder" path=/home/git/data/repositories
time="2020-10-04T03:12:06+05:30" level=info msg="moving disk cache object folder to /home/git/data/repositories/+gitaly/tmp/diskcache197096620" path=/home/git/data/repositories
time="2020-10-04T03:12:06+05:30" level=info msg="disk cache object folder doesn't exist, no need to remove" path=/home/git/data/repositories
time="2020-10-04T03:12:06+05:30" level=info msg="Starting file walker for /home/git/data/repositories/+gitaly/cache" path=/home/git/data/repositories/+gitaly/cache
time="2020-10-04T03:12:06+05:30" level=info msg="Starting file walker for /home/git/data/repositories/+gitaly/state" path=/home/git/data/repositories/+gitaly/state
time="2020-10-04T03:12:06+05:30" level=info msg="cleared all cache object files in /home/git/data/repositories/+gitaly/tmp/diskcache197096620 after 47.507µs" path=/home/git/data/repositories
time="2020-10-04T03:12:07+05:30" level=info msg="finished tempdir cleaner walk" storage=default time_ms=0
time="2020-10-04T03:12:07+05:30" level=info msg="listening at unix address" address=/home/git/gitlab/tmp/sockets/private/gitaly.socket
time="2020-10-04T03:12:07+05:30" level=info msg="listening at unix address" address=/tmp/gitaly-internal194916542/internal.sock
time="2020-10-04T03:12:07+05:30" level=warning msg=spawned supervisor.args="[bundle exec bin/ruby-cd /home/git/gitaly /home/git/gitaly/ruby/bin/gitaly-ruby 1013 /tmp/gitaly-internal194916542/ruby.0]" supervisor.name=gitaly-ruby.0 supervisor.pid=1039
time="2020-10-04T03:12:07+05:30" level=warning msg=spawned supervisor.args="[bundle exec bin/ruby-cd /home/git/gitaly /home/git/gitaly/ruby/bin/gitaly-ruby 1013 /tmp/gitaly-internal194916542/ruby.1]" supervisor.name=gitaly-ruby.1 supervisor.pid=1040
time="2020-10-04T03:12:07+05:30" level=info msg="starting RSS monitor" supervisor.name=gitaly-ruby.0 supervisor.rss_threshold=209715200
time="2020-10-04T03:12:07+05:30" level=info msg="starting RSS monitor" supervisor.name=gitaly-ruby.1 supervisor.rss_threshold=209715200
time="2020-10-04T03:12:07+05:30" level=info msg="PID 1039 BUNDLE_GEMFILE=/home/git/gitaly/ruby/Gemfile" supervisor.args="[bundle exec bin/ruby-cd /home/git/gitaly /home/git/gitaly/ruby/bin/gitaly-ruby 1013 /tmp/gitaly-internal194916542/ruby.0]" supervisor.name=gitaly-ruby.0
time="2020-10-04T03:12:07+05:30" level=info msg="PID 1040 BUNDLE_GEMFILE=/home/git/gitaly/ruby/Gemfile" supervisor.args="[bundle exec bin/ruby-cd /home/git/gitaly /home/git/gitaly/ruby/bin/gitaly-ruby 1013 /tmp/gitaly-internal194916542/ruby.1]" supervisor.name=gitaly-ruby.1
time="2020-10-04T03:16:19+05:30" level=warning msg=exited error="signal: killed" supervisor.args="[bundle exec bin/ruby-cd /home/git/gitaly /home/git/gitaly/ruby/bin/gitaly-ruby 1013 /tmp/gitaly-internal194916542/ruby.0]" supervisor.name=gitaly-ruby.0
time="2020-10-04T03:16:19+05:30" level=warning msg=exited error="signal: killed" supervisor.args="[bundle exec bin/ruby-cd /home/git/gitaly /home/git/gitaly/ruby/bin/gitaly-ruby 1013 /tmp/gitaly-internal194916542/ruby.1]" supervisor.name=gitaly-ruby.1
time="2020-10-04T03:16:19+05:30" level=error msg="shutting down" error="received signal \"terminated\""
time="2020-10-04T03:19:40+05:30" level=info msg="Starting Gitaly" version="Gitaly, version 13.4.2"
time="2020-10-04T03:19:40+05:30" level=warning msg="git path not configured. Using default path resolution" resolvedPath=/usr/bin/git
time="2020-10-04T03:19:40+05:30" level=info msg="clearing disk cache object folder" path=/home/git/data/repositories
time="2020-10-04T03:19:40+05:30" level=info msg="moving disk cache object folder to /home/git/data/repositories/+gitaly/tmp/diskcache819543745" path=/home/git/data/repositories
time="2020-10-04T03:19:40+05:30" level=info msg="disk cache object folder doesn't exist, no need to remove" path=/home/git/data/repositories
time="2020-10-04T03:19:40+05:30" level=info msg="Starting file walker for /home/git/data/repositories/+gitaly/cache" path=/home/git/data/repositories/+gitaly/cache
time="2020-10-04T03:19:40+05:30" level=info msg="Starting file walker for /home/git/data/repositories/+gitaly/state" path=/home/git/data/repositories/+gitaly/state
time="2020-10-04T03:19:40+05:30" level=info msg="cleared all cache object files in /home/git/data/repositories/+gitaly/tmp/diskcache819543745 after 40.18µs" path=/home/git/data/repositories
time="2020-10-04T03:19:42+05:30" level=info msg="Starting Gitaly" version="Gitaly, version 13.4.2"
time="2020-10-04T03:19:42+05:30" level=warning msg="git path not configured. Using default path resolution" resolvedPath=/usr/bin/git
time="2020-10-04T03:19:42+05:30" level=info msg="clearing disk cache object folder" path=/home/git/data/repositories
time="2020-10-04T03:19:42+05:30" level=info msg="moving disk cache object folder to /home/git/data/repositories/+gitaly/tmp/diskcache120006738" path=/home/git/data/repositories
time="2020-10-04T03:19:42+05:30" level=info msg="disk cache object folder doesn't exist, no need to remove" path=/home/git/data/repositories
time="2020-10-04T03:19:42+05:30" level=info msg="cleared all cache object files in /home/git/data/repositories/+gitaly/tmp/diskcache120006738 after 55.189µs" path=/home/git/data/repositories
time="2020-10-04T03:19:42+05:30" level=info msg="Starting file walker for /home/git/data/repositories/+gitaly/cache" path=/home/git/data/repositories/+gitaly/cache
time="2020-10-04T03:19:42+05:30" level=info msg="Starting file walker for /home/git/data/repositories/+gitaly/state" path=/home/git/data/repositories/+gitaly/state
time="2020-10-04T03:19:42+05:30" level=info msg="listening at unix address" address=/home/git/gitlab/tmp/sockets/private/gitaly.socket
time="2020-10-04T03:19:42+05:30" level=info msg="listening at unix address" address=/tmp/gitaly-internal117208404/internal.sock
time="2020-10-04T03:19:42+05:30" level=info msg="finished tempdir cleaner walk" storage=default time_ms=0
time="2020-10-04T03:19:42+05:30" level=info msg="starting RSS monitor" supervisor.name=gitaly-ruby.0 supervisor.rss_threshold=209715200
time="2020-10-04T03:19:42+05:30" level=warning msg=spawned supervisor.args="[bundle exec bin/ruby-cd /home/git/gitaly /home/git/gitaly/ruby/bin/gitaly-ruby 650 /tmp/gitaly-internal117208404/ruby.0]" supervisor.name=gitaly-ruby.0 supervisor.pid=676
time="2020-10-04T03:19:42+05:30" level=info msg="starting RSS monitor" supervisor.name=gitaly-ruby.1 supervisor.rss_threshold=209715200
time="2020-10-04T03:19:42+05:30" level=warning msg=spawned supervisor.args="[bundle exec bin/ruby-cd /home/git/gitaly /home/git/gitaly/ruby/bin/gitaly-ruby 650 /tmp/gitaly-internal117208404/ruby.1]" supervisor.name=gitaly-ruby.1 supervisor.pid=680
time="2020-10-04T03:19:43+05:30" level=info msg="PID 676 BUNDLE_GEMFILE=/home/git/gitaly/ruby/Gemfile" supervisor.args="[bundle exec bin/ruby-cd /home/git/gitaly /home/git/gitaly/ruby/bin/gitaly-ruby 650 /tmp/gitaly-internal117208404/ruby.0]" supervisor.name=gitaly-ruby.0
time="2020-10-04T03:19:43+05:30" level=info msg="PID 680 BUNDLE_GEMFILE=/home/git/gitaly/ruby/Gemfile" supervisor.args="[bundle exec bin/ruby-cd /home/git/gitaly /home/git/gitaly/ruby/bin/gitaly-ruby 650 /tmp/gitaly-internal117208404/ruby.1]" supervisor.name=gitaly-ruby.1
time="2020-10-04T03:19:55+05:30" level=warning msg=exited error="signal: killed" supervisor.args="[bundle exec bin/ruby-cd /home/git/gitaly /home/git/gitaly/ruby/bin/gitaly-ruby 650 /tmp/gitaly-internal117208404/ruby.0]" supervisor.name=gitaly-ruby.0
time="2020-10-04T03:19:55+05:30" level=warning msg=exited error="signal: killed" supervisor.args="[bundle exec bin/ruby-cd /home/git/gitaly /home/git/gitaly/ruby/bin/gitaly-ruby 650 /tmp/gitaly-internal117208404/ruby.1]" supervisor.name=gitaly-ruby.1
time="2020-10-04T03:19:55+05:30" level=error msg="shutting down" error="received signal \"terminated\""
time="2020-10-04T03:20:45+05:30" level=info msg="Starting Gitaly" version="Gitaly, version 13.4.2"
time="2020-10-04T03:20:45+05:30" level=warning msg="git path not configured. Using default path resolution" resolvedPath=/usr/bin/git
time="2020-10-04T03:20:45+05:30" level=info msg="clearing disk cache object folder" path=/home/git/data/repositories
time="2020-10-04T03:20:45+05:30" level=info msg="moving disk cache object folder to /home/git/data/repositories/+gitaly/tmp/diskcache832566527" path=/home/git/data/repositories
time="2020-10-04T03:20:45+05:30" level=info msg="disk cache object folder doesn't exist, no need to remove" path=/home/git/data/repositories
time="2020-10-04T03:20:45+05:30" level=info msg="Starting file walker for /home/git/data/repositories/+gitaly/cache" path=/home/git/data/repositories/+gitaly/cache
time="2020-10-04T03:20:45+05:30" level=info msg="Starting file walker for /home/git/data/repositories/+gitaly/state" path=/home/git/data/repositories/+gitaly/state
time="2020-10-04T03:20:45+05:30" level=info msg="cleared all cache object files in /home/git/data/repositories/+gitaly/tmp/diskcache832566527 after 239.628µs" path=/home/git/data/repositories
time="2020-10-04T03:20:46+05:30" level=info msg="finished tempdir cleaner walk" storage=default time_ms=0
time="2020-10-04T03:20:46+05:30" level=info msg="listening at unix address" address=/home/git/gitlab/tmp/sockets/private/gitaly.socket
time="2020-10-04T03:20:46+05:30" level=info msg="listening at unix address" address=/tmp/gitaly-internal813949833/internal.sock
time="2020-10-04T03:20:46+05:30" level=info msg="starting RSS monitor" supervisor.name=gitaly-ruby.1 supervisor.rss_threshold=209715200
time="2020-10-04T03:20:46+05:30" level=info msg="starting RSS monitor" supervisor.name=gitaly-ruby.0 supervisor.rss_threshold=209715200
time="2020-10-04T03:20:46+05:30" level=warning msg=spawned supervisor.args="[bundle exec bin/ruby-cd /home/git/gitaly /home/git/gitaly/ruby/bin/gitaly-ruby 614 /tmp/gitaly-internal813949833/ruby.0]" supervisor.name=gitaly-ruby.0 supervisor.pid=639
time="2020-10-04T03:20:46+05:30" level=warning msg=spawned supervisor.args="[bundle exec bin/ruby-cd /home/git/gitaly /home/git/gitaly/ruby/bin/gitaly-ruby 614 /tmp/gitaly-internal813949833/ruby.1]" supervisor.name=gitaly-ruby.1 supervisor.pid=642
time="2020-10-04T03:20:46+05:30" level=info msg="PID 639 BUNDLE_GEMFILE=/home/git/gitaly/ruby/Gemfile" supervisor.args="[bundle exec bin/ruby-cd /home/git/gitaly /home/git/gitaly/ruby/bin/gitaly-ruby 614 /tmp/gitaly-internal813949833/ruby.0]" supervisor.name=gitaly-ruby.0
time="2020-10-04T03:20:46+05:30" level=info msg="PID 642 BUNDLE_GEMFILE=/home/git/gitaly/ruby/Gemfile" supervisor.args="[bundle exec bin/ruby-cd /home/git/gitaly /home/git/gitaly/ruby/bin/gitaly-ruby 614 /tmp/gitaly-internal813949833/ruby.1]" supervisor.name=gitaly-ruby.1
time="2020-10-04T03:22:14+05:30" level=info msg="Starting Gitaly" version="Gitaly, version 13.4.2"
time="2020-10-04T03:22:14+05:30" level=warning msg="git path not configured. Using default path resolution" resolvedPath=/usr/bin/git
time="2020-10-04T03:22:14+05:30" level=info msg="clearing disk cache object folder" path=/home/git/data/repositories
time="2020-10-04T03:22:14+05:30" level=info msg="moving disk cache object folder to /home/git/data/repositories/+gitaly/tmp/diskcache714134664" path=/home/git/data/repositories
time="2020-10-04T03:22:14+05:30" level=info msg="disk cache object folder doesn't exist, no need to remove" path=/home/git/data/repositories
time="2020-10-04T03:22:14+05:30" level=info msg="Starting file walker for /home/git/data/repositories/+gitaly/cache" path=/home/git/data/repositories/+gitaly/cache
time="2020-10-04T03:22:14+05:30" level=info msg="Starting file walker for /home/git/data/repositories/+gitaly/state" path=/home/git/data/repositories/+gitaly/state
time="2020-10-04T03:22:14+05:30" level=info msg="cleared all cache object files in /home/git/data/repositories/+gitaly/tmp/diskcache714134664 after 70.946µs" path=/home/git/data/repositories
time="2020-10-04T03:22:15+05:30" level=info msg="finished tempdir cleaner walk" storage=default time_ms=0
time="2020-10-04T03:22:15+05:30" level=info msg="listening at unix address" address=/home/git/gitlab/tmp/sockets/private/gitaly.socket
time="2020-10-04T03:22:15+05:30" level=info msg="listening at unix address" address=/tmp/gitaly-internal989937914/internal.sock
time="2020-10-04T03:22:15+05:30" level=info msg="starting RSS monitor" supervisor.name=gitaly-ruby.0 supervisor.rss_threshold=209715200
time="2020-10-04T03:22:15+05:30" level=info msg="starting RSS monitor" supervisor.name=gitaly-ruby.1 supervisor.rss_threshold=209715200
time="2020-10-04T03:22:15+05:30" level=warning msg=spawned supervisor.args="[bundle exec bin/ruby-cd /home/git/gitaly /home/git/gitaly/ruby/bin/gitaly-ruby 642 /tmp/gitaly-internal989937914/ruby.0]" supervisor.name=gitaly-ruby.0 supervisor.pid=667
time="2020-10-04T03:22:15+05:30" level=warning msg=spawned supervisor.args="[bundle exec bin/ruby-cd /home/git/gitaly /home/git/gitaly/ruby/bin/gitaly-ruby 642 /tmp/gitaly-internal989937914/ruby.1]" supervisor.name=gitaly-ruby.1 supervisor.pid=669
time="2020-10-04T03:22:15+05:30" level=info msg="PID 669 BUNDLE_GEMFILE=/home/git/gitaly/ruby/Gemfile" supervisor.args="[bundle exec bin/ruby-cd /home/git/gitaly /home/git/gitaly/ruby/bin/gitaly-ruby 642 /tmp/gitaly-internal989937914/ruby.1]" supervisor.name=gitaly-ruby.1
time="2020-10-04T03:22:15+05:30" level=info msg="PID 667 BUNDLE_GEMFILE=/home/git/gitaly/ruby/Gemfile" supervisor.args="[bundle exec bin/ruby-cd /home/git/gitaly /home/git/gitaly/ruby/bin/gitaly-ruby 642 /tmp/gitaly-internal989937914/ruby.0]" supervisor.name=gitaly-ruby.0
time="2020-10-04T03:23:09+05:30" level=warning msg=exited error="signal: killed" supervisor.args="[bundle exec bin/ruby-cd /home/git/gitaly /home/git/gitaly/ruby/bin/gitaly-ruby 642 /tmp/gitaly-internal989937914/ruby.0]" supervisor.name=gitaly-ruby.0
time="2020-10-04T03:23:09+05:30" level=warning msg=exited error="signal: killed" supervisor.args="[bundle exec bin/ruby-cd /home/git/gitaly /home/git/gitaly/ruby/bin/gitaly-ruby 642 /tmp/gitaly-internal989937914/ruby.1]" supervisor.name=gitaly-ruby.1
time="2020-10-04T03:23:09+05:30" level=error msg="shutting down" error="received signal \"terminated\""
time="2020-10-04T03:23:10+05:30" level=info msg="Starting Gitaly" version="Gitaly, version 13.4.2"
time="2020-10-04T03:23:10+05:30" level=warning msg="git path not configured. Using default path resolution" resolvedPath=/usr/bin/git
time="2020-10-04T03:23:10+05:30" level=info msg="clearing disk cache object folder" path=/home/git/data/repositories
time="2020-10-04T03:23:10+05:30" level=info msg="moving disk cache object folder to /home/git/data/repositories/+gitaly/tmp/diskcache124993910" path=/home/git/data/repositories
time="2020-10-04T03:23:10+05:30" level=info msg="disk cache object folder doesn't exist, no need to remove" path=/home/git/data/repositories
time="2020-10-04T03:23:10+05:30" level=info msg="Starting file walker for /home/git/data/repositories/+gitaly/cache" path=/home/git/data/repositories/+gitaly/cache
time="2020-10-04T03:23:10+05:30" level=info msg="Starting file walker for /home/git/data/repositories/+gitaly/state" path=/home/git/data/repositories/+gitaly/state
time="2020-10-04T03:23:10+05:30" level=info msg="cleared all cache object files in /home/git/data/repositories/+gitaly/tmp/diskcache124993910 after 68.249µs" path=/home/git/data/repositories
time="2020-10-04T03:23:11+05:30" level=info msg="finished tempdir cleaner walk" storage=default time_ms=0
time="2020-10-04T03:23:11+05:30" level=info msg="listening at unix address" address=/home/git/gitlab/tmp/sockets/private/gitaly.socket
time="2020-10-04T03:23:11+05:30" level=info msg="listening at unix address" address=/tmp/gitaly-internal118674968/internal.sock
time="2020-10-04T03:23:11+05:30" level=info msg="starting RSS monitor" supervisor.name=gitaly-ruby.0 supervisor.rss_threshold=209715200
time="2020-10-04T03:23:11+05:30" level=warning msg=spawned supervisor.args="[bundle exec bin/ruby-cd /home/git/gitaly /home/git/gitaly/ruby/bin/gitaly-ruby 872 /tmp/gitaly-internal118674968/ruby.0]" supervisor.name=gitaly-ruby.0 supervisor.pid=897
time="2020-10-04T03:23:11+05:30" level=info msg="starting RSS monitor" supervisor.name=gitaly-ruby.1 supervisor.rss_threshold=209715200
time="2020-10-04T03:23:11+05:30" level=warning msg=spawned supervisor.args="[bundle exec bin/ruby-cd /home/git/gitaly /home/git/gitaly/ruby/bin/gitaly-ruby 872 /tmp/gitaly-internal118674968/ruby.1]" supervisor.name=gitaly-ruby.1 supervisor.pid=900
time="2020-10-04T03:23:11+05:30" level=info msg="PID 897 BUNDLE_GEMFILE=/home/git/gitaly/ruby/Gemfile" supervisor.args="[bundle exec bin/ruby-cd /home/git/gitaly /home/git/gitaly/ruby/bin/gitaly-ruby 872 /tmp/gitaly-internal118674968/ruby.0]" supervisor.name=gitaly-ruby.0
time="2020-10-04T03:23:11+05:30" level=info msg="PID 900 BUNDLE_GEMFILE=/home/git/gitaly/ruby/Gemfile" supervisor.args="[bundle exec bin/ruby-cd /home/git/gitaly /home/git/gitaly/ruby/bin/gitaly-ruby 872 /tmp/gitaly-internal118674968/ruby.1]" supervisor.name=gitaly-ruby.1
time="2020-10-04T03:28:29+05:30" level=warning msg=exited error="signal: killed" supervisor.args="[bundle exec bin/ruby-cd /home/git/gitaly /home/git/gitaly/ruby/bin/gitaly-ruby 872 /tmp/gitaly-internal118674968/ruby.0]" supervisor.name=gitaly-ruby.0
time="2020-10-04T03:28:29+05:30" level=warning msg=exited error="signal: killed" supervisor.args="[bundle exec bin/ruby-cd /home/git/gitaly /home/git/gitaly/ruby/bin/gitaly-ruby 872 /tmp/gitaly-internal118674968/ruby.1]" supervisor.name=gitaly-ruby.1
time="2020-10-04T03:28:29+05:30" level=error msg="shutting down" error="received signal \"terminated\""
time="2020-10-04T03:29:25+05:30" level=info msg="Starting Gitaly" version="Gitaly, version 13.4.2"
time="2020-10-04T03:29:25+05:30" level=warning msg="git path not configured. Using default path resolution" resolvedPath=/usr/bin/git
time="2020-10-04T03:29:25+05:30" level=info msg="clearing disk cache object folder" path=/home/git/data/repositories
time="2020-10-04T03:29:25+05:30" level=info msg="moving disk cache object folder to /home/git/data/repositories/+gitaly/tmp/diskcache818824515" path=/home/git/data/repositories
time="2020-10-04T03:29:25+05:30" level=info msg="disk cache object folder doesn't exist, no need to remove" path=/home/git/data/repositories
time="2020-10-04T03:29:25+05:30" level=info msg="Starting file walker for /home/git/data/repositories/+gitaly/cache" path=/home/git/data/repositories/+gitaly/cache
time="2020-10-04T03:29:25+05:30" level=info msg="cleared all cache object files in /home/git/data/repositories/+gitaly/tmp/diskcache818824515 after 43.893µs" path=/home/git/data/repositories
time="2020-10-04T03:29:25+05:30" level=info msg="Starting file walker for /home/git/data/repositories/+gitaly/state" path=/home/git/data/repositories/+gitaly/state
time="2020-10-04T03:29:26+05:30" level=info msg="finished tempdir cleaner walk" storage=default time_ms=0
time="2020-10-04T03:29:26+05:30" level=info msg="listening at unix address" address=/home/git/gitlab/tmp/sockets/private/gitaly.socket
time="2020-10-04T03:29:26+05:30" level=info msg="listening at unix address" address=/tmp/gitaly-internal124004461/internal.sock
time="2020-10-04T03:29:26+05:30" level=warning msg=spawned supervisor.args="[bundle exec bin/ruby-cd /home/git/gitaly /home/git/gitaly/ruby/bin/gitaly-ruby 622 /tmp/gitaly-internal124004461/ruby.0]" supervisor.name=gitaly-ruby.0 supervisor.pid=646
time="2020-10-04T03:29:26+05:30" level=info msg="starting RSS monitor" supervisor.name=gitaly-ruby.0 supervisor.rss_threshold=209715200
time="2020-10-04T03:29:26+05:30" level=info msg="starting RSS monitor" supervisor.name=gitaly-ruby.1 supervisor.rss_threshold=209715200
time="2020-10-04T03:29:26+05:30" level=warning msg=spawned supervisor.args="[bundle exec bin/ruby-cd /home/git/gitaly /home/git/gitaly/ruby/bin/gitaly-ruby 622 /tmp/gitaly-internal124004461/ruby.1]" supervisor.name=gitaly-ruby.1 supervisor.pid=648
time="2020-10-04T03:29:26+05:30" level=info msg="PID 646 BUNDLE_GEMFILE=/home/git/gitaly/ruby/Gemfile" supervisor.args="[bundle exec bin/ruby-cd /home/git/gitaly /home/git/gitaly/ruby/bin/gitaly-ruby 622 /tmp/gitaly-internal124004461/ruby.0]" supervisor.name=gitaly-ruby.0
time="2020-10-04T03:29:26+05:30" level=info msg="PID 648 BUNDLE_GEMFILE=/home/git/gitaly/ruby/Gemfile" supervisor.args="[bundle exec bin/ruby-cd /home/git/gitaly /home/git/gitaly/ruby/bin/gitaly-ruby 622 /tmp/gitaly-internal124004461/ruby.1]" supervisor.name=gitaly-ruby.1
time="2020-10-04T03:39:50+05:30" level=warning msg=exited error="signal: killed" supervisor.args="[bundle exec bin/ruby-cd /home/git/gitaly /home/git/gitaly/ruby/bin/gitaly-ruby 622 /tmp/gitaly-internal124004461/ruby.0]" supervisor.name=gitaly-ruby.0
time="2020-10-04T03:39:50+05:30" level=warning msg=exited error="signal: killed" supervisor.args="[bundle exec bin/ruby-cd /home/git/gitaly /home/git/gitaly/ruby/bin/gitaly-ruby 622 /tmp/gitaly-internal124004461/ruby.1]" supervisor.name=gitaly-ruby.1
time="2020-10-04T03:39:50+05:30" level=error msg="shutting down" error="received signal \"terminated\""
time="2020-10-04T03:45:20+05:30" level=info msg="Starting Gitaly" version="Gitaly, version 13.4.2"
time="2020-10-04T03:45:20+05:30" level=warning msg="git path not configured. Using default path resolution" resolvedPath=/usr/bin/git
time="2020-10-04T03:45:20+05:30" level=info msg="clearing disk cache object folder" path=/home/git/data/repositories
time="2020-10-04T03:45:20+05:30" level=info msg="moving disk cache object folder to /home/git/data/repositories/+gitaly/tmp/diskcache658553773" path=/home/git/data/repositories
time="2020-10-04T03:45:20+05:30" level=info msg="disk cache object folder doesn't exist, no need to remove" path=/home/git/data/repositories
time="2020-10-04T03:45:20+05:30" level=info msg="Starting file walker for /home/git/data/repositories/+gitaly/cache" path=/home/git/data/repositories/+gitaly/cache
time="2020-10-04T03:45:20+05:30" level=info msg="Starting file walker for /home/git/data/repositories/+gitaly/state" path=/home/git/data/repositories/+gitaly/state
time="2020-10-04T03:45:20+05:30" level=info msg="cleared all cache object files in /home/git/data/repositories/+gitaly/tmp/diskcache658553773 after 42.64µs" path=/home/git/data/repositories
time="2020-10-04T03:45:22+05:30" level=info msg="finished tempdir cleaner walk" storage=default time_ms=0
time="2020-10-04T03:45:22+05:30" level=info msg="listening at unix address" address=/home/git/gitlab/tmp/sockets/private/gitaly.socket
time="2020-10-04T03:45:22+05:30" level=info msg="listening at unix address" address=/tmp/gitaly-internal326546535/internal.sock
time="2020-10-04T03:45:22+05:30" level=info msg="starting RSS monitor" supervisor.name=gitaly-ruby.1 supervisor.rss_threshold=209715200
time="2020-10-04T03:45:22+05:30" level=warning msg=spawned supervisor.args="[bundle exec bin/ruby-cd /home/git/gitaly /home/git/gitaly/ruby/bin/gitaly-ruby 626 /tmp/gitaly-internal326546535/ruby.0]" supervisor.name=gitaly-ruby.0 supervisor.pid=651
time="2020-10-04T03:45:22+05:30" level=info msg="starting RSS monitor" supervisor.name=gitaly-ruby.0 supervisor.rss_threshold=209715200
time="2020-10-04T03:45:22+05:30" level=warning msg=spawned supervisor.args="[bundle exec bin/ruby-cd /home/git/gitaly /home/git/gitaly/ruby/bin/gitaly-ruby 626 /tmp/gitaly-internal326546535/ruby.1]" supervisor.name=gitaly-ruby.1 supervisor.pid=652
time="2020-10-04T03:45:23+05:30" level=info msg="PID 652 BUNDLE_GEMFILE=/home/git/gitaly/ruby/Gemfile" supervisor.args="[bundle exec bin/ruby-cd /home/git/gitaly /home/git/gitaly/ruby/bin/gitaly-ruby 626 /tmp/gitaly-internal326546535/ruby.1]" supervisor.name=gitaly-ruby.1
time="2020-10-04T03:45:23+05:30" level=info msg="PID 651 BUNDLE_GEMFILE=/home/git/gitaly/ruby/Gemfile" supervisor.args="[bundle exec bin/ruby-cd /home/git/gitaly /home/git/gitaly/ruby/bin/gitaly-ruby 626 /tmp/gitaly-internal326546535/ruby.0]" supervisor.name=gitaly-ruby.0
time="2020-10-04T03:47:38+05:30" level=warning msg=exited error="signal: killed" supervisor.args="[bundle exec bin/ruby-cd /home/git/gitaly /home/git/gitaly/ruby/bin/gitaly-ruby 626 /tmp/gitaly-internal326546535/ruby.0]" supervisor.name=gitaly-ruby.0
time="2020-10-04T03:47:38+05:30" level=warning msg=exited error="signal: killed" supervisor.args="[bundle exec bin/ruby-cd /home/git/gitaly /home/git/gitaly/ruby/bin/gitaly-ruby 626 /tmp/gitaly-internal326546535/ruby.1]" supervisor.name=gitaly-ruby.1
time="2020-10-04T03:47:38+05:30" level=error msg="shutting down" error="received signal \"terminated\""
time="2020-10-04T03:57:47+05:30" level=info msg="Starting Gitaly" version="Gitaly, version 13.4.2"
time="2020-10-04T03:57:47+05:30" level=warning msg="git path not configured. Using default path resolution" resolvedPath=/usr/bin/git
time="2020-10-04T03:57:47+05:30" level=info msg="clearing disk cache object folder" path=/home/git/data/repositories
time="2020-10-04T03:57:47+05:30" level=info msg="moving disk cache object folder to /home/git/data/repositories/+gitaly/tmp/diskcache139775877" path=/home/git/data/repositories
time="2020-10-04T03:57:47+05:30" level=info msg="disk cache object folder doesn't exist, no need to remove" path=/home/git/data/repositories
time="2020-10-04T03:57:47+05:30" level=info msg="Starting file walker for /home/git/data/repositories/+gitaly/cache" path=/home/git/data/repositories/+gitaly/cache
time="2020-10-04T03:57:47+05:30" level=info msg="Starting file walker for /home/git/data/repositories/+gitaly/state" path=/home/git/data/repositories/+gitaly/state
time="2020-10-04T03:57:47+05:30" level=info msg="cleared all cache object files in /home/git/data/repositories/+gitaly/tmp/diskcache139775877 after 45.103µs" path=/home/git/data/repositories
time="2020-10-04T03:57:48+05:30" level=info msg="finished tempdir cleaner walk" storage=default time_ms=0
time="2020-10-04T03:57:48+05:30" level=info msg="listening at unix address" address=/home/git/gitlab/tmp/sockets/private/gitaly.socket
time="2020-10-04T03:57:48+05:30" level=info msg="listening at unix address" address=/tmp/gitaly-internal985090559/internal.sock
time="2020-10-04T03:57:48+05:30" level=warning msg=spawned supervisor.args="[bundle exec bin/ruby-cd /home/git/gitaly /home/git/gitaly/ruby/bin/gitaly-ruby 616 /tmp/gitaly-internal985090559/ruby.0]" supervisor.name=gitaly-ruby.0 supervisor.pid=639
time="2020-10-04T03:57:48+05:30" level=info msg="starting RSS monitor" supervisor.name=gitaly-ruby.0 supervisor.rss_threshold=209715200
time="2020-10-04T03:57:48+05:30" level=info msg="starting RSS monitor" supervisor.name=gitaly-ruby.1 supervisor.rss_threshold=209715200
time="2020-10-04T03:57:48+05:30" level=warning msg=spawned supervisor.args="[bundle exec bin/ruby-cd /home/git/gitaly /home/git/gitaly/ruby/bin/gitaly-ruby 616 /tmp/gitaly-internal985090559/ruby.1]" supervisor.name=gitaly-ruby.1 supervisor.pid=641
time="2020-10-04T03:57:48+05:30" level=info msg="PID 639 BUNDLE_GEMFILE=/home/git/gitaly/ruby/Gemfile" supervisor.args="[bundle exec bin/ruby-cd /home/git/gitaly /home/git/gitaly/ruby/bin/gitaly-ruby 616 /tmp/gitaly-internal985090559/ruby.0]" supervisor.name=gitaly-ruby.0
time="2020-10-04T03:57:48+05:30" level=info msg="PID 641 BUNDLE_GEMFILE=/home/git/gitaly/ruby/Gemfile" supervisor.args="[bundle exec bin/ruby-cd /home/git/gitaly /home/git/gitaly/ruby/bin/gitaly-ruby 616 /tmp/gitaly-internal985090559/ruby.1]" supervisor.name=gitaly-ruby.1
time="2020-10-04T03:57:58+05:30" level=warning msg=exited error="signal: killed" supervisor.args="[bundle exec bin/ruby-cd /home/git/gitaly /home/git/gitaly/ruby/bin/gitaly-ruby 616 /tmp/gitaly-internal985090559/ruby.0]" supervisor.name=gitaly-ruby.0
time="2020-10-04T03:57:58+05:30" level=warning msg=exited error="signal: killed" supervisor.args="[bundle exec bin/ruby-cd /home/git/gitaly /home/git/gitaly/ruby/bin/gitaly-ruby 616 /tmp/gitaly-internal985090559/ruby.1]" supervisor.name=gitaly-ruby.1
time="2020-10-04T03:57:58+05:30" level=error msg="shutting down" error="received signal \"terminated\""
time="2020-10-04T03:57:59+05:30" level=info msg="Starting Gitaly" version="Gitaly, version 13.4.2"
time="2020-10-04T03:57:59+05:30" level=warning msg="git path not configured. Using default path resolution" resolvedPath=/usr/bin/git
time="2020-10-04T03:57:59+05:30" level=info msg="clearing disk cache object folder" path=/home/git/data/repositories
time="2020-10-04T03:57:59+05:30" level=info msg="moving disk cache object folder to /home/git/data/repositories/+gitaly/tmp/diskcache286872495" path=/home/git/data/repositories
time="2020-10-04T03:57:59+05:30" level=info msg="disk cache object folder doesn't exist, no need to remove" path=/home/git/data/repositories
time="2020-10-04T03:57:59+05:30" level=info msg="Starting file walker for /home/git/data/repositories/+gitaly/cache" path=/home/git/data/repositories/+gitaly/cache
time="2020-10-04T03:57:59+05:30" level=info msg="Starting file walker for /home/git/data/repositories/+gitaly/state" path=/home/git/data/repositories/+gitaly/state
time="2020-10-04T03:57:59+05:30" level=info msg="cleared all cache object files in /home/git/data/repositories/+gitaly/tmp/diskcache286872495 after 71.663µs" path=/home/git/data/repositories
time="2020-10-04T03:58:00+05:30" level=info msg="finished tempdir cleaner walk" storage=default time_ms=0
time="2020-10-04T03:58:00+05:30" level=info msg="listening at unix address" address=/home/git/gitlab/tmp/sockets/private/gitaly.socket
time="2020-10-04T03:58:00+05:30" level=info msg="listening at unix address" address=/tmp/gitaly-internal693782457/internal.sock
time="2020-10-04T03:58:00+05:30" level=warning msg=spawned supervisor.args="[bundle exec bin/ruby-cd /home/git/gitaly /home/git/gitaly/ruby/bin/gitaly-ruby 729 /tmp/gitaly-internal693782457/ruby.0]" supervisor.name=gitaly-ruby.0 supervisor.pid=753
time="2020-10-04T03:58:00+05:30" level=info msg="starting RSS monitor" supervisor.name=gitaly-ruby.0 supervisor.rss_threshold=209715200
time="2020-10-04T03:58:00+05:30" level=info msg="starting RSS monitor" supervisor.name=gitaly-ruby.1 supervisor.rss_threshold=209715200
time="2020-10-04T03:58:00+05:30" level=warning msg=spawned supervisor.args="[bundle exec bin/ruby-cd /home/git/gitaly /home/git/gitaly/ruby/bin/gitaly-ruby 729 /tmp/gitaly-internal693782457/ruby.1]" supervisor.name=gitaly-ruby.1 supervisor.pid=756
time="2020-10-04T03:58:00+05:30" level=info msg="PID 753 BUNDLE_GEMFILE=/home/git/gitaly/ruby/Gemfile" supervisor.args="[bundle exec bin/ruby-cd /home/git/gitaly /home/git/gitaly/ruby/bin/gitaly-ruby 729 /tmp/gitaly-internal693782457/ruby.0]" supervisor.name=gitaly-ruby.0
time="2020-10-04T03:58:00+05:30" level=info msg="PID 756 BUNDLE_GEMFILE=/home/git/gitaly/ruby/Gemfile" supervisor.args="[bundle exec bin/ruby-cd /home/git/gitaly /home/git/gitaly/ruby/bin/gitaly-ruby 729 /tmp/gitaly-internal693782457/ruby.1]" supervisor.name=gitaly-ruby.1
time="2020-10-04T03:58:32+05:30" level=warning msg=exited error="signal: killed" supervisor.args="[bundle exec bin/ruby-cd /home/git/gitaly /home/git/gitaly/ruby/bin/gitaly-ruby 729 /tmp/gitaly-internal693782457/ruby.0]" supervisor.name=gitaly-ruby.0
time="2020-10-04T03:58:32+05:30" level=warning msg=exited error="signal: killed" supervisor.args="[bundle exec bin/ruby-cd /home/git/gitaly /home/git/gitaly/ruby/bin/gitaly-ruby 729 /tmp/gitaly-internal693782457/ruby.1]" supervisor.name=gitaly-ruby.1
time="2020-10-04T03:58:32+05:30" level=error msg="shutting down" error="received signal \"terminated\""
time="2020-10-04T04:00:19+05:30" level=info msg="Starting Gitaly" version="Gitaly, version 13.4.2"
time="2020-10-04T04:00:19+05:30" level=warning msg="git path not configured. Using default path resolution" resolvedPath=/usr/bin/git
time="2020-10-04T04:00:19+05:30" level=info msg="clearing disk cache object folder" path=/home/git/data/repositories
time="2020-10-04T04:00:19+05:30" level=info msg="moving disk cache object folder to /home/git/data/repositories/+gitaly/tmp/diskcache600914406" path=/home/git/data/repositories
time="2020-10-04T04:00:19+05:30" level=info msg="disk cache object folder doesn't exist, no need to remove" path=/home/git/data/repositories
time="2020-10-04T04:00:19+05:30" level=info msg="Starting file walker for /home/git/data/repositories/+gitaly/cache" path=/home/git/data/repositories/+gitaly/cache
time="2020-10-04T04:00:19+05:30" level=info msg="Starting file walker for /home/git/data/repositories/+gitaly/state" path=/home/git/data/repositories/+gitaly/state
time="2020-10-04T04:00:19+05:30" level=info msg="cleared all cache object files in /home/git/data/repositories/+gitaly/tmp/diskcache600914406 after 56.017µs" path=/home/git/data/repositories
time="2020-10-04T04:00:20+05:30" level=info msg="listening at unix address" address=/home/git/gitlab/tmp/sockets/private/gitaly.socket
time="2020-10-04T04:00:20+05:30" level=info msg="listening at unix address" address=/tmp/gitaly-internal606064648/internal.sock
time="2020-10-04T04:00:20+05:30" level=info msg="finished tempdir cleaner walk" storage=default time_ms=0
time="2020-10-04T04:00:20+05:30" level=info msg="starting RSS monitor" supervisor.name=gitaly-ruby.0 supervisor.rss_threshold=209715200
time="2020-10-04T04:00:20+05:30" level=info msg="starting RSS monitor" supervisor.name=gitaly-ruby.1 supervisor.rss_threshold=209715200
time="2020-10-04T04:00:20+05:30" level=warning msg=spawned supervisor.args="[bundle exec bin/ruby-cd /home/git/gitaly /home/git/gitaly/ruby/bin/gitaly-ruby 614 /tmp/gitaly-internal606064648/ruby.0]" supervisor.name=gitaly-ruby.0 supervisor.pid=639
time="2020-10-04T04:00:20+05:30" level=warning msg=spawned supervisor.args="[bundle exec bin/ruby-cd /home/git/gitaly /home/git/gitaly/ruby/bin/gitaly-ruby 614 /tmp/gitaly-internal606064648/ruby.1]" supervisor.name=gitaly-ruby.1 supervisor.pid=642
time="2020-10-04T04:00:20+05:30" level=info msg="PID 642 BUNDLE_GEMFILE=/home/git/gitaly/ruby/Gemfile" supervisor.args="[bundle exec bin/ruby-cd /home/git/gitaly /home/git/gitaly/ruby/bin/gitaly-ruby 614 /tmp/gitaly-internal606064648/ruby.1]" supervisor.name=gitaly-ruby.1
time="2020-10-04T04:00:20+05:30" level=info msg="PID 639 BUNDLE_GEMFILE=/home/git/gitaly/ruby/Gemfile" supervisor.args="[bundle exec bin/ruby-cd /home/git/gitaly /home/git/gitaly/ruby/bin/gitaly-ruby 614 /tmp/gitaly-internal606064648/ruby.0]" supervisor.name=gitaly-ruby.0
time="2020-10-04T04:03:22+05:30" level=warning msg=exited error="signal: killed" supervisor.args="[bundle exec bin/ruby-cd /home/git/gitaly /home/git/gitaly/ruby/bin/gitaly-ruby 614 /tmp/gitaly-internal606064648/ruby.0]" supervisor.name=gitaly-ruby.0
time="2020-10-04T04:03:22+05:30" level=warning msg=exited error="signal: killed" supervisor.args="[bundle exec bin/ruby-cd /home/git/gitaly /home/git/gitaly/ruby/bin/gitaly-ruby 614 /tmp/gitaly-internal606064648/ruby.1]" supervisor.name=gitaly-ruby.1
time="2020-10-04T04:03:22+05:30" level=error msg="shutting down" error="received signal \"terminated\""
time="2020-10-04T04:05:20+05:30" level=info msg="Starting Gitaly" version="Gitaly, version 13.4.2"
time="2020-10-04T04:05:20+05:30" level=warning msg="git path not configured. Using default path resolution" resolvedPath=/usr/bin/git
time="2020-10-04T04:05:20+05:30" level=info msg="clearing disk cache object folder" path=/home/git/data/repositories
time="2020-10-04T04:05:20+05:30" level=info msg="moving disk cache object folder to /home/git/data/repositories/+gitaly/tmp/diskcache293467563" path=/home/git/data/repositories
time="2020-10-04T04:05:20+05:30" level=info msg="disk cache object folder doesn't exist, no need to remove" path=/home/git/data/repositories
time="2020-10-04T04:05:20+05:30" level=info msg="Starting file walker for /home/git/data/repositories/+gitaly/cache" path=/home/git/data/repositories/+gitaly/cache
time="2020-10-04T04:05:20+05:30" level=info msg="Starting file walker for /home/git/data/repositories/+gitaly/state" path=/home/git/data/repositories/+gitaly/state
time="2020-10-04T04:05:20+05:30" level=info msg="cleared all cache object files in /home/git/data/repositories/+gitaly/tmp/diskcache293467563 after 41.334µs" path=/home/git/data/repositories
time="2020-10-04T04:05:21+05:30" level=info msg="finished tempdir cleaner walk" storage=default time_ms=0
time="2020-10-04T04:05:21+05:30" level=info msg="listening at unix address" address=/home/git/gitlab/tmp/sockets/private/gitaly.socket
time="2020-10-04T04:05:21+05:30" level=info msg="listening at unix address" address=/tmp/gitaly-internal542464789/internal.sock
time="2020-10-04T04:05:21+05:30" level=info msg="starting RSS monitor" supervisor.name=gitaly-ruby.0 supervisor.rss_threshold=209715200
time="2020-10-04T04:05:21+05:30" level=info msg="starting RSS monitor" supervisor.name=gitaly-ruby.1 supervisor.rss_threshold=209715200
time="2020-10-04T04:05:21+05:30" level=warning msg=spawned supervisor.args="[bundle exec bin/ruby-cd /home/git/gitaly /home/git/gitaly/ruby/bin/gitaly-ruby 633 /tmp/gitaly-internal542464789/ruby.0]" supervisor.name=gitaly-ruby.0 supervisor.pid=660
time="2020-10-04T04:05:21+05:30" level=warning msg=spawned supervisor.args="[bundle exec bin/ruby-cd /home/git/gitaly /home/git/gitaly/ruby/bin/gitaly-ruby 633 /tmp/gitaly-internal542464789/ruby.1]" supervisor.name=gitaly-ruby.1 supervisor.pid=662
time="2020-10-04T04:05:21+05:30" level=info msg="PID 660 BUNDLE_GEMFILE=/home/git/gitaly/ruby/Gemfile" supervisor.args="[bundle exec bin/ruby-cd /home/git/gitaly /home/git/gitaly/ruby/bin/gitaly-ruby 633 /tmp/gitaly-internal542464789/ruby.0]" supervisor.name=gitaly-ruby.0
time="2020-10-04T04:05:21+05:30" level=info msg="PID 662 BUNDLE_GEMFILE=/home/git/gitaly/ruby/Gemfile" supervisor.args="[bundle exec bin/ruby-cd /home/git/gitaly /home/git/gitaly/ruby/bin/gitaly-ruby 633 /tmp/gitaly-internal542464789/ruby.1]" supervisor.name=gitaly-ruby.1
time="2020-10-04T04:05:50+05:30" level=warning msg=exited error="signal: killed" supervisor.args="[bundle exec bin/ruby-cd /home/git/gitaly /home/git/gitaly/ruby/bin/gitaly-ruby 633 /tmp/gitaly-internal542464789/ruby.0]" supervisor.name=gitaly-ruby.0
time="2020-10-04T04:05:50+05:30" level=warning msg=exited error="signal: killed" supervisor.args="[bundle exec bin/ruby-cd /home/git/gitaly /home/git/gitaly/ruby/bin/gitaly-ruby 633 /tmp/gitaly-internal542464789/ruby.1]" supervisor.name=gitaly-ruby.1
time="2020-10-04T04:05:50+05:30" level=error msg="shutting down" error="received signal \"terminated\""
