2020-10-04 03:09:26,428 CRIT Supervisor running as root (no user in config file)
2020-10-04 03:09:26,429 INFO Included extra file "/etc/supervisor/conf.d/cron.conf" during parsing
2020-10-04 03:09:26,430 INFO Included extra file "/etc/supervisor/conf.d/gitaly.conf" during parsing
2020-10-04 03:09:26,431 INFO Included extra file "/etc/supervisor/conf.d/gitlab-workhorse.conf" during parsing
2020-10-04 03:09:26,433 INFO Included extra file "/etc/supervisor/conf.d/groups.conf" during parsing
2020-10-04 03:09:26,434 INFO Included extra file "/etc/supervisor/conf.d/mail_room.conf" during parsing
2020-10-04 03:09:26,435 INFO Included extra file "/etc/supervisor/conf.d/nginx.conf" during parsing
2020-10-04 03:09:26,437 INFO Included extra file "/etc/supervisor/conf.d/puma.conf" during parsing
2020-10-04 03:09:26,438 INFO Included extra file "/etc/supervisor/conf.d/sidekiq.conf" during parsing
2020-10-04 03:09:26,439 INFO Included extra file "/etc/supervisor/conf.d/sshd.conf" during parsing
2020-10-04 03:09:26,467 INFO RPC interface 'supervisor' initialized
2020-10-04 03:09:26,469 CRIT Server 'unix_http_server' running without any HTTP authentication checking
2020-10-04 03:09:26,470 INFO supervisord started with pid 611
2020-10-04 03:09:27,476 INFO spawned: 'gitaly' with pid 625
2020-10-04 03:09:27,479 INFO spawned: 'puma' with pid 626
2020-10-04 03:09:27,483 INFO spawned: 'gitlab-workhorse' with pid 627
2020-10-04 03:09:27,487 INFO spawned: 'sidekiq' with pid 628
2020-10-04 03:09:27,491 INFO spawned: 'nginx' with pid 629
2020-10-04 03:09:27,495 INFO spawned: 'sshd' with pid 630
2020-10-04 03:09:27,500 INFO spawned: 'cron' with pid 631
2020-10-04 03:09:28,894 INFO success: gitaly entered RUNNING state, process has stayed up for > than 1 seconds (startsecs)
2020-10-04 03:09:28,894 INFO success: puma entered RUNNING state, process has stayed up for > than 1 seconds (startsecs)
2020-10-04 03:09:28,894 INFO success: gitlab-workhorse entered RUNNING state, process has stayed up for > than 1 seconds (startsecs)
2020-10-04 03:09:28,894 INFO success: sidekiq entered RUNNING state, process has stayed up for > than 1 seconds (startsecs)
2020-10-04 03:09:28,894 INFO success: nginx entered RUNNING state, process has stayed up for > than 1 seconds (startsecs)
2020-10-04 03:09:28,894 INFO success: sshd entered RUNNING state, process has stayed up for > than 1 seconds (startsecs)
2020-10-04 03:09:28,895 INFO success: cron entered RUNNING state, process has stayed up for > than 1 seconds (startsecs)
2020-10-04 03:10:05,861 INFO exited: puma (exit status 1; not expected)
2020-10-04 03:10:05,865 INFO spawned: 'puma' with pid 752
2020-10-04 03:10:05,865 INFO exited: sidekiq (exit status 1; not expected)
2020-10-04 03:10:06,867 INFO success: puma entered RUNNING state, process has stayed up for > than 1 seconds (startsecs)
2020-10-04 03:10:06,868 INFO spawned: 'sidekiq' with pid 753
2020-10-04 03:10:08,167 INFO success: sidekiq entered RUNNING state, process has stayed up for > than 1 seconds (startsecs)
2020-10-04 03:10:26,334 INFO exited: puma (exit status 1; not expected)
2020-10-04 03:10:26,401 INFO spawned: 'puma' with pid 784
2020-10-04 03:10:26,425 INFO exited: sidekiq (exit status 1; not expected)
2020-10-04 03:10:27,426 INFO success: puma entered RUNNING state, process has stayed up for > than 1 seconds (startsecs)
2020-10-04 03:10:27,428 INFO spawned: 'sidekiq' with pid 785
2020-10-04 03:10:28,520 INFO success: sidekiq entered RUNNING state, process has stayed up for > than 1 seconds (startsecs)
2020-10-04 03:11:55,279 WARN received SIGTERM indicating exit request
2020-10-04 03:11:55,357 INFO waiting for gitaly, puma, gitlab-workhorse, sidekiq, nginx, sshd, cron to die
2020-10-04 03:11:55,423 INFO stopped: cron (terminated by SIGTERM)
2020-10-04 03:11:55,552 INFO stopped: sshd (exit status 0)
2020-10-04 03:11:55,788 INFO stopped: nginx (exit status 0)
2020-10-04 03:11:58,388 INFO stopped: sidekiq (exit status 0)
2020-10-04 03:11:58,388 INFO waiting for gitaly, puma, gitlab-workhorse to die
2020-10-04 03:11:58,401 INFO stopped: gitlab-workhorse (terminated by SIGTERM)
2020-10-04 03:12:01,405 INFO waiting for gitaly, puma to die
2020-10-04 03:12:01,471 INFO stopped: puma (terminated by SIGQUIT (core dumped))
2020-10-04 03:12:01,574 INFO stopped: gitaly (exit status 0)
2020-10-04 03:12:04,742 CRIT Supervisor running as root (no user in config file)
2020-10-04 03:12:04,742 INFO Included extra file "/etc/supervisor/conf.d/cron.conf" during parsing
2020-10-04 03:12:04,742 INFO Included extra file "/etc/supervisor/conf.d/gitaly.conf" during parsing
2020-10-04 03:12:04,742 INFO Included extra file "/etc/supervisor/conf.d/gitlab-workhorse.conf" during parsing
2020-10-04 03:12:04,742 INFO Included extra file "/etc/supervisor/conf.d/groups.conf" during parsing
2020-10-04 03:12:04,742 INFO Included extra file "/etc/supervisor/conf.d/mail_room.conf" during parsing
2020-10-04 03:12:04,743 INFO Included extra file "/etc/supervisor/conf.d/nginx.conf" during parsing
2020-10-04 03:12:04,743 INFO Included extra file "/etc/supervisor/conf.d/puma.conf" during parsing
2020-10-04 03:12:04,743 INFO Included extra file "/etc/supervisor/conf.d/sidekiq.conf" during parsing
2020-10-04 03:12:04,743 INFO Included extra file "/etc/supervisor/conf.d/sshd.conf" during parsing
2020-10-04 03:12:04,789 INFO RPC interface 'supervisor' initialized
2020-10-04 03:12:04,789 CRIT Server 'unix_http_server' running without any HTTP authentication checking
2020-10-04 03:12:04,789 INFO supervisord started with pid 1
2020-10-04 03:12:05,792 INFO spawned: 'gitaly' with pid 1013
2020-10-04 03:12:05,794 INFO spawned: 'puma' with pid 1014
2020-10-04 03:12:05,796 INFO spawned: 'gitlab-workhorse' with pid 1015
2020-10-04 03:12:05,798 INFO spawned: 'sidekiq' with pid 1016
2020-10-04 03:12:05,799 INFO spawned: 'nginx' with pid 1017
2020-10-04 03:12:05,803 INFO spawned: 'sshd' with pid 1018
2020-10-04 03:12:05,805 INFO spawned: 'cron' with pid 1019
2020-10-04 03:12:07,167 INFO success: gitaly entered RUNNING state, process has stayed up for > than 1 seconds (startsecs)
2020-10-04 03:12:07,167 INFO success: puma entered RUNNING state, process has stayed up for > than 1 seconds (startsecs)
2020-10-04 03:12:07,167 INFO success: gitlab-workhorse entered RUNNING state, process has stayed up for > than 1 seconds (startsecs)
2020-10-04 03:12:07,167 INFO success: sidekiq entered RUNNING state, process has stayed up for > than 1 seconds (startsecs)
2020-10-04 03:12:07,167 INFO success: nginx entered RUNNING state, process has stayed up for > than 1 seconds (startsecs)
2020-10-04 03:12:07,167 INFO success: sshd entered RUNNING state, process has stayed up for > than 1 seconds (startsecs)
2020-10-04 03:12:07,167 INFO success: cron entered RUNNING state, process has stayed up for > than 1 seconds (startsecs)
2020-10-04 03:16:16,900 WARN received SIGTERM indicating exit request
2020-10-04 03:16:16,915 INFO waiting for gitaly, puma, gitlab-workhorse, sidekiq, nginx, sshd, cron to die
2020-10-04 03:16:16,924 INFO stopped: cron (terminated by SIGTERM)
2020-10-04 03:16:16,924 INFO stopped: nginx (exit status 0)
2020-10-04 03:16:16,924 INFO stopped: sshd (exit status 0)
2020-10-04 03:16:19,515 INFO stopped: sidekiq (exit status 0)
2020-10-04 03:16:19,525 INFO stopped: gitlab-workhorse (terminated by SIGTERM)
2020-10-04 03:16:19,889 INFO stopped: puma (terminated by SIGQUIT (core dumped))
2020-10-04 03:16:19,889 INFO reaped unknown pid 1195
2020-10-04 03:16:19,889 INFO reaped unknown pid 1198
2020-10-04 03:16:19,889 INFO reaped unknown pid 1201
2020-10-04 03:16:19,903 INFO stopped: gitaly (exit status 0)
2020-10-04 03:19:39,083 CRIT Supervisor running as root (no user in config file)
2020-10-04 03:19:39,083 INFO Included extra file "/etc/supervisor/conf.d/cron.conf" during parsing
2020-10-04 03:19:39,083 INFO Included extra file "/etc/supervisor/conf.d/gitaly.conf" during parsing
2020-10-04 03:19:39,083 INFO Included extra file "/etc/supervisor/conf.d/gitlab-workhorse.conf" during parsing
2020-10-04 03:19:39,084 INFO Included extra file "/etc/supervisor/conf.d/groups.conf" during parsing
2020-10-04 03:19:39,084 INFO Included extra file "/etc/supervisor/conf.d/mail_room.conf" during parsing
2020-10-04 03:19:39,084 INFO Included extra file "/etc/supervisor/conf.d/nginx.conf" during parsing
2020-10-04 03:19:39,084 INFO Included extra file "/etc/supervisor/conf.d/puma.conf" during parsing
2020-10-04 03:19:39,084 INFO Included extra file "/etc/supervisor/conf.d/sidekiq.conf" during parsing
2020-10-04 03:19:39,084 INFO Included extra file "/etc/supervisor/conf.d/sshd.conf" during parsing
2020-10-04 03:19:39,092 INFO RPC interface 'supervisor' initialized
2020-10-04 03:19:39,092 CRIT Server 'unix_http_server' running without any HTTP authentication checking
2020-10-04 03:19:39,092 INFO supervisord started with pid 607
2020-10-04 03:19:40,095 INFO spawned: 'gitaly' with pid 618
2020-10-04 03:19:40,097 INFO spawned: 'puma' with pid 619
2020-10-04 03:19:40,099 INFO spawned: 'gitlab-workhorse' with pid 620
2020-10-04 03:19:40,101 INFO spawned: 'sidekiq' with pid 621
2020-10-04 03:19:40,103 INFO spawned: 'nginx' with pid 628
2020-10-04 03:19:40,104 INFO spawned: 'sshd' with pid 629
2020-10-04 03:19:40,106 INFO spawned: 'cron' with pid 630
2020-10-04 03:19:40,612 WARN received SIGTERM indicating exit request
2020-10-04 03:19:40,612 INFO waiting for gitaly, puma, gitlab-workhorse, sidekiq, nginx, sshd, cron to die
2020-10-04 03:19:40,616 INFO stopped: sshd (exit status 0)
2020-10-04 03:19:40,616 INFO stopped: cron (terminated by SIGTERM)
2020-10-04 03:19:40,619 INFO stopped: nginx (exit status 0)
2020-10-04 03:19:40,621 INFO stopped: sidekiq (terminated by SIGTERM)
2020-10-04 03:19:40,628 INFO stopped: gitlab-workhorse (terminated by SIGTERM)
2020-10-04 03:19:40,794 INFO stopped: puma (terminated by SIGQUIT (core dumped))
2020-10-04 03:19:40,796 INFO stopped: gitaly (terminated by SIGTERM)
2020-10-04 03:19:40,985 CRIT Supervisor running as root (no user in config file)
2020-10-04 03:19:40,985 INFO Included extra file "/etc/supervisor/conf.d/cron.conf" during parsing
2020-10-04 03:19:40,985 INFO Included extra file "/etc/supervisor/conf.d/gitaly.conf" during parsing
2020-10-04 03:19:40,985 INFO Included extra file "/etc/supervisor/conf.d/gitlab-workhorse.conf" during parsing
2020-10-04 03:19:40,985 INFO Included extra file "/etc/supervisor/conf.d/groups.conf" during parsing
2020-10-04 03:19:40,985 INFO Included extra file "/etc/supervisor/conf.d/mail_room.conf" during parsing
2020-10-04 03:19:40,986 INFO Included extra file "/etc/supervisor/conf.d/nginx.conf" during parsing
2020-10-04 03:19:40,986 INFO Included extra file "/etc/supervisor/conf.d/puma.conf" during parsing
2020-10-04 03:19:40,986 INFO Included extra file "/etc/supervisor/conf.d/sidekiq.conf" during parsing
2020-10-04 03:19:40,986 INFO Included extra file "/etc/supervisor/conf.d/sshd.conf" during parsing
2020-10-04 03:19:40,996 INFO RPC interface 'supervisor' initialized
2020-10-04 03:19:40,996 CRIT Server 'unix_http_server' running without any HTTP authentication checking
2020-10-04 03:19:40,997 INFO supervisord started with pid 1
2020-10-04 03:19:41,998 INFO spawned: 'gitaly' with pid 650
2020-10-04 03:19:41,999 INFO spawned: 'puma' with pid 651
2020-10-04 03:19:42,001 INFO spawned: 'gitlab-workhorse' with pid 652
2020-10-04 03:19:42,003 INFO spawned: 'sidekiq' with pid 653
2020-10-04 03:19:42,004 INFO spawned: 'nginx' with pid 654
2020-10-04 03:19:42,005 INFO spawned: 'sshd' with pid 655
2020-10-04 03:19:42,007 INFO spawned: 'cron' with pid 656
2020-10-04 03:19:42,007 INFO reaped unknown pid 642
2020-10-04 03:19:43,116 INFO success: gitaly entered RUNNING state, process has stayed up for > than 1 seconds (startsecs)
2020-10-04 03:19:43,116 INFO success: puma entered RUNNING state, process has stayed up for > than 1 seconds (startsecs)
2020-10-04 03:19:43,116 INFO success: gitlab-workhorse entered RUNNING state, process has stayed up for > than 1 seconds (startsecs)
2020-10-04 03:19:43,116 INFO success: sidekiq entered RUNNING state, process has stayed up for > than 1 seconds (startsecs)
2020-10-04 03:19:43,116 INFO success: nginx entered RUNNING state, process has stayed up for > than 1 seconds (startsecs)
2020-10-04 03:19:43,116 INFO success: sshd entered RUNNING state, process has stayed up for > than 1 seconds (startsecs)
2020-10-04 03:19:43,116 INFO success: cron entered RUNNING state, process has stayed up for > than 1 seconds (startsecs)
2020-10-04 03:19:55,572 WARN received SIGTERM indicating exit request
2020-10-04 03:19:55,578 INFO waiting for gitaly, puma, gitlab-workhorse, sidekiq, nginx, sshd, cron to die
2020-10-04 03:19:55,584 INFO stopped: sshd (exit status 0)
2020-10-04 03:19:55,592 INFO stopped: cron (terminated by SIGTERM)
2020-10-04 03:19:55,592 INFO stopped: nginx (exit status 0)
2020-10-04 03:19:55,679 INFO stopped: sidekiq (terminated by SIGTERM)
2020-10-04 03:19:55,683 INFO stopped: gitlab-workhorse (terminated by SIGTERM)
2020-10-04 03:19:55,938 INFO stopped: puma (terminated by SIGQUIT (core dumped))
2020-10-04 03:19:55,953 INFO stopped: gitaly (exit status 0)
2020-10-04 03:20:44,502 CRIT Supervisor running as root (no user in config file)
2020-10-04 03:20:44,502 INFO Included extra file "/etc/supervisor/conf.d/cron.conf" during parsing
2020-10-04 03:20:44,502 INFO Included extra file "/etc/supervisor/conf.d/gitaly.conf" during parsing
2020-10-04 03:20:44,502 INFO Included extra file "/etc/supervisor/conf.d/gitlab-workhorse.conf" during parsing
2020-10-04 03:20:44,502 INFO Included extra file "/etc/supervisor/conf.d/groups.conf" during parsing
2020-10-04 03:20:44,503 INFO Included extra file "/etc/supervisor/conf.d/mail_room.conf" during parsing
2020-10-04 03:20:44,503 INFO Included extra file "/etc/supervisor/conf.d/nginx.conf" during parsing
2020-10-04 03:20:44,503 INFO Included extra file "/etc/supervisor/conf.d/puma.conf" during parsing
2020-10-04 03:20:44,503 INFO Included extra file "/etc/supervisor/conf.d/sidekiq.conf" during parsing
2020-10-04 03:20:44,503 INFO Included extra file "/etc/supervisor/conf.d/sshd.conf" during parsing
2020-10-04 03:20:44,511 INFO RPC interface 'supervisor' initialized
2020-10-04 03:20:44,511 CRIT Server 'unix_http_server' running without any HTTP authentication checking
2020-10-04 03:20:44,511 INFO supervisord started with pid 1
2020-10-04 03:20:45,514 INFO spawned: 'gitaly' with pid 614
2020-10-04 03:20:45,516 INFO spawned: 'puma' with pid 615
2020-10-04 03:20:45,519 INFO spawned: 'gitlab-workhorse' with pid 616
2020-10-04 03:20:45,521 INFO spawned: 'sidekiq' with pid 622
2020-10-04 03:20:45,523 INFO spawned: 'nginx' with pid 623
2020-10-04 03:20:45,525 INFO spawned: 'sshd' with pid 624
2020-10-04 03:20:45,527 INFO spawned: 'cron' with pid 625
2020-10-04 03:20:46,579 INFO success: gitaly entered RUNNING state, process has stayed up for > than 1 seconds (startsecs)
2020-10-04 03:20:46,580 INFO success: puma entered RUNNING state, process has stayed up for > than 1 seconds (startsecs)
2020-10-04 03:20:46,580 INFO success: gitlab-workhorse entered RUNNING state, process has stayed up for > than 1 seconds (startsecs)
2020-10-04 03:20:46,580 INFO success: sidekiq entered RUNNING state, process has stayed up for > than 1 seconds (startsecs)
2020-10-04 03:20:46,580 INFO success: nginx entered RUNNING state, process has stayed up for > than 1 seconds (startsecs)
2020-10-04 03:20:46,580 INFO success: sshd entered RUNNING state, process has stayed up for > than 1 seconds (startsecs)
2020-10-04 03:20:46,580 INFO success: cron entered RUNNING state, process has stayed up for > than 1 seconds (startsecs)
2020-10-04 03:22:13,441 CRIT Supervisor running as root (no user in config file)
2020-10-04 03:22:13,441 INFO Included extra file "/etc/supervisor/conf.d/cron.conf" during parsing
2020-10-04 03:22:13,441 INFO Included extra file "/etc/supervisor/conf.d/gitaly.conf" during parsing
2020-10-04 03:22:13,441 INFO Included extra file "/etc/supervisor/conf.d/gitlab-workhorse.conf" during parsing
2020-10-04 03:22:13,441 INFO Included extra file "/etc/supervisor/conf.d/groups.conf" during parsing
2020-10-04 03:22:13,441 INFO Included extra file "/etc/supervisor/conf.d/mail_room.conf" during parsing
2020-10-04 03:22:13,441 INFO Included extra file "/etc/supervisor/conf.d/nginx.conf" during parsing
2020-10-04 03:22:13,441 INFO Included extra file "/etc/supervisor/conf.d/puma.conf" during parsing
2020-10-04 03:22:13,441 INFO Included extra file "/etc/supervisor/conf.d/sidekiq.conf" during parsing
2020-10-04 03:22:13,441 INFO Included extra file "/etc/supervisor/conf.d/sshd.conf" during parsing
2020-10-04 03:22:13,450 INFO RPC interface 'supervisor' initialized
2020-10-04 03:22:13,450 CRIT Server 'unix_http_server' running without any HTTP authentication checking
2020-10-04 03:22:13,450 INFO supervisord started with pid 626
2020-10-04 03:22:14,452 INFO spawned: 'gitaly' with pid 642
2020-10-04 03:22:14,454 INFO spawned: 'puma' with pid 643
2020-10-04 03:22:14,455 INFO spawned: 'gitlab-workhorse' with pid 644
2020-10-04 03:22:14,458 INFO spawned: 'sidekiq' with pid 645
2020-10-04 03:22:14,460 INFO spawned: 'nginx' with pid 646
2020-10-04 03:22:14,462 INFO spawned: 'sshd' with pid 647
2020-10-04 03:22:14,464 INFO spawned: 'cron' with pid 648
2020-10-04 03:22:15,619 INFO success: gitaly entered RUNNING state, process has stayed up for > than 1 seconds (startsecs)
2020-10-04 03:22:15,619 INFO success: puma entered RUNNING state, process has stayed up for > than 1 seconds (startsecs)
2020-10-04 03:22:15,619 INFO success: gitlab-workhorse entered RUNNING state, process has stayed up for > than 1 seconds (startsecs)
2020-10-04 03:22:15,619 INFO success: sidekiq entered RUNNING state, process has stayed up for > than 1 seconds (startsecs)
2020-10-04 03:22:15,619 INFO success: nginx entered RUNNING state, process has stayed up for > than 1 seconds (startsecs)
2020-10-04 03:22:15,619 INFO success: sshd entered RUNNING state, process has stayed up for > than 1 seconds (startsecs)
2020-10-04 03:22:15,619 INFO success: cron entered RUNNING state, process has stayed up for > than 1 seconds (startsecs)
2020-10-04 03:23:06,247 WARN received SIGTERM indicating exit request
2020-10-04 03:23:06,258 INFO waiting for gitaly, puma, gitlab-workhorse, sidekiq, nginx, sshd, cron to die
2020-10-04 03:23:06,258 INFO stopped: cron (terminated by SIGTERM)
2020-10-04 03:23:06,262 INFO stopped: nginx (exit status 0)
2020-10-04 03:23:06,285 INFO stopped: sshd (exit status 0)
2020-10-04 03:23:08,356 INFO stopped: sidekiq (exit status 0)
2020-10-04 03:23:08,359 INFO stopped: gitlab-workhorse (terminated by SIGTERM)
2020-10-04 03:23:09,178 INFO stopped: puma (terminated by SIGQUIT (core dumped))
2020-10-04 03:23:09,202 INFO stopped: gitaly (exit status 0)
2020-10-04 03:23:09,547 CRIT Supervisor running as root (no user in config file)
2020-10-04 03:23:09,547 INFO Included extra file "/etc/supervisor/conf.d/cron.conf" during parsing
2020-10-04 03:23:09,547 INFO Included extra file "/etc/supervisor/conf.d/gitaly.conf" during parsing
2020-10-04 03:23:09,547 INFO Included extra file "/etc/supervisor/conf.d/gitlab-workhorse.conf" during parsing
2020-10-04 03:23:09,547 INFO Included extra file "/etc/supervisor/conf.d/groups.conf" during parsing
2020-10-04 03:23:09,547 INFO Included extra file "/etc/supervisor/conf.d/mail_room.conf" during parsing
2020-10-04 03:23:09,547 INFO Included extra file "/etc/supervisor/conf.d/nginx.conf" during parsing
2020-10-04 03:23:09,547 INFO Included extra file "/etc/supervisor/conf.d/puma.conf" during parsing
2020-10-04 03:23:09,547 INFO Included extra file "/etc/supervisor/conf.d/sidekiq.conf" during parsing
2020-10-04 03:23:09,547 INFO Included extra file "/etc/supervisor/conf.d/sshd.conf" during parsing
2020-10-04 03:23:09,555 INFO RPC interface 'supervisor' initialized
2020-10-04 03:23:09,555 CRIT Server 'unix_http_server' running without any HTTP authentication checking
2020-10-04 03:23:09,555 INFO supervisord started with pid 1
2020-10-04 03:23:10,558 INFO spawned: 'gitaly' with pid 872
2020-10-04 03:23:10,560 INFO spawned: 'puma' with pid 873
2020-10-04 03:23:10,562 INFO spawned: 'gitlab-workhorse' with pid 874
2020-10-04 03:23:10,565 INFO spawned: 'sidekiq' with pid 875
2020-10-04 03:23:10,567 INFO spawned: 'nginx' with pid 876
2020-10-04 03:23:10,569 INFO spawned: 'sshd' with pid 877
2020-10-04 03:23:10,571 INFO spawned: 'cron' with pid 878
2020-10-04 03:23:11,825 INFO success: gitaly entered RUNNING state, process has stayed up for > than 1 seconds (startsecs)
2020-10-04 03:23:11,825 INFO success: puma entered RUNNING state, process has stayed up for > than 1 seconds (startsecs)
2020-10-04 03:23:11,825 INFO success: gitlab-workhorse entered RUNNING state, process has stayed up for > than 1 seconds (startsecs)
2020-10-04 03:23:11,825 INFO success: sidekiq entered RUNNING state, process has stayed up for > than 1 seconds (startsecs)
2020-10-04 03:23:11,825 INFO success: nginx entered RUNNING state, process has stayed up for > than 1 seconds (startsecs)
2020-10-04 03:23:11,826 INFO success: sshd entered RUNNING state, process has stayed up for > than 1 seconds (startsecs)
2020-10-04 03:23:11,826 INFO success: cron entered RUNNING state, process has stayed up for > than 1 seconds (startsecs)
2020-10-04 03:28:26,578 WARN received SIGTERM indicating exit request
2020-10-04 03:28:26,594 INFO waiting for gitaly, puma, gitlab-workhorse, sidekiq, nginx, sshd, cron to die
2020-10-04 03:28:26,595 INFO stopped: cron (terminated by SIGTERM)
2020-10-04 03:28:26,601 INFO stopped: sshd (exit status 0)
2020-10-04 03:28:26,626 INFO stopped: nginx (exit status 0)
2020-10-04 03:28:29,243 INFO stopped: sidekiq (exit status 0)
2020-10-04 03:28:29,249 INFO stopped: gitlab-workhorse (terminated by SIGTERM)
2020-10-04 03:28:29,540 INFO stopped: puma (terminated by SIGQUIT (core dumped))
2020-10-04 03:28:29,540 INFO reaped unknown pid 1054
2020-10-04 03:28:29,540 INFO reaped unknown pid 1057
2020-10-04 03:28:29,540 INFO reaped unknown pid 1060
2020-10-04 03:28:29,589 INFO stopped: gitaly (exit status 0)
2020-10-04 03:29:23,977 CRIT Supervisor running as root (no user in config file)
2020-10-04 03:29:23,977 INFO Included extra file "/etc/supervisor/conf.d/cron.conf" during parsing
2020-10-04 03:29:23,977 INFO Included extra file "/etc/supervisor/conf.d/gitaly.conf" during parsing
2020-10-04 03:29:23,977 INFO Included extra file "/etc/supervisor/conf.d/gitlab-workhorse.conf" during parsing
2020-10-04 03:29:23,977 INFO Included extra file "/etc/supervisor/conf.d/groups.conf" during parsing
2020-10-04 03:29:23,977 INFO Included extra file "/etc/supervisor/conf.d/mail_room.conf" during parsing
2020-10-04 03:29:23,977 INFO Included extra file "/etc/supervisor/conf.d/nginx.conf" during parsing
2020-10-04 03:29:23,977 INFO Included extra file "/etc/supervisor/conf.d/puma.conf" during parsing
2020-10-04 03:29:23,977 INFO Included extra file "/etc/supervisor/conf.d/sidekiq.conf" during parsing
2020-10-04 03:29:23,977 INFO Included extra file "/etc/supervisor/conf.d/sshd.conf" during parsing
2020-10-04 03:29:23,994 INFO RPC interface 'supervisor' initialized
2020-10-04 03:29:23,994 CRIT Server 'unix_http_server' running without any HTTP authentication checking
2020-10-04 03:29:23,994 INFO supervisord started with pid 1
2020-10-04 03:29:24,997 INFO spawned: 'gitaly' with pid 622
2020-10-04 03:29:24,999 INFO spawned: 'puma' with pid 623
2020-10-04 03:29:25,002 INFO spawned: 'gitlab-workhorse' with pid 624
2020-10-04 03:29:25,004 INFO spawned: 'sidekiq' with pid 625
2020-10-04 03:29:25,006 INFO spawned: 'nginx' with pid 626
2020-10-04 03:29:25,007 INFO spawned: 'sshd' with pid 627
2020-10-04 03:29:25,009 INFO spawned: 'cron' with pid 628
2020-10-04 03:29:26,219 INFO success: gitaly entered RUNNING state, process has stayed up for > than 1 seconds (startsecs)
2020-10-04 03:29:26,219 INFO success: puma entered RUNNING state, process has stayed up for > than 1 seconds (startsecs)
2020-10-04 03:29:26,219 INFO success: gitlab-workhorse entered RUNNING state, process has stayed up for > than 1 seconds (startsecs)
2020-10-04 03:29:26,219 INFO success: sidekiq entered RUNNING state, process has stayed up for > than 1 seconds (startsecs)
2020-10-04 03:29:26,220 INFO success: nginx entered RUNNING state, process has stayed up for > than 1 seconds (startsecs)
2020-10-04 03:29:26,221 INFO success: sshd entered RUNNING state, process has stayed up for > than 1 seconds (startsecs)
2020-10-04 03:29:26,221 INFO success: cron entered RUNNING state, process has stayed up for > than 1 seconds (startsecs)
2020-10-04 03:39:47,387 WARN received SIGTERM indicating exit request
2020-10-04 03:39:47,506 INFO waiting for gitaly, puma, gitlab-workhorse, sidekiq, nginx, sshd, cron to die
2020-10-04 03:39:47,506 INFO stopped: cron (terminated by SIGTERM)
2020-10-04 03:39:47,528 INFO stopped: nginx (exit status 0)
2020-10-04 03:39:47,542 INFO stopped: sshd (exit status 0)
2020-10-04 03:39:50,168 INFO stopped: sidekiq (exit status 0)
2020-10-04 03:39:50,170 INFO stopped: gitlab-workhorse (terminated by SIGTERM)
2020-10-04 03:39:50,515 INFO stopped: puma (terminated by SIGQUIT (core dumped))
2020-10-04 03:39:50,515 INFO reaped unknown pid 802
2020-10-04 03:39:50,515 INFO reaped unknown pid 805
2020-10-04 03:39:50,515 INFO reaped unknown pid 808
2020-10-04 03:39:50,515 INFO waiting for gitaly to die
2020-10-04 03:39:50,560 INFO stopped: gitaly (exit status 0)
2020-10-04 03:45:16,541 CRIT Supervisor running as root (no user in config file)
2020-10-04 03:45:16,557 INFO Included extra file "/etc/supervisor/conf.d/cron.conf" during parsing
2020-10-04 03:45:16,557 INFO Included extra file "/etc/supervisor/conf.d/gitaly.conf" during parsing
2020-10-04 03:45:16,557 INFO Included extra file "/etc/supervisor/conf.d/gitlab-workhorse.conf" during parsing
2020-10-04 03:45:16,558 INFO Included extra file "/etc/supervisor/conf.d/groups.conf" during parsing
2020-10-04 03:45:16,558 INFO Included extra file "/etc/supervisor/conf.d/mail_room.conf" during parsing
2020-10-04 03:45:16,558 INFO Included extra file "/etc/supervisor/conf.d/nginx.conf" during parsing
2020-10-04 03:45:16,558 INFO Included extra file "/etc/supervisor/conf.d/puma.conf" during parsing
2020-10-04 03:45:16,558 INFO Included extra file "/etc/supervisor/conf.d/sidekiq.conf" during parsing
2020-10-04 03:45:16,558 INFO Included extra file "/etc/supervisor/conf.d/sshd.conf" during parsing
2020-10-04 03:45:16,608 INFO RPC interface 'supervisor' initialized
2020-10-04 03:45:16,609 CRIT Server 'unix_http_server' running without any HTTP authentication checking
2020-10-04 03:45:16,609 INFO supervisord started with pid 1
2020-10-04 03:45:17,628 INFO spawned: 'gitaly' with pid 626
2020-10-04 03:45:17,630 INFO spawned: 'puma' with pid 627
2020-10-04 03:45:17,632 INFO spawned: 'gitlab-workhorse' with pid 628
2020-10-04 03:45:17,634 INFO spawned: 'sidekiq' with pid 629
2020-10-04 03:45:17,635 INFO spawned: 'nginx' with pid 630
2020-10-04 03:45:17,637 INFO spawned: 'sshd' with pid 631
2020-10-04 03:45:17,638 INFO spawned: 'cron' with pid 632
2020-10-04 03:45:18,641 INFO success: gitaly entered RUNNING state, process has stayed up for > than 1 seconds (startsecs)
2020-10-04 03:45:18,642 INFO success: puma entered RUNNING state, process has stayed up for > than 1 seconds (startsecs)
2020-10-04 03:45:18,642 INFO success: gitlab-workhorse entered RUNNING state, process has stayed up for > than 1 seconds (startsecs)
2020-10-04 03:45:18,642 INFO success: sidekiq entered RUNNING state, process has stayed up for > than 1 seconds (startsecs)
2020-10-04 03:45:18,642 INFO success: nginx entered RUNNING state, process has stayed up for > than 1 seconds (startsecs)
2020-10-04 03:45:18,642 INFO success: sshd entered RUNNING state, process has stayed up for > than 1 seconds (startsecs)
2020-10-04 03:45:18,642 INFO success: cron entered RUNNING state, process has stayed up for > than 1 seconds (startsecs)
2020-10-04 03:47:33,800 WARN received SIGTERM indicating exit request
2020-10-04 03:47:33,882 INFO waiting for gitaly, puma, gitlab-workhorse, sidekiq, nginx, sshd, cron to die
2020-10-04 03:47:33,904 INFO stopped: sshd (exit status 0)
2020-10-04 03:47:33,904 INFO stopped: cron (terminated by SIGTERM)
2020-10-04 03:47:34,050 INFO stopped: nginx (exit status 0)
2020-10-04 03:47:36,715 INFO stopped: sidekiq (exit status 0)
2020-10-04 03:47:36,719 INFO stopped: gitlab-workhorse (terminated by SIGTERM)
2020-10-04 03:47:37,721 INFO waiting for gitaly, puma to die
2020-10-04 03:47:38,776 INFO stopped: puma (terminated by SIGQUIT (core dumped))
2020-10-04 03:47:38,776 INFO reaped unknown pid 814
2020-10-04 03:47:38,776 INFO reaped unknown pid 817
2020-10-04 03:47:38,776 INFO reaped unknown pid 820
2020-10-04 03:47:38,807 INFO stopped: gitaly (exit status 0)
2020-10-04 03:57:47,119 CRIT Supervisor running as root (no user in config file)
2020-10-04 03:57:47,120 INFO Included extra file "/etc/supervisor/conf.d/cron.conf" during parsing
2020-10-04 03:57:47,120 INFO Included extra file "/etc/supervisor/conf.d/gitaly.conf" during parsing
2020-10-04 03:57:47,120 INFO Included extra file "/etc/supervisor/conf.d/gitlab-workhorse.conf" during parsing
2020-10-04 03:57:47,120 INFO Included extra file "/etc/supervisor/conf.d/groups.conf" during parsing
2020-10-04 03:57:47,120 INFO Included extra file "/etc/supervisor/conf.d/mail_room.conf" during parsing
2020-10-04 03:57:47,120 INFO Included extra file "/etc/supervisor/conf.d/nginx.conf" during parsing
2020-10-04 03:57:47,120 INFO Included extra file "/etc/supervisor/conf.d/puma.conf" during parsing
2020-10-04 03:57:47,120 INFO Included extra file "/etc/supervisor/conf.d/sidekiq.conf" during parsing
2020-10-04 03:57:47,120 INFO Included extra file "/etc/supervisor/conf.d/sshd.conf" during parsing
2020-10-04 03:57:47,180 INFO RPC interface 'supervisor' initialized
2020-10-04 03:57:47,180 CRIT Server 'unix_http_server' running without any HTTP authentication checking
2020-10-04 03:57:47,181 INFO supervisord started with pid 602
2020-10-04 03:57:47,499 INFO spawned: 'gitaly' with pid 616
2020-10-04 03:57:47,501 INFO spawned: 'puma' with pid 617
2020-10-04 03:57:47,503 INFO spawned: 'gitlab-workhorse' with pid 618
2020-10-04 03:57:47,505 INFO spawned: 'sidekiq' with pid 619
2020-10-04 03:57:47,507 INFO spawned: 'nginx' with pid 620
2020-10-04 03:57:47,508 INFO spawned: 'sshd' with pid 621
2020-10-04 03:57:47,509 INFO spawned: 'cron' with pid 622
2020-10-04 03:57:47,510 WARN received SIGTERM indicating exit request
2020-10-04 03:57:47,510 INFO waiting for gitaly, puma, gitlab-workhorse, sidekiq, nginx, sshd, cron to die
2020-10-04 03:57:48,511 INFO success: gitaly entered RUNNING state, process has stayed up for > than 1 seconds (startsecs)
2020-10-04 03:57:48,511 INFO success: puma entered RUNNING state, process has stayed up for > than 1 seconds (startsecs)
2020-10-04 03:57:48,511 INFO success: gitlab-workhorse entered RUNNING state, process has stayed up for > than 1 seconds (startsecs)
2020-10-04 03:57:48,511 INFO success: sidekiq entered RUNNING state, process has stayed up for > than 1 seconds (startsecs)
2020-10-04 03:57:51,162 INFO waiting for gitaly, puma, gitlab-workhorse, sidekiq, nginx, sshd, cron to die
2020-10-04 03:57:54,167 INFO waiting for gitaly, puma, gitlab-workhorse, sidekiq, nginx, sshd, cron to die
2020-10-04 03:57:57,172 INFO waiting for gitaly, puma, gitlab-workhorse, sidekiq, nginx, sshd, cron to die
2020-10-04 03:57:58,175 WARN killing 'nginx' (620) with SIGKILL
2020-10-04 03:57:58,175 WARN killing 'sshd' (621) with SIGKILL
2020-10-04 03:57:58,176 WARN killing 'cron' (622) with SIGKILL
2020-10-04 03:57:58,176 INFO stopped: nginx (terminated by SIGKILL)
2020-10-04 03:57:58,177 INFO stopped: sshd (terminated by SIGKILL)
2020-10-04 03:57:58,178 INFO stopped: cron (terminated by SIGKILL)
2020-10-04 03:57:58,189 INFO stopped: sidekiq (terminated by SIGTERM)
2020-10-04 03:57:58,202 INFO stopped: gitlab-workhorse (terminated by SIGTERM)
2020-10-04 03:57:58,381 INFO stopped: puma (terminated by SIGQUIT (core dumped))
2020-10-04 03:57:58,392 INFO stopped: gitaly (exit status 0)
2020-10-04 03:57:58,556 CRIT Supervisor running as root (no user in config file)
2020-10-04 03:57:58,556 INFO Included extra file "/etc/supervisor/conf.d/cron.conf" during parsing
2020-10-04 03:57:58,556 INFO Included extra file "/etc/supervisor/conf.d/gitaly.conf" during parsing
2020-10-04 03:57:58,556 INFO Included extra file "/etc/supervisor/conf.d/gitlab-workhorse.conf" during parsing
2020-10-04 03:57:58,556 INFO Included extra file "/etc/supervisor/conf.d/groups.conf" during parsing
2020-10-04 03:57:58,557 INFO Included extra file "/etc/supervisor/conf.d/mail_room.conf" during parsing
2020-10-04 03:57:58,557 INFO Included extra file "/etc/supervisor/conf.d/nginx.conf" during parsing
2020-10-04 03:57:58,557 INFO Included extra file "/etc/supervisor/conf.d/puma.conf" during parsing
2020-10-04 03:57:58,557 INFO Included extra file "/etc/supervisor/conf.d/sidekiq.conf" during parsing
2020-10-04 03:57:58,557 INFO Included extra file "/etc/supervisor/conf.d/sshd.conf" during parsing
2020-10-04 03:57:58,565 INFO RPC interface 'supervisor' initialized
2020-10-04 03:57:58,565 CRIT Server 'unix_http_server' running without any HTTP authentication checking
2020-10-04 03:57:58,565 INFO supervisord started with pid 1
2020-10-04 03:57:59,568 INFO spawned: 'gitaly' with pid 729
2020-10-04 03:57:59,570 INFO spawned: 'puma' with pid 730
2020-10-04 03:57:59,571 INFO spawned: 'gitlab-workhorse' with pid 731
2020-10-04 03:57:59,573 INFO spawned: 'sidekiq' with pid 732
2020-10-04 03:57:59,575 INFO spawned: 'nginx' with pid 736
2020-10-04 03:57:59,576 INFO spawned: 'sshd' with pid 737
2020-10-04 03:57:59,578 INFO spawned: 'cron' with pid 738
2020-10-04 03:58:00,611 INFO success: gitaly entered RUNNING state, process has stayed up for > than 1 seconds (startsecs)
2020-10-04 03:58:00,612 INFO success: puma entered RUNNING state, process has stayed up for > than 1 seconds (startsecs)
2020-10-04 03:58:00,613 INFO success: gitlab-workhorse entered RUNNING state, process has stayed up for > than 1 seconds (startsecs)
2020-10-04 03:58:00,614 INFO success: sidekiq entered RUNNING state, process has stayed up for > than 1 seconds (startsecs)
2020-10-04 03:58:00,616 INFO success: nginx entered RUNNING state, process has stayed up for > than 1 seconds (startsecs)
2020-10-04 03:58:00,618 INFO success: sshd entered RUNNING state, process has stayed up for > than 1 seconds (startsecs)
2020-10-04 03:58:00,618 INFO success: cron entered RUNNING state, process has stayed up for > than 1 seconds (startsecs)
2020-10-04 03:58:02,112 INFO exited: nginx (exit status 1; not expected)
2020-10-04 03:58:02,114 INFO spawned: 'nginx' with pid 763
2020-10-04 03:58:03,149 INFO success: nginx entered RUNNING state, process has stayed up for > than 1 seconds (startsecs)
2020-10-04 03:58:04,653 INFO exited: nginx (exit status 1; not expected)
2020-10-04 03:58:05,655 INFO spawned: 'nginx' with pid 840
2020-10-04 03:58:06,671 INFO success: nginx entered RUNNING state, process has stayed up for > than 1 seconds (startsecs)
2020-10-04 03:58:08,173 INFO exited: nginx (exit status 1; not expected)
2020-10-04 03:58:09,175 INFO spawned: 'nginx' with pid 841
2020-10-04 03:58:10,196 INFO success: nginx entered RUNNING state, process has stayed up for > than 1 seconds (startsecs)
2020-10-04 03:58:11,698 INFO exited: nginx (exit status 1; not expected)
2020-10-04 03:58:11,700 INFO spawned: 'nginx' with pid 842
2020-10-04 03:58:12,715 INFO success: nginx entered RUNNING state, process has stayed up for > than 1 seconds (startsecs)
2020-10-04 03:58:14,217 INFO exited: nginx (exit status 1; not expected)
2020-10-04 03:58:15,220 INFO spawned: 'nginx' with pid 843
2020-10-04 03:58:16,255 INFO success: nginx entered RUNNING state, process has stayed up for > than 1 seconds (startsecs)
2020-10-04 03:58:17,758 INFO exited: nginx (exit status 1; not expected)
2020-10-04 03:58:18,761 INFO spawned: 'nginx' with pid 847
2020-10-04 03:58:19,780 INFO success: nginx entered RUNNING state, process has stayed up for > than 1 seconds (startsecs)
2020-10-04 03:58:21,283 INFO exited: nginx (exit status 1; not expected)
2020-10-04 03:58:21,284 INFO spawned: 'nginx' with pid 848
2020-10-04 03:58:22,300 INFO success: nginx entered RUNNING state, process has stayed up for > than 1 seconds (startsecs)
2020-10-04 03:58:23,802 INFO exited: nginx (exit status 1; not expected)
2020-10-04 03:58:23,803 INFO spawned: 'nginx' with pid 849
2020-10-04 03:58:24,822 INFO success: nginx entered RUNNING state, process has stayed up for > than 1 seconds (startsecs)
2020-10-04 03:58:26,324 INFO exited: nginx (exit status 1; not expected)
2020-10-04 03:58:26,325 INFO spawned: 'nginx' with pid 856
2020-10-04 03:58:27,346 INFO success: nginx entered RUNNING state, process has stayed up for > than 1 seconds (startsecs)
2020-10-04 03:58:28,847 INFO exited: nginx (exit status 1; not expected)
2020-10-04 03:58:29,363 INFO spawned: 'nginx' with pid 857
2020-10-04 03:58:29,363 WARN received SIGTERM indicating exit request
2020-10-04 03:58:29,363 INFO waiting for gitaly, puma, gitlab-workhorse, sidekiq, nginx, sshd, cron to die
2020-10-04 03:58:29,364 INFO stopped: sshd (exit status 0)
2020-10-04 03:58:29,365 INFO stopped: cron (terminated by SIGTERM)
2020-10-04 03:58:31,881 INFO stopped: nginx (exit status 1)
2020-10-04 03:58:31,912 INFO stopped: sidekiq (terminated by SIGTERM)
2020-10-04 03:58:31,916 INFO stopped: gitlab-workhorse (terminated by SIGTERM)
2020-10-04 03:58:32,137 INFO stopped: puma (terminated by SIGQUIT (core dumped))
2020-10-04 03:58:32,150 INFO stopped: gitaly (exit status 0)
2020-10-04 04:00:18,716 CRIT Supervisor running as root (no user in config file)
2020-10-04 04:00:18,716 INFO Included extra file "/etc/supervisor/conf.d/cron.conf" during parsing
2020-10-04 04:00:18,716 INFO Included extra file "/etc/supervisor/conf.d/gitaly.conf" during parsing
2020-10-04 04:00:18,716 INFO Included extra file "/etc/supervisor/conf.d/gitlab-workhorse.conf" during parsing
2020-10-04 04:00:18,717 INFO Included extra file "/etc/supervisor/conf.d/groups.conf" during parsing
2020-10-04 04:00:18,717 INFO Included extra file "/etc/supervisor/conf.d/mail_room.conf" during parsing
2020-10-04 04:00:18,717 INFO Included extra file "/etc/supervisor/conf.d/nginx.conf" during parsing
2020-10-04 04:00:18,717 INFO Included extra file "/etc/supervisor/conf.d/puma.conf" during parsing
2020-10-04 04:00:18,717 INFO Included extra file "/etc/supervisor/conf.d/sidekiq.conf" during parsing
2020-10-04 04:00:18,717 INFO Included extra file "/etc/supervisor/conf.d/sshd.conf" during parsing
2020-10-04 04:00:18,725 INFO RPC interface 'supervisor' initialized
2020-10-04 04:00:18,725 CRIT Server 'unix_http_server' running without any HTTP authentication checking
2020-10-04 04:00:18,726 INFO supervisord started with pid 1
2020-10-04 04:00:19,730 INFO spawned: 'gitaly' with pid 614
2020-10-04 04:00:19,732 INFO spawned: 'puma' with pid 615
2020-10-04 04:00:19,734 INFO spawned: 'gitlab-workhorse' with pid 616
2020-10-04 04:00:19,736 INFO spawned: 'sidekiq' with pid 622
2020-10-04 04:00:19,738 INFO spawned: 'nginx' with pid 623
2020-10-04 04:00:19,740 INFO spawned: 'sshd' with pid 624
2020-10-04 04:00:19,741 INFO spawned: 'cron' with pid 625
2020-10-04 04:00:20,861 INFO success: gitaly entered RUNNING state, process has stayed up for > than 1 seconds (startsecs)
2020-10-04 04:00:20,861 INFO success: puma entered RUNNING state, process has stayed up for > than 1 seconds (startsecs)
2020-10-04 04:00:20,862 INFO success: gitlab-workhorse entered RUNNING state, process has stayed up for > than 1 seconds (startsecs)
2020-10-04 04:00:20,862 INFO success: sidekiq entered RUNNING state, process has stayed up for > than 1 seconds (startsecs)
2020-10-04 04:00:20,862 INFO success: nginx entered RUNNING state, process has stayed up for > than 1 seconds (startsecs)
2020-10-04 04:00:20,862 INFO success: sshd entered RUNNING state, process has stayed up for > than 1 seconds (startsecs)
2020-10-04 04:00:20,862 INFO success: cron entered RUNNING state, process has stayed up for > than 1 seconds (startsecs)
2020-10-04 04:03:20,123 WARN received SIGTERM indicating exit request
2020-10-04 04:03:20,135 INFO waiting for gitaly, puma, gitlab-workhorse, sidekiq, nginx, sshd, cron to die
2020-10-04 04:03:20,135 INFO stopped: cron (terminated by SIGTERM)
2020-10-04 04:03:20,250 INFO stopped: sshd (exit status 0)
2020-10-04 04:03:20,299 INFO stopped: nginx (exit status 0)
2020-10-04 04:03:21,487 INFO stopped: sidekiq (exit status 0)
2020-10-04 04:03:21,496 INFO stopped: gitlab-workhorse (terminated by SIGTERM)
2020-10-04 04:03:22,151 INFO reaped unknown pid 794
2020-10-04 04:03:22,151 INFO reaped unknown pid 797
2020-10-04 04:03:22,151 INFO reaped unknown pid 800
2020-10-04 04:03:22,179 INFO stopped: puma (terminated by SIGQUIT (core dumped))
2020-10-04 04:03:22,199 INFO stopped: gitaly (exit status 0)
2020-10-04 04:05:19,309 CRIT Supervisor running as root (no user in config file)
2020-10-04 04:05:19,310 INFO Included extra file "/etc/supervisor/conf.d/cron.conf" during parsing
2020-10-04 04:05:19,310 INFO Included extra file "/etc/supervisor/conf.d/gitaly.conf" during parsing
2020-10-04 04:05:19,310 INFO Included extra file "/etc/supervisor/conf.d/gitlab-workhorse.conf" during parsing
2020-10-04 04:05:19,310 INFO Included extra file "/etc/supervisor/conf.d/groups.conf" during parsing
2020-10-04 04:05:19,310 INFO Included extra file "/etc/supervisor/conf.d/mail_room.conf" during parsing
2020-10-04 04:05:19,310 INFO Included extra file "/etc/supervisor/conf.d/nginx.conf" during parsing
2020-10-04 04:05:19,310 INFO Included extra file "/etc/supervisor/conf.d/puma.conf" during parsing
2020-10-04 04:05:19,310 INFO Included extra file "/etc/supervisor/conf.d/sidekiq.conf" during parsing
2020-10-04 04:05:19,310 INFO Included extra file "/etc/supervisor/conf.d/sshd.conf" during parsing
2020-10-04 04:05:19,411 INFO RPC interface 'supervisor' initialized
2020-10-04 04:05:19,412 CRIT Server 'unix_http_server' running without any HTTP authentication checking
2020-10-04 04:05:19,412 INFO supervisord started with pid 1
2020-10-04 04:05:20,414 INFO spawned: 'gitaly' with pid 633
2020-10-04 04:05:20,415 INFO spawned: 'puma' with pid 634
2020-10-04 04:05:20,417 INFO spawned: 'gitlab-workhorse' with pid 635
2020-10-04 04:05:20,419 INFO spawned: 'sidekiq' with pid 636
2020-10-04 04:05:20,420 INFO spawned: 'nginx' with pid 637
2020-10-04 04:05:20,422 INFO spawned: 'sshd' with pid 638
2020-10-04 04:05:20,423 INFO spawned: 'cron' with pid 639
2020-10-04 04:05:21,686 INFO success: gitaly entered RUNNING state, process has stayed up for > than 1 seconds (startsecs)
2020-10-04 04:05:21,686 INFO success: puma entered RUNNING state, process has stayed up for > than 1 seconds (startsecs)
2020-10-04 04:05:21,686 INFO success: gitlab-workhorse entered RUNNING state, process has stayed up for > than 1 seconds (startsecs)
2020-10-04 04:05:21,686 INFO success: sidekiq entered RUNNING state, process has stayed up for > than 1 seconds (startsecs)
2020-10-04 04:05:21,686 INFO success: nginx entered RUNNING state, process has stayed up for > than 1 seconds (startsecs)
2020-10-04 04:05:21,686 INFO success: sshd entered RUNNING state, process has stayed up for > than 1 seconds (startsecs)
2020-10-04 04:05:21,686 INFO success: cron entered RUNNING state, process has stayed up for > than 1 seconds (startsecs)
2020-10-04 04:05:50,646 WARN received SIGTERM indicating exit request
2020-10-04 04:05:50,646 INFO waiting for gitaly, puma, gitlab-workhorse, sidekiq, nginx, sshd, cron to die
2020-10-04 04:05:50,647 INFO stopped: sshd (exit status 0)
2020-10-04 04:05:50,647 INFO stopped: cron (terminated by SIGTERM)
2020-10-04 04:05:50,650 INFO stopped: nginx (exit status 0)
2020-10-04 04:05:50,675 INFO stopped: sidekiq (terminated by SIGTERM)
2020-10-04 04:05:50,678 INFO stopped: gitlab-workhorse (terminated by SIGTERM)
2020-10-04 04:05:50,912 INFO stopped: puma (terminated by SIGQUIT (core dumped))
2020-10-04 04:05:50,930 INFO stopped: gitaly (exit status 0)
2020-10-04 23:35:32,908 CRIT Supervisor running as root (no user in config file)
2020-10-04 23:35:32,961 INFO Included extra file "/etc/supervisor/conf.d/cron.conf" during parsing
2020-10-04 23:35:32,961 INFO Included extra file "/etc/supervisor/conf.d/gitaly.conf" during parsing
2020-10-04 23:35:32,961 INFO Included extra file "/etc/supervisor/conf.d/gitlab-workhorse.conf" during parsing
2020-10-04 23:35:32,961 INFO Included extra file "/etc/supervisor/conf.d/groups.conf" during parsing
2020-10-04 23:35:32,961 INFO Included extra file "/etc/supervisor/conf.d/mail_room.conf" during parsing
2020-10-04 23:35:32,961 INFO Included extra file "/etc/supervisor/conf.d/nginx.conf" during parsing
2020-10-04 23:35:32,962 INFO Included extra file "/etc/supervisor/conf.d/puma.conf" during parsing
2020-10-04 23:35:32,962 INFO Included extra file "/etc/supervisor/conf.d/sidekiq.conf" during parsing
2020-10-04 23:35:32,962 INFO Included extra file "/etc/supervisor/conf.d/sshd.conf" during parsing
2020-10-04 23:35:33,043 INFO RPC interface 'supervisor' initialized
2020-10-04 23:35:33,043 CRIT Server 'unix_http_server' running without any HTTP authentication checking
2020-10-04 23:35:33,043 INFO supervisord started with pid 1
2020-10-04 23:35:34,079 INFO spawned: 'gitaly' with pid 626
2020-10-04 23:35:34,111 INFO spawned: 'puma' with pid 627
2020-10-04 23:35:34,117 INFO spawned: 'gitlab-workhorse' with pid 628
2020-10-04 23:35:34,119 INFO spawned: 'sidekiq' with pid 629
2020-10-04 23:35:34,123 INFO spawned: 'nginx' with pid 630
2020-10-04 23:35:34,127 INFO spawned: 'sshd' with pid 631
2020-10-04 23:35:34,129 INFO spawned: 'cron' with pid 632
2020-10-04 23:35:35,133 INFO success: gitaly entered RUNNING state, process has stayed up for > than 1 seconds (startsecs)
2020-10-04 23:35:35,133 INFO success: puma entered RUNNING state, process has stayed up for > than 1 seconds (startsecs)
2020-10-04 23:35:35,133 INFO success: gitlab-workhorse entered RUNNING state, process has stayed up for > than 1 seconds (startsecs)
2020-10-04 23:35:35,133 INFO success: sidekiq entered RUNNING state, process has stayed up for > than 1 seconds (startsecs)
2020-10-04 23:35:35,133 INFO success: nginx entered RUNNING state, process has stayed up for > than 1 seconds (startsecs)
2020-10-04 23:35:35,134 INFO success: sshd entered RUNNING state, process has stayed up for > than 1 seconds (startsecs)
2020-10-04 23:35:35,134 INFO success: cron entered RUNNING state, process has stayed up for > than 1 seconds (startsecs)
2020-10-04 23:47:53,599 WARN received SIGTERM indicating exit request
2020-10-04 23:47:53,740 INFO waiting for gitaly, puma, gitlab-workhorse, sidekiq, nginx, sshd, cron to die
2020-10-04 23:47:53,851 INFO stopped: sshd (exit status 0)
2020-10-04 23:47:53,852 INFO stopped: cron (terminated by SIGTERM)
2020-10-04 23:47:54,065 INFO stopped: nginx (exit status 0)
2020-10-04 23:47:55,794 INFO stopped: sidekiq (exit status 0)
2020-10-04 23:47:55,809 INFO stopped: gitlab-workhorse (terminated by SIGTERM)
2020-10-04 23:47:56,812 INFO waiting for gitaly, puma to die
2020-10-04 23:47:58,595 INFO reaped unknown pid 824
2020-10-04 23:47:58,596 INFO reaped unknown pid 827
2020-10-04 23:47:58,596 INFO reaped unknown pid 830
2020-10-04 23:47:58,639 INFO stopped: puma (terminated by SIGQUIT (core dumped))
2020-10-04 23:47:58,871 INFO stopped: gitaly (exit status 0)
2020-10-04 23:52:34,440 CRIT Supervisor running as root (no user in config file)
2020-10-04 23:52:34,440 INFO Included extra file "/etc/supervisor/conf.d/cron.conf" during parsing
2020-10-04 23:52:34,440 INFO Included extra file "/etc/supervisor/conf.d/gitaly.conf" during parsing
2020-10-04 23:52:34,440 INFO Included extra file "/etc/supervisor/conf.d/gitlab-workhorse.conf" during parsing
2020-10-04 23:52:34,440 INFO Included extra file "/etc/supervisor/conf.d/groups.conf" during parsing
2020-10-04 23:52:34,440 INFO Included extra file "/etc/supervisor/conf.d/mail_room.conf" during parsing
2020-10-04 23:52:34,440 INFO Included extra file "/etc/supervisor/conf.d/nginx.conf" during parsing
2020-10-04 23:52:34,440 INFO Included extra file "/etc/supervisor/conf.d/puma.conf" during parsing
2020-10-04 23:52:34,440 INFO Included extra file "/etc/supervisor/conf.d/sidekiq.conf" during parsing
2020-10-04 23:52:34,440 INFO Included extra file "/etc/supervisor/conf.d/sshd.conf" during parsing
2020-10-04 23:52:34,462 INFO RPC interface 'supervisor' initialized
2020-10-04 23:52:34,462 CRIT Server 'unix_http_server' running without any HTTP authentication checking
2020-10-04 23:52:34,462 INFO supervisord started with pid 1
2020-10-04 23:52:35,464 INFO spawned: 'gitaly' with pid 628
2020-10-04 23:52:35,494 INFO spawned: 'puma' with pid 629
2020-10-04 23:52:35,496 INFO spawned: 'gitlab-workhorse' with pid 630
2020-10-04 23:52:35,498 INFO spawned: 'sidekiq' with pid 631
2020-10-04 23:52:35,500 INFO spawned: 'nginx' with pid 632
2020-10-04 23:52:35,501 INFO spawned: 'sshd' with pid 633
2020-10-04 23:52:35,502 INFO spawned: 'cron' with pid 634
2020-10-04 23:52:36,527 INFO success: gitaly entered RUNNING state, process has stayed up for > than 1 seconds (startsecs)
2020-10-04 23:52:36,528 INFO success: puma entered RUNNING state, process has stayed up for > than 1 seconds (startsecs)
2020-10-04 23:52:36,528 INFO success: gitlab-workhorse entered RUNNING state, process has stayed up for > than 1 seconds (startsecs)
2020-10-04 23:52:36,528 INFO success: sidekiq entered RUNNING state, process has stayed up for > than 1 seconds (startsecs)
2020-10-04 23:52:36,528 INFO success: nginx entered RUNNING state, process has stayed up for > than 1 seconds (startsecs)
2020-10-04 23:52:36,528 INFO success: sshd entered RUNNING state, process has stayed up for > than 1 seconds (startsecs)
2020-10-04 23:52:36,528 INFO success: cron entered RUNNING state, process has stayed up for > than 1 seconds (startsecs)
2020-10-04 23:54:01,665 WARN received SIGTERM indicating exit request
2020-10-04 23:54:01,731 INFO waiting for gitaly, puma, gitlab-workhorse, sidekiq, nginx, sshd, cron to die
2020-10-04 23:54:01,770 INFO stopped: cron (terminated by SIGTERM)
2020-10-04 23:54:01,771 INFO stopped: nginx (exit status 0)
2020-10-04 23:54:01,772 INFO stopped: sshd (exit status 0)
2020-10-04 23:54:01,848 INFO stopped: sidekiq (terminated by SIGTERM)
2020-10-04 23:54:01,850 INFO stopped: gitlab-workhorse (terminated by SIGTERM)
2020-10-04 23:54:02,172 INFO stopped: puma (terminated by SIGQUIT (core dumped))
2020-10-04 23:54:02,219 INFO stopped: gitaly (exit status 0)
2020-10-04 23:55:13,916 CRIT Supervisor running as root (no user in config file)
2020-10-04 23:55:13,916 INFO Included extra file "/etc/supervisor/conf.d/cron.conf" during parsing
2020-10-04 23:55:13,916 INFO Included extra file "/etc/supervisor/conf.d/gitaly.conf" during parsing
2020-10-04 23:55:13,916 INFO Included extra file "/etc/supervisor/conf.d/gitlab-workhorse.conf" during parsing
2020-10-04 23:55:13,916 INFO Included extra file "/etc/supervisor/conf.d/groups.conf" during parsing
2020-10-04 23:55:13,916 INFO Included extra file "/etc/supervisor/conf.d/mail_room.conf" during parsing
2020-10-04 23:55:13,916 INFO Included extra file "/etc/supervisor/conf.d/nginx.conf" during parsing
2020-10-04 23:55:13,916 INFO Included extra file "/etc/supervisor/conf.d/puma.conf" during parsing
2020-10-04 23:55:13,916 INFO Included extra file "/etc/supervisor/conf.d/sidekiq.conf" during parsing
2020-10-04 23:55:13,916 INFO Included extra file "/etc/supervisor/conf.d/sshd.conf" during parsing
2020-10-04 23:55:14,084 INFO RPC interface 'supervisor' initialized
2020-10-04 23:55:14,084 CRIT Server 'unix_http_server' running without any HTTP authentication checking
2020-10-04 23:55:14,085 INFO supervisord started with pid 610
2020-10-04 23:55:14,719 INFO spawned: 'gitaly' with pid 624
2020-10-04 23:55:14,721 INFO spawned: 'puma' with pid 625
2020-10-04 23:55:14,723 INFO spawned: 'gitlab-workhorse' with pid 626
2020-10-04 23:55:14,725 INFO spawned: 'sidekiq' with pid 627
2020-10-04 23:55:14,727 INFO spawned: 'nginx' with pid 628
2020-10-04 23:55:14,728 INFO spawned: 'sshd' with pid 629
2020-10-04 23:55:14,730 INFO spawned: 'cron' with pid 630
2020-10-04 23:55:14,731 WARN received SIGTERM indicating exit request
2020-10-04 23:55:14,731 INFO waiting for gitaly, puma, gitlab-workhorse, sidekiq, nginx, sshd, cron to die
2020-10-04 23:55:15,790 INFO success: gitaly entered RUNNING state, process has stayed up for > than 1 seconds (startsecs)
2020-10-04 23:55:15,790 INFO success: puma entered RUNNING state, process has stayed up for > than 1 seconds (startsecs)
2020-10-04 23:55:15,790 INFO success: gitlab-workhorse entered RUNNING state, process has stayed up for > than 1 seconds (startsecs)
2020-10-04 23:55:15,790 INFO success: sidekiq entered RUNNING state, process has stayed up for > than 1 seconds (startsecs)
2020-10-04 23:55:18,407 INFO waiting for gitaly, puma, gitlab-workhorse, sidekiq, nginx, sshd, cron to die
2020-10-04 23:55:21,668 INFO waiting for gitaly, puma, gitlab-workhorse, sidekiq, nginx, sshd, cron to die
2020-10-04 23:55:24,705 INFO waiting for gitaly, puma, gitlab-workhorse, sidekiq, nginx, sshd, cron to die
2020-10-04 23:55:25,707 WARN killing 'nginx' (628) with SIGKILL
2020-10-04 23:55:25,708 WARN killing 'sshd' (629) with SIGKILL
2020-10-04 23:55:25,708 WARN killing 'cron' (630) with SIGKILL
2020-10-04 23:55:25,708 INFO stopped: sshd (terminated by SIGKILL)
2020-10-04 23:55:25,709 INFO stopped: nginx (terminated by SIGKILL)
2020-10-04 23:55:25,709 INFO stopped: cron (terminated by SIGKILL)
2020-10-04 23:55:25,746 INFO stopped: sidekiq (terminated by SIGTERM)
2020-10-04 23:55:25,749 INFO stopped: gitlab-workhorse (terminated by SIGTERM)
2020-10-04 23:55:26,024 INFO stopped: puma (terminated by SIGQUIT (core dumped))
2020-10-04 23:55:26,055 INFO stopped: gitaly (exit status 0)
2020-10-04 23:55:26,256 CRIT Supervisor running as root (no user in config file)
2020-10-04 23:55:26,257 INFO Included extra file "/etc/supervisor/conf.d/cron.conf" during parsing
2020-10-04 23:55:26,257 INFO Included extra file "/etc/supervisor/conf.d/gitaly.conf" during parsing
2020-10-04 23:55:26,258 INFO Included extra file "/etc/supervisor/conf.d/gitlab-workhorse.conf" during parsing
2020-10-04 23:55:26,259 INFO Included extra file "/etc/supervisor/conf.d/groups.conf" during parsing
2020-10-04 23:55:26,259 INFO Included extra file "/etc/supervisor/conf.d/mail_room.conf" during parsing
2020-10-04 23:55:26,261 INFO Included extra file "/etc/supervisor/conf.d/nginx.conf" during parsing
2020-10-04 23:55:26,262 INFO Included extra file "/etc/supervisor/conf.d/puma.conf" during parsing
2020-10-04 23:55:26,262 INFO Included extra file "/etc/supervisor/conf.d/sidekiq.conf" during parsing
2020-10-04 23:55:26,263 INFO Included extra file "/etc/supervisor/conf.d/sshd.conf" during parsing
2020-10-04 23:55:26,271 INFO RPC interface 'supervisor' initialized
2020-10-04 23:55:26,271 CRIT Server 'unix_http_server' running without any HTTP authentication checking
2020-10-04 23:55:26,272 INFO supervisord started with pid 1
2020-10-04 23:55:27,274 INFO spawned: 'gitaly' with pid 664
2020-10-04 23:55:27,282 INFO spawned: 'puma' with pid 665
2020-10-04 23:55:27,284 INFO spawned: 'gitlab-workhorse' with pid 671
2020-10-04 23:55:27,286 INFO spawned: 'sidekiq' with pid 672
2020-10-04 23:55:27,288 INFO spawned: 'nginx' with pid 673
2020-10-04 23:55:27,289 INFO spawned: 'sshd' with pid 674
2020-10-04 23:55:27,291 INFO spawned: 'cron' with pid 675
2020-10-04 23:55:28,321 INFO success: gitaly entered RUNNING state, process has stayed up for > than 1 seconds (startsecs)
2020-10-04 23:55:28,321 INFO success: puma entered RUNNING state, process has stayed up for > than 1 seconds (startsecs)
2020-10-04 23:55:28,322 INFO success: gitlab-workhorse entered RUNNING state, process has stayed up for > than 1 seconds (startsecs)
2020-10-04 23:55:28,322 INFO success: sidekiq entered RUNNING state, process has stayed up for > than 1 seconds (startsecs)
2020-10-04 23:55:28,322 INFO success: nginx entered RUNNING state, process has stayed up for > than 1 seconds (startsecs)
2020-10-04 23:55:28,322 INFO success: sshd entered RUNNING state, process has stayed up for > than 1 seconds (startsecs)
2020-10-04 23:55:28,322 INFO success: cron entered RUNNING state, process has stayed up for > than 1 seconds (startsecs)
2020-10-04 23:55:29,946 INFO exited: nginx (exit status 1; not expected)
2020-10-04 23:55:30,955 INFO spawned: 'nginx' with pid 698
2020-10-04 23:55:32,055 INFO success: nginx entered RUNNING state, process has stayed up for > than 1 seconds (startsecs)
2020-10-04 23:55:33,549 INFO exited: nginx (exit status 1; not expected)
2020-10-04 23:55:34,623 INFO spawned: 'nginx' with pid 775
2020-10-04 23:55:35,638 INFO success: nginx entered RUNNING state, process has stayed up for > than 1 seconds (startsecs)
2020-10-04 23:55:37,168 INFO exited: nginx (exit status 1; not expected)
2020-10-04 23:55:38,171 INFO spawned: 'nginx' with pid 776
2020-10-04 23:55:39,186 INFO success: nginx entered RUNNING state, process has stayed up for > than 1 seconds (startsecs)
2020-10-04 23:55:40,696 INFO exited: nginx (exit status 1; not expected)
2020-10-04 23:55:41,698 INFO spawned: 'nginx' with pid 777
2020-10-04 23:55:42,751 INFO success: nginx entered RUNNING state, process has stayed up for > than 1 seconds (startsecs)
2020-10-04 23:55:44,272 INFO exited: nginx (exit status 1; not expected)
2020-10-04 23:55:45,275 INFO spawned: 'nginx' with pid 780
2020-10-04 23:55:46,316 INFO success: nginx entered RUNNING state, process has stayed up for > than 1 seconds (startsecs)
2020-10-04 23:55:47,881 INFO exited: nginx (exit status 1; not expected)
2020-10-04 23:55:48,901 INFO spawned: 'nginx' with pid 781
2020-10-04 23:55:49,937 INFO success: nginx entered RUNNING state, process has stayed up for > than 1 seconds (startsecs)
2020-10-04 23:55:51,485 INFO exited: nginx (exit status 1; not expected)
2020-10-04 23:55:52,498 INFO spawned: 'nginx' with pid 782
2020-10-04 23:55:53,568 INFO success: nginx entered RUNNING state, process has stayed up for > than 1 seconds (startsecs)
2020-10-04 23:55:55,099 INFO exited: nginx (exit status 1; not expected)
2020-10-04 23:55:56,102 INFO spawned: 'nginx' with pid 788
2020-10-04 23:55:56,421 WARN received SIGTERM indicating exit request
2020-10-04 23:55:56,421 INFO waiting for gitaly, puma, gitlab-workhorse, sidekiq, nginx, sshd, cron to die
2020-10-04 23:55:56,424 INFO stopped: sshd (exit status 0)
2020-10-04 23:55:56,424 INFO stopped: cron (terminated by SIGTERM)
2020-10-04 23:55:56,424 INFO stopped: nginx (terminated by SIGTERM)
2020-10-04 23:55:56,474 INFO stopped: sidekiq (terminated by SIGTERM)
2020-10-04 23:55:56,478 INFO stopped: gitlab-workhorse (terminated by SIGTERM)
2020-10-04 23:55:56,665 INFO stopped: puma (terminated by SIGQUIT (core dumped))
2020-10-04 23:55:56,678 INFO stopped: gitaly (exit status 0)
2020-10-04 23:57:16,062 CRIT Supervisor running as root (no user in config file)
2020-10-04 23:57:16,063 INFO Included extra file "/etc/supervisor/conf.d/cron.conf" during parsing
2020-10-04 23:57:16,063 INFO Included extra file "/etc/supervisor/conf.d/gitaly.conf" during parsing
2020-10-04 23:57:16,063 INFO Included extra file "/etc/supervisor/conf.d/gitlab-workhorse.conf" during parsing
2020-10-04 23:57:16,063 INFO Included extra file "/etc/supervisor/conf.d/groups.conf" during parsing
2020-10-04 23:57:16,063 INFO Included extra file "/etc/supervisor/conf.d/mail_room.conf" during parsing
2020-10-04 23:57:16,063 INFO Included extra file "/etc/supervisor/conf.d/nginx.conf" during parsing
2020-10-04 23:57:16,063 INFO Included extra file "/etc/supervisor/conf.d/puma.conf" during parsing
2020-10-04 23:57:16,063 INFO Included extra file "/etc/supervisor/conf.d/sidekiq.conf" during parsing
2020-10-04 23:57:16,063 INFO Included extra file "/etc/supervisor/conf.d/sshd.conf" during parsing
2020-10-04 23:57:16,093 INFO RPC interface 'supervisor' initialized
2020-10-04 23:57:16,094 CRIT Server 'unix_http_server' running without any HTTP authentication checking
2020-10-04 23:57:16,094 INFO supervisord started with pid 1
2020-10-04 23:57:17,124 INFO spawned: 'gitaly' with pid 614
2020-10-04 23:57:17,126 INFO spawned: 'puma' with pid 615
2020-10-04 23:57:17,128 INFO spawned: 'gitlab-workhorse' with pid 616
2020-10-04 23:57:17,130 INFO spawned: 'sidekiq' with pid 617
2020-10-04 23:57:17,131 INFO spawned: 'nginx' with pid 625
2020-10-04 23:57:17,133 INFO spawned: 'sshd' with pid 628
2020-10-04 23:57:17,134 INFO spawned: 'cron' with pid 629
2020-10-04 23:57:18,135 INFO success: gitaly entered RUNNING state, process has stayed up for > than 1 seconds (startsecs)
2020-10-04 23:57:18,135 INFO success: puma entered RUNNING state, process has stayed up for > than 1 seconds (startsecs)
2020-10-04 23:57:18,135 INFO success: gitlab-workhorse entered RUNNING state, process has stayed up for > than 1 seconds (startsecs)
2020-10-04 23:57:18,135 INFO success: sidekiq entered RUNNING state, process has stayed up for > than 1 seconds (startsecs)
2020-10-04 23:57:18,135 INFO success: nginx entered RUNNING state, process has stayed up for > than 1 seconds (startsecs)
2020-10-04 23:57:18,135 INFO success: sshd entered RUNNING state, process has stayed up for > than 1 seconds (startsecs)
2020-10-04 23:57:18,135 INFO success: cron entered RUNNING state, process has stayed up for > than 1 seconds (startsecs)
2020-10-04 23:57:20,222 WARN received SIGTERM indicating exit request
2020-10-04 23:57:20,223 INFO waiting for gitaly, puma, gitlab-workhorse, sidekiq, nginx, sshd, cron to die
2020-10-04 23:57:20,224 INFO stopped: sshd (exit status 0)
2020-10-04 23:57:20,224 INFO stopped: cron (terminated by SIGTERM)
2020-10-04 23:57:20,228 INFO stopped: nginx (exit status 0)
2020-10-04 23:57:20,236 INFO stopped: sidekiq (terminated by SIGTERM)
2020-10-04 23:57:20,264 INFO stopped: gitlab-workhorse (terminated by SIGTERM)
2020-10-04 23:57:20,517 INFO stopped: puma (terminated by SIGQUIT (core dumped))
2020-10-04 23:57:20,550 INFO stopped: gitaly (exit status 0)
2020-10-04 23:59:35,335 CRIT Supervisor running as root (no user in config file)
2020-10-04 23:59:35,335 INFO Included extra file "/etc/supervisor/conf.d/cron.conf" during parsing
2020-10-04 23:59:35,335 INFO Included extra file "/etc/supervisor/conf.d/gitaly.conf" during parsing
2020-10-04 23:59:35,335 INFO Included extra file "/etc/supervisor/conf.d/gitlab-workhorse.conf" during parsing
2020-10-04 23:59:35,335 INFO Included extra file "/etc/supervisor/conf.d/groups.conf" during parsing
2020-10-04 23:59:35,335 INFO Included extra file "/etc/supervisor/conf.d/mail_room.conf" during parsing
2020-10-04 23:59:35,335 INFO Included extra file "/etc/supervisor/conf.d/nginx.conf" during parsing
2020-10-04 23:59:35,335 INFO Included extra file "/etc/supervisor/conf.d/puma.conf" during parsing
2020-10-04 23:59:35,335 INFO Included extra file "/etc/supervisor/conf.d/sidekiq.conf" during parsing
2020-10-04 23:59:35,335 INFO Included extra file "/etc/supervisor/conf.d/sshd.conf" during parsing
2020-10-04 23:59:35,343 INFO RPC interface 'supervisor' initialized
2020-10-04 23:59:35,343 CRIT Server 'unix_http_server' running without any HTTP authentication checking
2020-10-04 23:59:35,343 INFO supervisord started with pid 1
2020-10-04 23:59:36,368 INFO spawned: 'gitaly' with pid 614
2020-10-04 23:59:36,370 INFO spawned: 'puma' with pid 615
2020-10-04 23:59:36,372 INFO spawned: 'gitlab-workhorse' with pid 616
2020-10-04 23:59:36,373 INFO spawned: 'sidekiq' with pid 617
2020-10-04 23:59:36,375 INFO spawned: 'nginx' with pid 623
2020-10-04 23:59:36,376 INFO spawned: 'sshd' with pid 625
2020-10-04 23:59:36,378 INFO spawned: 'cron' with pid 626
2020-10-04 23:59:37,507 INFO success: gitaly entered RUNNING state, process has stayed up for > than 1 seconds (startsecs)
2020-10-04 23:59:37,508 INFO success: puma entered RUNNING state, process has stayed up for > than 1 seconds (startsecs)
2020-10-04 23:59:37,509 INFO success: gitlab-workhorse entered RUNNING state, process has stayed up for > than 1 seconds (startsecs)
2020-10-04 23:59:37,510 INFO success: sidekiq entered RUNNING state, process has stayed up for > than 1 seconds (startsecs)
2020-10-04 23:59:37,510 INFO success: nginx entered RUNNING state, process has stayed up for > than 1 seconds (startsecs)
2020-10-04 23:59:37,511 INFO success: sshd entered RUNNING state, process has stayed up for > than 1 seconds (startsecs)
2020-10-04 23:59:37,512 INFO success: cron entered RUNNING state, process has stayed up for > than 1 seconds (startsecs)
2020-10-04 23:59:37,776 WARN received SIGTERM indicating exit request
2020-10-04 23:59:37,777 INFO waiting for gitaly, puma, gitlab-workhorse, sidekiq, nginx, sshd, cron to die
2020-10-04 23:59:37,778 INFO stopped: sshd (exit status 0)
2020-10-04 23:59:37,778 INFO stopped: cron (terminated by SIGTERM)
2020-10-04 23:59:37,813 INFO stopped: nginx (exit status 0)
2020-10-04 23:59:37,819 INFO stopped: sidekiq (terminated by SIGTERM)
2020-10-04 23:59:37,821 INFO stopped: gitlab-workhorse (terminated by SIGTERM)
2020-10-04 23:59:38,062 INFO stopped: puma (terminated by SIGQUIT (core dumped))
2020-10-04 23:59:38,066 INFO stopped: gitaly (exit status 0)
2020-10-05 00:03:48,741 CRIT Supervisor running as root (no user in config file)
2020-10-05 00:03:48,757 INFO Included extra file "/etc/supervisor/conf.d/cron.conf" during parsing
2020-10-05 00:03:48,757 INFO Included extra file "/etc/supervisor/conf.d/gitaly.conf" during parsing
2020-10-05 00:03:48,757 INFO Included extra file "/etc/supervisor/conf.d/gitlab-workhorse.conf" during parsing
2020-10-05 00:03:48,757 INFO Included extra file "/etc/supervisor/conf.d/groups.conf" during parsing
2020-10-05 00:03:48,757 INFO Included extra file "/etc/supervisor/conf.d/mail_room.conf" during parsing
2020-10-05 00:03:48,757 INFO Included extra file "/etc/supervisor/conf.d/nginx.conf" during parsing
2020-10-05 00:03:48,757 INFO Included extra file "/etc/supervisor/conf.d/puma.conf" during parsing
2020-10-05 00:03:48,757 INFO Included extra file "/etc/supervisor/conf.d/sidekiq.conf" during parsing
2020-10-05 00:03:48,758 INFO Included extra file "/etc/supervisor/conf.d/sshd.conf" during parsing
2020-10-05 00:03:48,826 INFO RPC interface 'supervisor' initialized
2020-10-05 00:03:48,826 CRIT Server 'unix_http_server' running without any HTTP authentication checking
2020-10-05 00:03:48,826 INFO supervisord started with pid 615
2020-10-05 00:03:49,324 INFO spawned: 'gitaly' with pid 629
2020-10-05 00:03:49,326 INFO spawned: 'puma' with pid 630
2020-10-05 00:03:49,328 INFO spawned: 'gitlab-workhorse' with pid 631
2020-10-05 00:03:49,329 INFO spawned: 'sidekiq' with pid 632
2020-10-05 00:03:49,353 INFO spawned: 'nginx' with pid 633
2020-10-05 00:03:49,358 INFO spawned: 'sshd' with pid 634
2020-10-05 00:03:49,366 INFO spawned: 'cron' with pid 635
2020-10-05 00:03:49,368 WARN received SIGTERM indicating exit request
2020-10-05 00:03:49,369 INFO waiting for gitaly, puma, gitlab-workhorse, sidekiq, nginx, sshd, cron to die
2020-10-05 00:03:49,370 INFO stopped: nginx (terminated by SIGTERM)
2020-10-05 00:03:49,370 INFO stopped: sshd (terminated by SIGTERM)
2020-10-05 00:03:50,416 INFO success: gitaly entered RUNNING state, process has stayed up for > than 1 seconds (startsecs)
2020-10-05 00:03:50,417 INFO success: puma entered RUNNING state, process has stayed up for > than 1 seconds (startsecs)
2020-10-05 00:03:50,418 INFO success: gitlab-workhorse entered RUNNING state, process has stayed up for > than 1 seconds (startsecs)
2020-10-05 00:03:50,419 INFO success: sidekiq entered RUNNING state, process has stayed up for > than 1 seconds (startsecs)
2020-10-05 00:03:52,512 INFO waiting for gitaly, puma, gitlab-workhorse, sidekiq, cron to die
2020-10-05 00:03:55,528 INFO waiting for gitaly, puma, gitlab-workhorse, sidekiq, cron to die
2020-10-05 00:03:58,552 INFO waiting for gitaly, puma, gitlab-workhorse, sidekiq, cron to die
2020-10-05 00:03:59,562 WARN killing 'cron' (635) with SIGKILL
2020-10-05 00:03:59,562 INFO stopped: cron (terminated by SIGKILL)
2020-10-05 00:03:59,570 INFO stopped: sidekiq (terminated by SIGTERM)
2020-10-05 00:03:59,571 INFO stopped: gitlab-workhorse (terminated by SIGTERM)
2020-10-05 00:03:59,801 INFO stopped: puma (terminated by SIGQUIT (core dumped))
2020-10-05 00:03:59,811 INFO stopped: gitaly (exit status 0)
2020-10-05 00:04:00,030 CRIT Supervisor running as root (no user in config file)
2020-10-05 00:04:00,030 INFO Included extra file "/etc/supervisor/conf.d/cron.conf" during parsing
2020-10-05 00:04:00,030 INFO Included extra file "/etc/supervisor/conf.d/gitaly.conf" during parsing
2020-10-05 00:04:00,030 INFO Included extra file "/etc/supervisor/conf.d/gitlab-workhorse.conf" during parsing
2020-10-05 00:04:00,030 INFO Included extra file "/etc/supervisor/conf.d/groups.conf" during parsing
2020-10-05 00:04:00,030 INFO Included extra file "/etc/supervisor/conf.d/mail_room.conf" during parsing
2020-10-05 00:04:00,030 INFO Included extra file "/etc/supervisor/conf.d/nginx.conf" during parsing
2020-10-05 00:04:00,030 INFO Included extra file "/etc/supervisor/conf.d/puma.conf" during parsing
2020-10-05 00:04:00,030 INFO Included extra file "/etc/supervisor/conf.d/sidekiq.conf" during parsing
2020-10-05 00:04:00,030 INFO Included extra file "/etc/supervisor/conf.d/sshd.conf" during parsing
2020-10-05 00:04:00,039 INFO RPC interface 'supervisor' initialized
2020-10-05 00:04:00,039 CRIT Server 'unix_http_server' running without any HTTP authentication checking
2020-10-05 00:04:00,039 INFO supervisord started with pid 1
2020-10-05 00:04:01,049 INFO spawned: 'gitaly' with pid 742
2020-10-05 00:04:01,052 INFO spawned: 'puma' with pid 743
2020-10-05 00:04:01,054 INFO spawned: 'gitlab-workhorse' with pid 744
2020-10-05 00:04:01,057 INFO spawned: 'sidekiq' with pid 749
2020-10-05 00:04:01,059 INFO spawned: 'nginx' with pid 751
2020-10-05 00:04:01,062 INFO spawned: 'sshd' with pid 752
2020-10-05 00:04:01,064 INFO spawned: 'cron' with pid 754
2020-10-05 00:04:02,048 INFO success: gitaly entered RUNNING state, process has stayed up for > than 1 seconds (startsecs)
2020-10-05 00:04:02,072 INFO success: puma entered RUNNING state, process has stayed up for > than 1 seconds (startsecs)
2020-10-05 00:04:02,073 INFO success: gitlab-workhorse entered RUNNING state, process has stayed up for > than 1 seconds (startsecs)
2020-10-05 00:04:02,074 INFO success: sidekiq entered RUNNING state, process has stayed up for > than 1 seconds (startsecs)
2020-10-05 00:04:02,074 INFO success: nginx entered RUNNING state, process has stayed up for > than 1 seconds (startsecs)
2020-10-05 00:04:02,075 INFO success: sshd entered RUNNING state, process has stayed up for > than 1 seconds (startsecs)
2020-10-05 00:04:02,077 INFO success: cron entered RUNNING state, process has stayed up for > than 1 seconds (startsecs)
2020-10-05 00:04:56,254 WARN received SIGTERM indicating exit request
2020-10-05 00:04:56,303 INFO waiting for gitaly, puma, gitlab-workhorse, sidekiq, nginx, sshd, cron to die
2020-10-05 00:04:56,304 INFO stopped: cron (terminated by SIGTERM)
2020-10-05 00:04:56,345 INFO stopped: sshd (exit status 0)
2020-10-05 00:04:56,616 INFO stopped: nginx (exit status 0)
2020-10-05 00:04:56,718 INFO stopped: sidekiq (terminated by SIGTERM)
2020-10-05 00:04:56,720 INFO stopped: gitlab-workhorse (terminated by SIGTERM)
2020-10-05 00:04:57,349 INFO stopped: puma (terminated by SIGQUIT (core dumped))
2020-10-05 00:04:57,671 INFO stopped: gitaly (exit status 0)
